[ 2014-12-11T14:44:03+08:00 ] 127.0.0.1 /91market/
INFO: [ app_init ] --START--
INFO: Run Behavior\BuildLiteBehavior [ RunTime:0.000047s ]
INFO: [ app_init ] --END-- [ RunTime:0.008179s ]
NOTIC: [8] Use of undefined constant ture - assumed 'ture' D:\wamp\www\91market\Application\Common\Conf\db.php 第 12 行.
INFO: [ app_begin ] --START--
INFO: Run Behavior\ReadHtmlCacheBehavior [ RunTime:0.006687s ]
INFO: [ app_begin ] --END-- [ RunTime:0.006869s ]

[ 2014-12-11T14:44:25+08:00 ] 127.0.0.1 /91market/
INFO: [ app_init ] --START--
INFO: Run Behavior\BuildLiteBehavior [ RunTime:0.000032s ]
INFO: [ app_init ] --END-- [ RunTime:0.001029s ]
NOTIC: [8] Use of undefined constant ture - assumed 'ture' D:\wamp\www\91market\Application\Common\Conf\db.php 第 12 行.
INFO: [ app_begin ] --START--
INFO: Run Behavior\ReadHtmlCacheBehavior [ RunTime:0.001562s ]
INFO: [ app_begin ] --END-- [ RunTime:0.001731s ]
NOTIC: [8] Undefined variable: i D:\wamp\www\91market\Application\Home\Tool\Show.class.php 第 10 行.
INFO: [ app_end ] --START--
INFO: Run Behavior\ShowPageTraceBehavior [ RunTime:0.013117s ]
INFO: [ app_end ] --END-- [ RunTime:0.013302s ]

[ 2014-12-11T16:36:32+08:00 ] 127.0.0.1 /91market/admin%E3%80%82html
INFO: [ app_init ] --START--
INFO: Run Behavior\BuildLiteBehavior [ RunTime:0.000051s ]
INFO: [ app_init ] --END-- [ RunTime:0.000699s ]
NOTIC: [8] Use of undefined constant ture - assumed 'ture' D:\wamp\www\91market\Application\Common\Conf\db.php 第 12 行.
INFO: [ app_begin ] --START--
INFO: Run Behavior\ReadHtmlCacheBehavior [ RunTime:0.001220s ]
INFO: [ app_begin ] --END-- [ RunTime:0.001381s ]
ERR: 无法加载控制器:Admin。html

[ 2014-12-11T16:36:37+08:00 ] 127.0.0.1 /91market/admin%E3%80%82html
INFO: [ app_init ] --START--
INFO: Run Behavior\BuildLiteBehavior [ RunTime:0.000034s ]
INFO: [ app_init ] --END-- [ RunTime:0.000645s ]
NOTIC: [8] Use of undefined constant ture - assumed 'ture' D:\wamp\www\91market\Application\Common\Conf\db.php 第 12 行.
INFO: [ app_begin ] --START--
INFO: Run Behavior\ReadHtmlCacheBehavior [ RunTime:0.000916s ]
INFO: [ app_begin ] --END-- [ RunTime:0.001069s ]
ERR: 无法加载控制器:Admin。html

[ 2014-12-11T17:34:50+08:00 ] 127.0.0.1 /91market/GROUP_NAME/Index/nav
INFO: [ app_init ] --START--
INFO: Run Behavior\BuildLiteBehavior [ RunTime:0.000033s ]
INFO: [ app_init ] --END-- [ RunTime:0.000624s ]
NOTIC: [8] Use of undefined constant ture - assumed 'ture' D:\wamp\www\91market\Application\Common\Conf\db.php 第 12 行.
INFO: [ app_begin ] --START--
INFO: Run Behavior\ReadHtmlCacheBehavior [ RunTime:0.000989s ]
INFO: [ app_begin ] --END-- [ RunTime:0.001150s ]
ERR: 无法加载控制器:GROUP_NAME

[ 2014-12-11T17:34:50+08:00 ] 127.0.0.1 /91market/GROUP_NAME/Index/main
INFO: [ app_init ] --START--
INFO: Run Behavior\BuildLiteBehavior [ RunTime:0.000085s ]
INFO: [ app_init ] --END-- [ RunTime:0.000720s ]
NOTIC: [8] Use of undefined constant ture - assumed 'ture' D:\wamp\www\91market\Application\Common\Conf\db.php 第 12 行.
INFO: [ app_begin ] --START--
INFO: Run Behavior\ReadHtmlCacheBehavior [ RunTime:0.000924s ]
INFO: [ app_begin ] --END-- [ RunTime:0.001102s ]
ERR: 无法加载控制器:GROUP_NAME

[ 2014-12-11T17:38:02+08:00 ] 127.0.0.1 /91market/GROUP_NAME/Login/index
INFO: [ app_init ] --START--
INFO: Run Behavior\BuildLiteBehavior [ RunTime:0.000044s ]
INFO: [ app_init ] --END-- [ RunTime:0.000828s ]
NOTIC: [8] Use of undefined constant ture - assumed 'ture' D:\wamp\www\91market\Application\Common\Conf\db.php 第 12 行.
INFO: [ app_begin ] --START--
INFO: Run Behavior\ReadHtmlCacheBehavior [ RunTime:0.000943s ]
INFO: [ app_begin ] --END-- [ RunTime:0.001126s ]
ERR: 无法加载控制器:GROUP_NAME

[ 2014-12-11T17:38:12+08:00 ] 127.0.0.1 /91market/GROUP_NAME/Login/index
INFO: [ app_init ] --START--
INFO: Run Behavior\BuildLiteBehavior [ RunTime:0.000035s ]
INFO: [ app_init ] --END-- [ RunTime:0.000667s ]
NOTIC: [8] Use of undefined constant ture - assumed 'ture' D:\wamp\www\91market\Application\Common\Conf\db.php 第 12 行.
INFO: [ app_begin ] --START--
INFO: Run Behavior\ReadHtmlCacheBehavior [ RunTime:0.001303s ]
INFO: [ app_begin ] --END-- [ RunTime:0.002524s ]
ERR: 无法加载控制器:GROUP_NAME

[ 2014-12-11T17:38:24+08:00 ] 127.0.0.1 /91market/GROUP_NAME/Login/index
INFO: [ app_init ] --START--
INFO: Run Behavior\BuildLiteBehavior [ RunTime:0.000034s ]
INFO: [ app_init ] --END-- [ RunTime:0.000656s ]
NOTIC: [8] Use of undefined constant ture - assumed 'ture' D:\wamp\www\91market\Application\Common\Conf\db.php 第 12 行.
INFO: [ app_begin ] --START--
INFO: Run Behavior\ReadHtmlCacheBehavior [ RunTime:0.004552s ]
INFO: [ app_begin ] --END-- [ RunTime:0.004841s ]
ERR: 无法加载控制器:GROUP_NAME

[ 2014-12-11T17:38:25+08:00 ] 127.0.0.1 /91market/GROUP_NAME/Login/index
INFO: [ app_init ] --START--
INFO: Run Behavior\BuildLiteBehavior [ RunTime:0.000041s ]
INFO: [ app_init ] --END-- [ RunTime:0.000711s ]
NOTIC: [8] Use of undefined constant ture - assumed 'ture' D:\wamp\www\91market\Application\Common\Conf\db.php 第 12 行.
INFO: [ app_begin ] --START--
INFO: Run Behavior\ReadHtmlCacheBehavior [ RunTime:0.001142s ]
INFO: [ app_begin ] --END-- [ RunTime:0.001319s ]
ERR: 无法加载控制器:GROUP_NAME

[ 2014-12-11T17:38:25+08:00 ] 127.0.0.1 /91market/GROUP_NAME/Login/index
INFO: [ app_init ] --START--
INFO: Run Behavior\BuildLiteBehavior [ RunTime:0.000034s ]
INFO: [ app_init ] --END-- [ RunTime:0.000632s ]
NOTIC: [8] Use of undefined constant ture - assumed 'ture' D:\wamp\www\91market\Application\Common\Conf\db.php 第 12 行.
INFO: [ app_begin ] --START--
INFO: Run Behavior\ReadHtmlCacheBehavior [ RunTime:0.001202s ]
INFO: [ app_begin ] --END-- [ RunTime:0.001448s ]
ERR: 无法加载控制器:GROUP_NAME

[ 2014-12-11T17:38:25+08:00 ] 127.0.0.1 /91market/GROUP_NAME/Login/index
INFO: [ app_init ] --START--
INFO: Run Behavior\BuildLiteBehavior [ RunTime:0.000034s ]
INFO: [ app_init ] --END-- [ RunTime:0.000629s ]
NOTIC: [8] Use of undefined constant ture - assumed 'ture' D:\wamp\www\91market\Application\Common\Conf\db.php 第 12 行.
INFO: [ app_begin ] --START--
INFO: Run Behavior\ReadHtmlCacheBehavior [ RunTime:0.001532s ]
INFO: [ app_begin ] --END-- [ RunTime:0.001715s ]
ERR: 无法加载控制器:GROUP_NAME

[ 2014-12-11T17:38:26+08:00 ] 127.0.0.1 /91market/GROUP_NAME/Login/index
INFO: [ app_init ] --START--
INFO: Run Behavior\BuildLiteBehavior [ RunTime:0.000033s ]
INFO: [ app_init ] --END-- [ RunTime:0.000631s ]
NOTIC: [8] Use of undefined constant ture - assumed 'ture' D:\wamp\www\91market\Application\Common\Conf\db.php 第 12 行.
INFO: [ app_begin ] --START--
INFO: Run Behavior\ReadHtmlCacheBehavior [ RunTime:0.000953s ]
INFO: [ app_begin ] --END-- [ RunTime:0.001083s ]
ERR: 无法加载控制器:GROUP_NAME

[ 2014-12-11T17:39:01+08:00 ] 127.0.0.1 /91market/GROUP_NAME/Index/nav
INFO: [ app_init ] --START--
INFO: Run Behavior\BuildLiteBehavior [ RunTime:0.000041s ]
INFO: [ app_init ] --END-- [ RunTime:0.001436s ]
NOTIC: [8] Use of undefined constant ture - assumed 'ture' D:\wamp\www\91market\Application\Common\Conf\db.php 第 12 行.
INFO: [ app_begin ] --START--
INFO: Run Behavior\ReadHtmlCacheBehavior [ RunTime:0.001187s ]
INFO: [ app_begin ] --END-- [ RunTime:0.001387s ]
ERR: 无法加载控制器:GROUP_NAME

[ 2014-12-11T17:39:02+08:00 ] 127.0.0.1 /91market/GROUP_NAME/Index/main
INFO: [ app_init ] --START--
INFO: Run Behavior\BuildLiteBehavior [ RunTime:0.000035s ]
INFO: [ app_init ] --END-- [ RunTime:0.000771s ]
NOTIC: [8] Use of undefined constant ture - assumed 'ture' D:\wamp\www\91market\Application\Common\Conf\db.php 第 12 行.
INFO: [ app_begin ] --START--
INFO: Run Behavior\ReadHtmlCacheBehavior [ RunTime:0.001286s ]
INFO: [ app_begin ] --END-- [ RunTime:0.001625s ]
ERR: 无法加载控制器:GROUP_NAME

[ 2014-12-11T17:39:11+08:00 ] 127.0.0.1 /91market/GROUP_NAME/Index/nav
INFO: [ app_init ] --START--
INFO: Run Behavior\BuildLiteBehavior [ RunTime:0.000036s ]
INFO: [ app_init ] --END-- [ RunTime:0.001202s ]
NOTIC: [8] Use of undefined constant ture - assumed 'ture' D:\wamp\www\91market\Application\Common\Conf\db.php 第 12 行.
INFO: [ app_begin ] --START--
INFO: Run Behavior\ReadHtmlCacheBehavior [ RunTime:0.007032s ]
INFO: [ app_begin ] --END-- [ RunTime:0.009824s ]
ERR: 无法加载控制器:GROUP_NAME

[ 2014-12-11T17:39:11+08:00 ] 127.0.0.1 /91market/GROUP_NAME/Index/main
INFO: [ app_init ] --START--
INFO: Run Behavior\BuildLiteBehavior [ RunTime:0.000036s ]
INFO: [ app_init ] --END-- [ RunTime:0.000768s ]
NOTIC: [8] Use of undefined constant ture - assumed 'ture' D:\wamp\www\91market\Application\Common\Conf\db.php 第 12 行.
INFO: [ app_begin ] --START--
INFO: Run Behavior\ReadHtmlCacheBehavior [ RunTime:0.001070s ]
INFO: [ app_begin ] --END-- [ RunTime:0.001313s ]
ERR: 无法加载控制器:GROUP_NAME

[ 2014-12-11T17:40:02+08:00 ] 127.0.0.1 /91market/GROUP_NAME/Index/nav
INFO: [ app_init ] --START--
INFO: Run Behavior\BuildLiteBehavior [ RunTime:0.000203s ]
INFO: [ app_init ] --END-- [ RunTime:0.000823s ]
NOTIC: [8] Use of undefined constant ture - assumed 'ture' D:\wamp\www\91market\Application\Common\Conf\db.php 第 12 行.
INFO: [ app_begin ] --START--
INFO: Run Behavior\ReadHtmlCacheBehavior [ RunTime:0.000842s ]
INFO: [ app_begin ] --END-- [ RunTime:0.000998s ]
ERR: 无法加载控制器:GROUP_NAME

[ 2014-12-11T17:40:02+08:00 ] 127.0.0.1 /91market/GROUP_NAME/Index/main
INFO: [ app_init ] --START--
INFO: Run Behavior\BuildLiteBehavior [ RunTime:0.000035s ]
INFO: [ app_init ] --END-- [ RunTime:0.000608s ]
NOTIC: [8] Use of undefined constant ture - assumed 'ture' D:\wamp\www\91market\Application\Common\Conf\db.php 第 12 行.
INFO: [ app_begin ] --START--
INFO: Run Behavior\ReadHtmlCacheBehavior [ RunTime:0.000886s ]
INFO: [ app_begin ] --END-- [ RunTime:0.001060s ]
ERR: 无法加载控制器:GROUP_NAME

[ 2014-12-11T17:43:47+08:00 ] 127.0.0.1 /91market/GROUP_NAME/Index/nav
INFO: [ app_init ] --START--
INFO: Run Behavior\BuildLiteBehavior [ RunTime:0.000031s ]
INFO: [ app_init ] --END-- [ RunTime:0.000584s ]
NOTIC: [8] Use of undefined constant ture - assumed 'ture' D:\wamp\www\91market\Application\Common\Conf\db.php 第 12 行.
INFO: [ app_begin ] --START--
INFO: Run Behavior\ReadHtmlCacheBehavior [ RunTime:0.000847s ]
INFO: [ app_begin ] --END-- [ RunTime:0.000992s ]
ERR: 无法加载控制器:GROUP_NAME

[ 2014-12-11T17:43:48+08:00 ] 127.0.0.1 /91market/GROUP_NAME/Index/main
INFO: [ app_init ] --START--
INFO: Run Behavior\BuildLiteBehavior [ RunTime:0.000063s ]
INFO: [ app_init ] --END-- [ RunTime:0.000723s ]
NOTIC: [8] Use of undefined constant ture - assumed 'ture' D:\wamp\www\91market\Application\Common\Conf\db.php 第 12 行.
INFO: [ app_begin ] --START--
INFO: Run Behavior\ReadHtmlCacheBehavior [ RunTime:0.001201s ]
INFO: [ app_begin ] --END-- [ RunTime:0.001412s ]
ERR: 无法加载控制器:GROUP_NAME

[ 2014-12-11T17:43:52+08:00 ] 127.0.0.1 /91market/GROUP_NAME/Index/main
INFO: [ app_init ] --START--
INFO: Run Behavior\BuildLiteBehavior [ RunTime:0.000037s ]
INFO: [ app_init ] --END-- [ RunTime:0.000612s ]
NOTIC: [8] Use of undefined constant ture - assumed 'ture' D:\wamp\www\91market\Application\Common\Conf\db.php 第 12 行.
INFO: [ app_begin ] --START--
INFO: Run Behavior\ReadHtmlCacheBehavior [ RunTime:0.000863s ]
INFO: [ app_begin ] --END-- [ RunTime:0.001028s ]
ERR: 无法加载控制器:GROUP_NAME

[ 2014-12-11T17:43:52+08:00 ] 127.0.0.1 /91market/GROUP_NAME/Index/nav
INFO: [ app_init ] --START--
INFO: Run Behavior\BuildLiteBehavior [ RunTime:0.000040s ]
INFO: [ app_init ] --END-- [ RunTime:0.001352s ]
NOTIC: [8] Use of undefined constant ture - assumed 'ture' D:\wamp\www\91market\Application\Common\Conf\db.php 第 12 行.
INFO: [ app_begin ] --START--
INFO: Run Behavior\ReadHtmlCacheBehavior [ RunTime:0.002743s ]
INFO: [ app_begin ] --END-- [ RunTime:0.003008s ]
ERR: 无法加载控制器:GROUP_NAME

[ 2014-12-11T17:44:01+08:00 ] 127.0.0.1 /91market/GROUP_NAME/Index/nav
INFO: [ app_init ] --START--
INFO: Run Behavior\BuildLiteBehavior [ RunTime:0.000035s ]
INFO: [ app_init ] --END-- [ RunTime:0.000638s ]
NOTIC: [8] Use of undefined constant ture - assumed 'ture' D:\wamp\www\91market\Application\Common\Conf\db.php 第 12 行.
INFO: [ app_begin ] --START--
INFO: Run Behavior\ReadHtmlCacheBehavior [ RunTime:0.001404s ]
INFO: [ app_begin ] --END-- [ RunTime:0.001641s ]
ERR: 无法加载控制器:GROUP_NAME

[ 2014-12-11T17:44:01+08:00 ] 127.0.0.1 /91market/GROUP_NAME/Index/main
INFO: [ app_init ] --START--
INFO: Run Behavior\BuildLiteBehavior [ RunTime:0.000052s ]
INFO: [ app_init ] --END-- [ RunTime:0.000596s ]
NOTIC: [8] Use of undefined constant ture - assumed 'ture' D:\wamp\www\91market\Application\Common\Conf\db.php 第 12 行.
INFO: [ app_begin ] --START--
INFO: Run Behavior\ReadHtmlCacheBehavior [ RunTime:0.000851s ]
INFO: [ app_begin ] --END-- [ RunTime:0.001057s ]
ERR: 无法加载控制器:GROUP_NAME

[ 2014-12-11T17:44:08+08:00 ] 127.0.0.1 /91market/
INFO: [ app_init ] --START--
INFO: Run Behavior\BuildLiteBehavior [ RunTime:0.000034s ]
INFO: [ app_init ] --END-- [ RunTime:0.000621s ]
NOTIC: [8] Use of undefined constant ture - assumed 'ture' D:\wamp\www\91market\Application\Common\Conf\db.php 第 12 行.
INFO: [ app_begin ] --START--
INFO: Run Behavior\ReadHtmlCacheBehavior [ RunTime:0.000772s ]
INFO: [ app_begin ] --END-- [ RunTime:0.000920s ]
NOTIC: [8] Undefined variable: i D:\wamp\www\91market\Application\Home\Tool\Show.class.php 第 10 行.
INFO: [ app_end ] --START--
INFO: Run Behavior\ShowPageTraceBehavior [ RunTime:0.003515s ]
INFO: [ app_end ] --END-- [ RunTime:0.003707s ]

[ 2014-12-11T17:44:11+08:00 ] 127.0.0.1 /91market/GROUP_NAME/Index/nav
INFO: [ app_init ] --START--
INFO: Run Behavior\BuildLiteBehavior [ RunTime:0.000095s ]
INFO: [ app_init ] --END-- [ RunTime:0.000649s ]
NOTIC: [8] Use of undefined constant ture - assumed 'ture' D:\wamp\www\91market\Application\Common\Conf\db.php 第 12 行.
INFO: [ app_begin ] --START--
INFO: Run Behavior\ReadHtmlCacheBehavior [ RunTime:0.007051s ]
INFO: [ app_begin ] --END-- [ RunTime:0.007264s ]
ERR: 无法加载控制器:GROUP_NAME

[ 2014-12-11T17:44:11+08:00 ] 127.0.0.1 /91market/GROUP_NAME/Index/main
INFO: [ app_init ] --START--
INFO: Run Behavior\BuildLiteBehavior [ RunTime:0.000042s ]
INFO: [ app_init ] --END-- [ RunTime:0.001419s ]
NOTIC: [8] Use of undefined constant ture - assumed 'ture' D:\wamp\www\91market\Application\Common\Conf\db.php 第 12 行.
INFO: [ app_begin ] --START--
INFO: Run Behavior\ReadHtmlCacheBehavior [ RunTime:0.001108s ]
INFO: [ app_begin ] --END-- [ RunTime:0.001615s ]
ERR: 无法加载控制器:GROUP_NAME

[ 2014-12-11T17:44:48+08:00 ] 127.0.0.1 /91market/GROUP_NAME/Index/nav
INFO: [ app_init ] --START--
INFO: Run Behavior\BuildLiteBehavior [ RunTime:0.000035s ]
INFO: [ app_init ] --END-- [ RunTime:0.000670s ]
NOTIC: [8] Use of undefined constant ture - assumed 'ture' D:\wamp\www\91market\Application\Common\Conf\db.php 第 12 行.
INFO: [ app_begin ] --START--
INFO: Run Behavior\ReadHtmlCacheBehavior [ RunTime:0.000914s ]
INFO: [ app_begin ] --END-- [ RunTime:0.001065s ]
ERR: 无法加载控制器:GROUP_NAME

[ 2014-12-11T17:44:48+08:00 ] 127.0.0.1 /91market/GROUP_NAME/Index/main
INFO: [ app_init ] --START--
INFO: Run Behavior\BuildLiteBehavior [ RunTime:0.000034s ]
INFO: [ app_init ] --END-- [ RunTime:0.000612s ]
NOTIC: [8] Use of undefined constant ture - assumed 'ture' D:\wamp\www\91market\Application\Common\Conf\db.php 第 12 行.
INFO: [ app_begin ] --START--
INFO: Run Behavior\ReadHtmlCacheBehavior [ RunTime:0.001867s ]
INFO: [ app_begin ] --END-- [ RunTime:0.002083s ]
ERR: 无法加载控制器:GROUP_NAME

[ 2014-12-11T17:45:17+08:00 ] 127.0.0.1 /91market/GROUP_NAME/Index/nav
INFO: [ app_init ] --START--
INFO: Run Behavior\BuildLiteBehavior [ RunTime:0.000042s ]
INFO: [ app_init ] --END-- [ RunTime:0.001054s ]
NOTIC: [8] Use of undefined constant ture - assumed 'ture' D:\wamp\www\91market\Application\Common\Conf\db.php 第 12 行.
INFO: [ app_begin ] --START--
INFO: Run Behavior\ReadHtmlCacheBehavior [ RunTime:0.001516s ]
INFO: [ app_begin ] --END-- [ RunTime:0.001707s ]
ERR: 无法加载控制器:GROUP_NAME

[ 2014-12-11T17:45:17+08:00 ] 127.0.0.1 /91market/GROUP_NAME/Index/main
INFO: [ app_init ] --START--
INFO: Run Behavior\BuildLiteBehavior [ RunTime:0.000032s ]
INFO: [ app_init ] --END-- [ RunTime:0.000796s ]
NOTIC: [8] Use of undefined constant ture - assumed 'ture' D:\wamp\www\91market\Application\Common\Conf\db.php 第 12 行.
INFO: [ app_begin ] --START--
INFO: Run Behavior\ReadHtmlCacheBehavior [ RunTime:0.000863s ]
INFO: [ app_begin ] --END-- [ RunTime:0.001006s ]
ERR: 无法加载控制器:GROUP_NAME

[ 2014-12-11T17:45:35+08:00 ] 127.0.0.1 /91market/GROUP_NAME/Index/main
INFO: [ app_init ] --START--
INFO: Run Behavior\BuildLiteBehavior [ RunTime:0.000049s ]
INFO: [ app_init ] --END-- [ RunTime:0.001011s ]
NOTIC: [8] Use of undefined constant ture - assumed 'ture' D:\wamp\www\91market\Application\Common\Conf\db.php 第 12 行.
INFO: [ app_begin ] --START--
INFO: Run Behavior\ReadHtmlCacheBehavior [ RunTime:0.000858s ]
INFO: [ app_begin ] --END-- [ RunTime:0.001014s ]
ERR: 无法加载控制器:GROUP_NAME

[ 2014-12-11T17:45:35+08:00 ] 127.0.0.1 /91market/GROUP_NAME/Index/nav
INFO: [ app_init ] --START--
INFO: Run Behavior\BuildLiteBehavior [ RunTime:0.000042s ]
INFO: [ app_init ] --END-- [ RunTime:0.001109s ]
NOTIC: [8] Use of undefined constant ture - assumed 'ture' D:\wamp\www\91market\Application\Common\Conf\db.php 第 12 行.
INFO: [ app_begin ] --START--
INFO: Run Behavior\ReadHtmlCacheBehavior [ RunTime:0.000979s ]
INFO: [ app_begin ] --END-- [ RunTime:0.001142s ]
ERR: 无法加载控制器:GROUP_NAME

[ 2014-12-11T17:45:48+08:00 ] 127.0.0.1 /91market/GROUP_NAME/Index/nav
INFO: [ app_init ] --START--
INFO: Run Behavior\BuildLiteBehavior [ RunTime:0.000049s ]
INFO: [ app_init ] --END-- [ RunTime:0.000713s ]
NOTIC: [8] Use of undefined constant ture - assumed 'ture' D:\wamp\www\91market\Application\Common\Conf\db.php 第 12 行.
INFO: [ app_begin ] --START--
INFO: Run Behavior\ReadHtmlCacheBehavior [ RunTime:0.000766s ]
INFO: [ app_begin ] --END-- [ RunTime:0.000920s ]
ERR: 无法加载控制器:GROUP_NAME

[ 2014-12-11T17:45:48+08:00 ] 127.0.0.1 /91market/GROUP_NAME/Index/main
INFO: [ app_init ] --START--
INFO: Run Behavior\BuildLiteBehavior [ RunTime:0.000046s ]
INFO: [ app_init ] --END-- [ RunTime:0.000765s ]
NOTIC: [8] Use of undefined constant ture - assumed 'ture' D:\wamp\www\91market\Application\Common\Conf\db.php 第 12 行.
INFO: [ app_begin ] --START--
INFO: Run Behavior\ReadHtmlCacheBehavior [ RunTime:0.000963s ]
INFO: [ app_begin ] --END-- [ RunTime:0.001131s ]
ERR: 无法加载控制器:GROUP_NAME

[ 2014-12-11T17:45:49+08:00 ] 127.0.0.1 /91market/GROUP_NAME/Index/main
INFO: [ app_init ] --START--
INFO: Run Behavior\BuildLiteBehavior [ RunTime:0.000048s ]
INFO: [ app_init ] --END-- [ RunTime:0.000660s ]
NOTIC: [8] Use of undefined constant ture - assumed 'ture' D:\wamp\www\91market\Application\Common\Conf\db.php 第 12 行.
INFO: [ app_begin ] --START--
INFO: Run Behavior\ReadHtmlCacheBehavior [ RunTime:0.000955s ]
INFO: [ app_begin ] --END-- [ RunTime:0.001102s ]
ERR: 无法加载控制器:GROUP_NAME

[ 2014-12-11T17:45:49+08:00 ] 127.0.0.1 /91market/GROUP_NAME/Index/nav
INFO: [ app_init ] --START--
INFO: Run Behavior\BuildLiteBehavior [ RunTime:0.000029s ]
INFO: [ app_init ] --END-- [ RunTime:0.000755s ]
NOTIC: [8] Use of undefined constant ture - assumed 'ture' D:\wamp\www\91market\Application\Common\Conf\db.php 第 12 行.
INFO: [ app_begin ] --START--
INFO: Run Behavior\ReadHtmlCacheBehavior [ RunTime:0.000867s ]
INFO: [ app_begin ] --END-- [ RunTime:0.001054s ]
ERR: 无法加载控制器:GROUP_NAME

[ 2014-12-11T17:45:49+08:00 ] 127.0.0.1 /91market/GROUP_NAME/Index/nav
INFO: [ app_init ] --START--
INFO: Run Behavior\BuildLiteBehavior [ RunTime:0.000034s ]
INFO: [ app_init ] --END-- [ RunTime:0.000785s ]
NOTIC: [8] Use of undefined constant ture - assumed 'ture' D:\wamp\www\91market\Application\Common\Conf\db.php 第 12 行.
INFO: [ app_begin ] --START--
INFO: Run Behavior\ReadHtmlCacheBehavior [ RunTime:0.001700s ]
INFO: [ app_begin ] --END-- [ RunTime:0.001870s ]
ERR: 无法加载控制器:GROUP_NAME

[ 2014-12-11T17:45:49+08:00 ] 127.0.0.1 /91market/GROUP_NAME/Index/main
INFO: [ app_init ] --START--
INFO: Run Behavior\BuildLiteBehavior [ RunTime:0.000034s ]
INFO: [ app_init ] --END-- [ RunTime:0.000767s ]
NOTIC: [8] Use of undefined constant ture - assumed 'ture' D:\wamp\www\91market\Application\Common\Conf\db.php 第 12 行.
INFO: [ app_begin ] --START--
INFO: Run Behavior\ReadHtmlCacheBehavior [ RunTime:0.001451s ]
INFO: [ app_begin ] --END-- [ RunTime:0.001678s ]
ERR: 无法加载控制器:GROUP_NAME

[ 2014-12-11T17:46:31+08:00 ] 127.0.0.1 /91market/GROUP_NAME/Index/main
INFO: [ app_init ] --START--
INFO: Run Behavior\BuildLiteBehavior [ RunTime:0.000038s ]
INFO: [ app_init ] --END-- [ RunTime:0.000771s ]
NOTIC: [8] Use of undefined constant ture - assumed 'ture' D:\wamp\www\91market\Application\Common\Conf\db.php 第 12 行.
INFO: [ app_begin ] --START--
INFO: Run Behavior\ReadHtmlCacheBehavior [ RunTime:0.000948s ]
INFO: [ app_begin ] --END-- [ RunTime:0.001147s ]
ERR: 无法加载控制器:GROUP_NAME

[ 2014-12-11T17:46:31+08:00 ] 127.0.0.1 /91market/GROUP_NAME/Index/nav
INFO: [ app_init ] --START--
INFO: Run Behavior\BuildLiteBehavior [ RunTime:0.000034s ]
INFO: [ app_init ] --END-- [ RunTime:0.000837s ]
NOTIC: [8] Use of undefined constant ture - assumed 'ture' D:\wamp\www\91market\Application\Common\Conf\db.php 第 12 行.
INFO: [ app_begin ] --START--
INFO: Run Behavior\ReadHtmlCacheBehavior [ RunTime:0.000760s ]
INFO: [ app_begin ] --END-- [ RunTime:0.000910s ]
ERR: 无法加载控制器:GROUP_NAME

[ 2014-12-11T17:46:32+08:00 ] 127.0.0.1 /91market/GROUP_NAME/Index/main
INFO: [ app_init ] --START--
INFO: Run Behavior\BuildLiteBehavior [ RunTime:0.000038s ]
INFO: [ app_init ] --END-- [ RunTime:0.000694s ]
NOTIC: [8] Use of undefined constant ture - assumed 'ture' D:\wamp\www\91market\Application\Common\Conf\db.php 第 12 行.
INFO: [ app_begin ] --START--
INFO: Run Behavior\ReadHtmlCacheBehavior [ RunTime:0.000766s ]
INFO: [ app_begin ] --END-- [ RunTime:0.000933s ]
ERR: 无法加载控制器:GROUP_NAME

[ 2014-12-11T17:46:32+08:00 ] 127.0.0.1 /91market/GROUP_NAME/Index/nav
INFO: [ app_init ] --START--
INFO: Run Behavior\BuildLiteBehavior [ RunTime:0.000040s ]
INFO: [ app_init ] --END-- [ RunTime:0.000792s ]
NOTIC: [8] Use of undefined constant ture - assumed 'ture' D:\wamp\www\91market\Application\Common\Conf\db.php 第 12 行.
INFO: [ app_begin ] --START--
INFO: Run Behavior\ReadHtmlCacheBehavior [ RunTime:0.001030s ]
INFO: [ app_begin ] --END-- [ RunTime:0.001210s ]
ERR: 无法加载控制器:GROUP_NAME

[ 2014-12-11T17:49:50+08:00 ] 127.0.0.1 /91market/Index/nav
INFO: [ app_init ] --START--
INFO: Run Behavior\BuildLiteBehavior [ RunTime:0.000037s ]
INFO: [ app_init ] --END-- [ RunTime:0.000915s ]
NOTIC: [8] Use of undefined constant ture - assumed 'ture' D:\wamp\www\91market\Application\Common\Conf\db.php 第 12 行.
INFO: [ app_begin ] --START--
INFO: Run Behavior\ReadHtmlCacheBehavior [ RunTime:0.001176s ]
INFO: [ app_begin ] --END-- [ RunTime:0.001357s ]
ERR: 非法操作:nav

[ 2014-12-11T17:49:50+08:00 ] 127.0.0.1 /91market/Index/main
INFO: [ app_init ] --START--
INFO: Run Behavior\BuildLiteBehavior [ RunTime:0.000043s ]
INFO: [ app_init ] --END-- [ RunTime:0.000666s ]
NOTIC: [8] Use of undefined constant ture - assumed 'ture' D:\wamp\www\91market\Application\Common\Conf\db.php 第 12 行.
INFO: [ app_begin ] --START--
INFO: Run Behavior\ReadHtmlCacheBehavior [ RunTime:0.001034s ]
INFO: [ app_begin ] --END-- [ RunTime:0.001365s ]
ERR: 非法操作:main

[ 2014-12-11T17:51:16+08:00 ] 127.0.0.1 /91market/Index/nav
INFO: [ app_init ] --START--
INFO: Run Behavior\BuildLiteBehavior [ RunTime:0.000033s ]
INFO: [ app_init ] --END-- [ RunTime:0.000584s ]
NOTIC: [8] Use of undefined constant ture - assumed 'ture' D:\wamp\www\91market\Application\Common\Conf\db.php 第 12 行.
INFO: [ app_begin ] --START--
INFO: Run Behavior\ReadHtmlCacheBehavior [ RunTime:0.000753s ]
INFO: [ app_begin ] --END-- [ RunTime:0.000900s ]
ERR: 非法操作:nav

[ 2014-12-11T17:51:16+08:00 ] 127.0.0.1 /91market/Index/main
INFO: [ app_init ] --START--
INFO: Run Behavior\BuildLiteBehavior [ RunTime:0.000033s ]
INFO: [ app_init ] --END-- [ RunTime:0.000670s ]
NOTIC: [8] Use of undefined constant ture - assumed 'ture' D:\wamp\www\91market\Application\Common\Conf\db.php 第 12 行.
INFO: [ app_begin ] --START--
INFO: Run Behavior\ReadHtmlCacheBehavior [ RunTime:0.000914s ]
INFO: [ app_begin ] --END-- [ RunTime:0.001093s ]
ERR: 非法操作:main

[ 2014-12-11T18:08:06+08:00 ] 127.0.0.1 /91market/GROUP_NAME/Index/nav
INFO: [ app_init ] --START--
INFO: Run Behavior\BuildLiteBehavior [ RunTime:0.000042s ]
INFO: [ app_init ] --END-- [ RunTime:0.000883s ]
NOTIC: [8] Use of undefined constant ture - assumed 'ture' D:\wamp\www\91market\Application\Common\Conf\db.php 第 12 行.
INFO: [ app_begin ] --START--
INFO: Run Behavior\ReadHtmlCacheBehavior [ RunTime:0.001049s ]
INFO: [ app_begin ] --END-- [ RunTime:0.001243s ]
ERR: 无法加载控制器:GROUP_NAME

[ 2014-12-11T18:08:06+08:00 ] 127.0.0.1 /91market/GROUP_NAME/Index/main
INFO: [ app_init ] --START--
INFO: Run Behavior\BuildLiteBehavior [ RunTime:0.000033s ]
INFO: [ app_init ] --END-- [ RunTime:0.000618s ]
NOTIC: [8] Use of undefined constant ture - assumed 'ture' D:\wamp\www\91market\Application\Common\Conf\db.php 第 12 行.
INFO: [ app_begin ] --START--
INFO: Run Behavior\ReadHtmlCacheBehavior [ RunTime:0.001282s ]
INFO: [ app_begin ] --END-- [ RunTime:0.001501s ]
ERR: 无法加载控制器:GROUP_NAME

[ 2014-12-11T18:08:36+08:00 ] 127.0.0.1 /91market/GROUP_NAME/Index/nav
INFO: [ app_init ] --START--
INFO: Run Behavior\BuildLiteBehavior [ RunTime:0.000035s ]
INFO: [ app_init ] --END-- [ RunTime:0.000660s ]
NOTIC: [8] Use of undefined constant ture - assumed 'ture' D:\wamp\www\91market\Application\Common\Conf\db.php 第 12 行.
INFO: [ app_begin ] --START--
INFO: Run Behavior\ReadHtmlCacheBehavior [ RunTime:0.000906s ]
INFO: [ app_begin ] --END-- [ RunTime:0.001079s ]
ERR: 无法加载控制器:GROUP_NAME

[ 2014-12-11T18:50:00+08:00 ] 127.0.0.1 /91market/GROUP_NAME/Base/index
INFO: [ app_init ] --START--
INFO: Run Behavior\BuildLiteBehavior [ RunTime:0.000039s ]
INFO: [ app_init ] --END-- [ RunTime:0.000726s ]
NOTIC: [8] Use of undefined constant ture - assumed 'ture' D:\wamp\www\91market\Application\Common\Conf\db.php 第 12 行.
INFO: [ app_begin ] --START--
INFO: Run Behavior\ReadHtmlCacheBehavior [ RunTime:0.000947s ]
INFO: [ app_begin ] --END-- [ RunTime:0.001128s ]
ERR: 无法加载控制器:GROUP_NAME

[ 2014-12-11T18:50:03+08:00 ] 127.0.0.1 /91market/GROUP_NAME/Base/message
INFO: [ app_init ] --START--
INFO: Run Behavior\BuildLiteBehavior [ RunTime:0.000038s ]
INFO: [ app_init ] --END-- [ RunTime:0.000707s ]
NOTIC: [8] Use of undefined constant ture - assumed 'ture' D:\wamp\www\91market\Application\Common\Conf\db.php 第 12 行.
INFO: [ app_begin ] --START--
INFO: Run Behavior\ReadHtmlCacheBehavior [ RunTime:0.000981s ]
INFO: [ app_begin ] --END-- [ RunTime:0.001174s ]
ERR: 无法加载控制器:GROUP_NAME

[ 2014-12-11T18:50:04+08:00 ] 127.0.0.1 /91market/GROUP_NAME/Base/site
INFO: [ app_init ] --START--
INFO: Run Behavior\BuildLiteBehavior [ RunTime:0.000035s ]
INFO: [ app_init ] --END-- [ RunTime:0.000793s ]
NOTIC: [8] Use of undefined constant ture - assumed 'ture' D:\wamp\www\91market\Application\Common\Conf\db.php 第 12 行.
INFO: [ app_begin ] --START--
INFO: Run Behavior\ReadHtmlCacheBehavior [ RunTime:0.000793s ]
INFO: [ app_begin ] --END-- [ RunTime:0.000949s ]
ERR: 无法加载控制器:GROUP_NAME

[ 2014-12-11T18:50:18+08:00 ] 127.0.0.1 /91market/GROUP_NAME/Base/index
INFO: [ app_init ] --START--
INFO: Run Behavior\BuildLiteBehavior [ RunTime:0.000032s ]
INFO: [ app_init ] --END-- [ RunTime:0.000722s ]
NOTIC: [8] Use of undefined constant ture - assumed 'ture' D:\wamp\www\91market\Application\Common\Conf\db.php 第 12 行.
INFO: [ app_begin ] --START--
INFO: Run Behavior\ReadHtmlCacheBehavior [ RunTime:0.000883s ]
INFO: [ app_begin ] --END-- [ RunTime:0.001032s ]
ERR: 无法加载控制器:GROUP_NAME

[ 2014-12-11T18:50:18+08:00 ] 127.0.0.1 /91market/GROUP_NAME/Base/message
INFO: [ app_init ] --START--
INFO: Run Behavior\BuildLiteBehavior [ RunTime:0.000034s ]
INFO: [ app_init ] --END-- [ RunTime:0.000620s ]
NOTIC: [8] Use of undefined constant ture - assumed 'ture' D:\wamp\www\91market\Application\Common\Conf\db.php 第 12 行.
INFO: [ app_begin ] --START--
INFO: Run Behavior\ReadHtmlCacheBehavior [ RunTime:0.000881s ]
INFO: [ app_begin ] --END-- [ RunTime:0.001079s ]
ERR: 无法加载控制器:GROUP_NAME

[ 2014-12-11T18:50:20+08:00 ] 127.0.0.1 /91market/GROUP_NAME/Base/site
INFO: [ app_init ] --START--
INFO: Run Behavior\BuildLiteBehavior [ RunTime:0.000031s ]
INFO: [ app_init ] --END-- [ RunTime:0.000583s ]
NOTIC: [8] Use of undefined constant ture - assumed 'ture' D:\wamp\www\91market\Application\Common\Conf\db.php 第 12 行.
INFO: [ app_begin ] --START--
INFO: Run Behavior\ReadHtmlCacheBehavior [ RunTime:0.000693s ]
INFO: [ app_begin ] --END-- [ RunTime:0.000832s ]
ERR: 无法加载控制器:GROUP_NAME

[ 2014-12-11T18:59:19+08:00 ] 127.0.0.1 /91market/_ROOT__/Application/Admin/Public/content/css/default.css
INFO: [ app_init ] --START--
INFO: Run Behavior\BuildLiteBehavior [ RunTime:0.000037s ]
INFO: [ app_init ] --END-- [ RunTime:0.000577s ]
NOTIC: [8] Use of undefined constant ture - assumed 'ture' D:\wamp\www\91market\Application\Common\Conf\db.php 第 12 行.
INFO: [ app_begin ] --START--
INFO: Run Behavior\ReadHtmlCacheBehavior [ RunTime:0.001026s ]
INFO: [ app_begin ] --END-- [ RunTime:0.001310s ]
ERR: 无法加载控制器:_ROOT__

[ 2014-12-11T18:59:19+08:00 ] 127.0.0.1 /91market/_ROOT__/Application/Admin/Public/Scripts/jquery-1.4.1.min.js
INFO: [ app_init ] --START--
INFO: Run Behavior\BuildLiteBehavior [ RunTime:0.000030s ]
INFO: [ app_init ] --END-- [ RunTime:0.001175s ]
NOTIC: [8] Use of undefined constant ture - assumed 'ture' D:\wamp\www\91market\Application\Common\Conf\db.php 第 12 行.
INFO: [ app_begin ] --START--
INFO: Run Behavior\ReadHtmlCacheBehavior [ RunTime:0.001106s ]
INFO: [ app_begin ] --END-- [ RunTime:0.001318s ]
ERR: 无法加载控制器:_ROOT__

[ 2014-12-11T18:59:33+08:00 ] 127.0.0.1 /91market/
INFO: [ app_init ] --START--
INFO: Run Behavior\BuildLiteBehavior [ RunTime:0.000034s ]
INFO: [ app_init ] --END-- [ RunTime:0.000579s ]
NOTIC: [8] Use of undefined constant ture - assumed 'ture' D:\wamp\www\91market\Application\Common\Conf\db.php 第 12 行.
INFO: [ app_begin ] --START--
INFO: Run Behavior\ReadHtmlCacheBehavior [ RunTime:0.000800s ]
INFO: [ app_begin ] --END-- [ RunTime:0.000949s ]
NOTIC: [8] Undefined variable: i D:\wamp\www\91market\Application\Home\Tool\Show.class.php 第 10 行.
INFO: [ app_end ] --START--
INFO: Run Behavior\ShowPageTraceBehavior [ RunTime:0.000687s ]
INFO: [ app_end ] --END-- [ RunTime:0.000830s ]

[ 2014-12-11T18:59:34+08:00 ] 127.0.0.1 /91market/
INFO: [ app_init ] --START--
INFO: Run Behavior\BuildLiteBehavior [ RunTime:0.000035s ]
INFO: [ app_init ] --END-- [ RunTime:0.000730s ]
NOTIC: [8] Use of undefined constant ture - assumed 'ture' D:\wamp\www\91market\Application\Common\Conf\db.php 第 12 行.
INFO: [ app_begin ] --START--
INFO: Run Behavior\ReadHtmlCacheBehavior [ RunTime:0.000743s ]
INFO: [ app_begin ] --END-- [ RunTime:0.000877s ]
NOTIC: [8] Undefined variable: i D:\wamp\www\91market\Application\Home\Tool\Show.class.php 第 10 行.
INFO: [ app_end ] --START--
INFO: Run Behavior\ShowPageTraceBehavior [ RunTime:0.000710s ]
INFO: [ app_end ] --END-- [ RunTime:0.000852s ]

[ 2014-12-11T18:59:37+08:00 ] 127.0.0.1 /91market/_ROOT__/Application/Admin/Public/Scripts/jquery-1.4.1.min.js
INFO: [ app_init ] --START--
INFO: Run Behavior\BuildLiteBehavior [ RunTime:0.000056s ]
INFO: [ app_init ] --END-- [ RunTime:0.000594s ]
NOTIC: [8] Use of undefined constant ture - assumed 'ture' D:\wamp\www\91market\Application\Common\Conf\db.php 第 12 行.
INFO: [ app_begin ] --START--
INFO: Run Behavior\ReadHtmlCacheBehavior [ RunTime:0.001475s ]
INFO: [ app_begin ] --END-- [ RunTime:0.001620s ]
ERR: 无法加载控制器:_ROOT__

[ 2014-12-11T18:59:37+08:00 ] 127.0.0.1 /91market/_ROOT__/Application/Admin/Public/content/css/default.css
INFO: [ app_init ] --START--
INFO: Run Behavior\BuildLiteBehavior [ RunTime:0.000043s ]
INFO: [ app_init ] --END-- [ RunTime:0.000663s ]
NOTIC: [8] Use of undefined constant ture - assumed 'ture' D:\wamp\www\91market\Application\Common\Conf\db.php 第 12 行.
INFO: [ app_begin ] --START--
INFO: Run Behavior\ReadHtmlCacheBehavior [ RunTime:0.000813s ]
INFO: [ app_begin ] --END-- [ RunTime:0.000964s ]
ERR: 无法加载控制器:_ROOT__

[ 2014-12-11T18:59:39+08:00 ] 127.0.0.1 /91market/_ROOT__/Application/Admin/Public/Scripts/jquery-1.4.1.min.js
INFO: [ app_init ] --START--
INFO: Run Behavior\BuildLiteBehavior [ RunTime:0.000033s ]
INFO: [ app_init ] --END-- [ RunTime:0.000620s ]
NOTIC: [8] Use of undefined constant ture - assumed 'ture' D:\wamp\www\91market\Application\Common\Conf\db.php 第 12 行.
INFO: [ app_begin ] --START--
INFO: Run Behavior\ReadHtmlCacheBehavior [ RunTime:0.000807s ]
INFO: [ app_begin ] --END-- [ RunTime:0.000946s ]
ERR: 无法加载控制器:_ROOT__

[ 2014-12-11T18:59:39+08:00 ] 127.0.0.1 /91market/_ROOT__/Application/Admin/Public/content/css/default.css
INFO: [ app_init ] --START--
INFO: Run Behavior\BuildLiteBehavior [ RunTime:0.000029s ]
INFO: [ app_init ] --END-- [ RunTime:0.000561s ]
NOTIC: [8] Use of undefined constant ture - assumed 'ture' D:\wamp\www\91market\Application\Common\Conf\db.php 第 12 行.
INFO: [ app_begin ] --START--
INFO: Run Behavior\ReadHtmlCacheBehavior [ RunTime:0.001104s ]
INFO: [ app_begin ] --END-- [ RunTime:0.001352s ]
ERR: 无法加载控制器:_ROOT__

[ 2014-12-11T19:00:03+08:00 ] 127.0.0.1 /91market/_ROOT__./Application/Admin/Public/content/css/default.css
INFO: [ app_init ] --START--
INFO: Run Behavior\BuildLiteBehavior [ RunTime:0.000032s ]
INFO: [ app_init ] --END-- [ RunTime:0.000599s ]
NOTIC: [8] Use of undefined constant ture - assumed 'ture' D:\wamp\www\91market\Application\Common\Conf\db.php 第 12 行.
INFO: [ app_begin ] --START--
INFO: Run Behavior\ReadHtmlCacheBehavior [ RunTime:0.002345s ]
INFO: [ app_begin ] --END-- [ RunTime:0.002516s ]
ERR: 无法加载控制器:_ROOT__

[ 2014-12-11T19:00:03+08:00 ] 127.0.0.1 /91market/_ROOT__./Application/Admin/Public/Scripts/jquery-1.4.1.min.js
INFO: [ app_init ] --START--
INFO: Run Behavior\BuildLiteBehavior [ RunTime:0.000033s ]
INFO: [ app_init ] --END-- [ RunTime:0.010281s ]
NOTIC: [8] Use of undefined constant ture - assumed 'ture' D:\wamp\www\91market\Application\Common\Conf\db.php 第 12 行.
INFO: [ app_begin ] --START--
INFO: Run Behavior\ReadHtmlCacheBehavior [ RunTime:0.000995s ]
INFO: [ app_begin ] --END-- [ RunTime:0.001177s ]
ERR: 无法加载控制器:_ROOT__

[ 2014-12-11T19:01:04+08:00 ] 127.0.0.1 /91market./Application/Admin/Public/script/jquery-1.4.1.min.js
INFO: [ app_init ] --START--
INFO: Run Behavior\BuildLiteBehavior [ RunTime:0.000029s ]
INFO: [ app_init ] --END-- [ RunTime:0.000608s ]
NOTIC: [8] Use of undefined constant ture - assumed 'ture' D:\wamp\www\91market\Application\Common\Conf\db.php 第 12 行.
INFO: [ app_begin ] --START--
INFO: Run Behavior\ReadHtmlCacheBehavior [ RunTime:0.000794s ]
INFO: [ app_begin ] --END-- [ RunTime:0.000942s ]
ERR: 无法加载控制器:Application

[ 2014-12-11T19:22:26+08:00 ] 127.0.0.1 /91market/GROUP_NAME/Index/login
INFO: [ app_init ] --START--
INFO: Run Behavior\BuildLiteBehavior [ RunTime:0.000029s ]
INFO: [ app_init ] --END-- [ RunTime:0.000539s ]
NOTIC: [8] Use of undefined constant ture - assumed 'ture' D:\wamp\www\91market\Application\Common\Conf\db.php 第 12 行.
INFO: [ app_begin ] --START--
INFO: Run Behavior\ReadHtmlCacheBehavior [ RunTime:0.000772s ]
INFO: [ app_begin ] --END-- [ RunTime:0.000930s ]
ERR: 无法加载控制器:GROUP_NAME

[ 2014-12-11T19:22:33+08:00 ] 127.0.0.1 /91market/GROUP_NAME/Login/verify
INFO: [ app_init ] --START--
INFO: Run Behavior\BuildLiteBehavior [ RunTime:0.000032s ]
INFO: [ app_init ] --END-- [ RunTime:0.000532s ]
NOTIC: [8] Use of undefined constant ture - assumed 'ture' D:\wamp\www\91market\Application\Common\Conf\db.php 第 12 行.
INFO: [ app_begin ] --START--
INFO: Run Behavior\ReadHtmlCacheBehavior [ RunTime:0.000670s ]
INFO: [ app_begin ] --END-- [ RunTime:0.000805s ]
ERR: 无法加载控制器:GROUP_NAME

[ 2014-12-11T19:25:03+08:00 ] 127.0.0.1 /91market/GROUP_NAME/Index/login
INFO: [ app_init ] --START--
INFO: Run Behavior\BuildLiteBehavior [ RunTime:0.000030s ]
INFO: [ app_init ] --END-- [ RunTime:0.000616s ]
NOTIC: [8] Use of undefined constant ture - assumed 'ture' D:\wamp\www\91market\Application\Common\Conf\db.php 第 12 行.
INFO: [ app_begin ] --START--
INFO: Run Behavior\ReadHtmlCacheBehavior [ RunTime:0.000749s ]
INFO: [ app_begin ] --END-- [ RunTime:0.001114s ]
ERR: 无法加载控制器:GROUP_NAME

[ 2014-12-11T19:26:35+08:00 ] 127.0.0.1 /91market/GROUP_NAME/Index/login
INFO: [ app_init ] --START--
INFO: Run Behavior\BuildLiteBehavior [ RunTime:0.000030s ]
INFO: [ app_init ] --END-- [ RunTime:0.000606s ]
NOTIC: [8] Use of undefined constant ture - assumed 'ture' D:\wamp\www\91market\Application\Common\Conf\db.php 第 12 行.
INFO: [ app_begin ] --START--
INFO: Run Behavior\ReadHtmlCacheBehavior [ RunTime:0.000761s ]
INFO: [ app_begin ] --END-- [ RunTime:0.000901s ]
ERR: 无法加载控制器:GROUP_NAME

[ 2014-12-11T19:27:06+08:00 ] 127.0.0.1 /91market/GROUP_NAME/Index/login
INFO: [ app_init ] --START--
INFO: Run Behavior\BuildLiteBehavior [ RunTime:0.000030s ]
INFO: [ app_init ] --END-- [ RunTime:0.000729s ]
NOTIC: [8] Use of undefined constant ture - assumed 'ture' D:\wamp\www\91market\Application\Common\Conf\db.php 第 12 行.
INFO: [ app_begin ] --START--
INFO: Run Behavior\ReadHtmlCacheBehavior [ RunTime:0.000825s ]
INFO: [ app_begin ] --END-- [ RunTime:0.000962s ]
ERR: 无法加载控制器:GROUP_NAME

[ 2014-12-11T19:27:07+08:00 ] 127.0.0.1 /91market/GROUP_NAME/Index/login
INFO: [ app_init ] --START--
INFO: Run Behavior\BuildLiteBehavior [ RunTime:0.000034s ]
INFO: [ app_init ] --END-- [ RunTime:0.001030s ]
NOTIC: [8] Use of undefined constant ture - assumed 'ture' D:\wamp\www\91market\Application\Common\Conf\db.php 第 12 行.
INFO: [ app_begin ] --START--
INFO: Run Behavior\ReadHtmlCacheBehavior [ RunTime:0.000950s ]
INFO: [ app_begin ] --END-- [ RunTime:0.001109s ]
ERR: 无法加载控制器:GROUP_NAME

[ 2014-12-11T19:27:07+08:00 ] 127.0.0.1 /91market/GROUP_NAME/Index/login
INFO: [ app_init ] --START--
INFO: Run Behavior\BuildLiteBehavior [ RunTime:0.000040s ]
INFO: [ app_init ] --END-- [ RunTime:0.000974s ]
NOTIC: [8] Use of undefined constant ture - assumed 'ture' D:\wamp\www\91market\Application\Common\Conf\db.php 第 12 行.
INFO: [ app_begin ] --START--
INFO: Run Behavior\ReadHtmlCacheBehavior [ RunTime:0.001527s ]
INFO: [ app_begin ] --END-- [ RunTime:0.001719s ]
ERR: 无法加载控制器:GROUP_NAME

[ 2014-12-11T19:27:08+08:00 ] 127.0.0.1 /91market/GROUP_NAME/Index/login
INFO: [ app_init ] --START--
INFO: Run Behavior\BuildLiteBehavior [ RunTime:0.000033s ]
INFO: [ app_init ] --END-- [ RunTime:0.000604s ]
NOTIC: [8] Use of undefined constant ture - assumed 'ture' D:\wamp\www\91market\Application\Common\Conf\db.php 第 12 行.
INFO: [ app_begin ] --START--
INFO: Run Behavior\ReadHtmlCacheBehavior [ RunTime:0.000801s ]
INFO: [ app_begin ] --END-- [ RunTime:0.000935s ]
ERR: 无法加载控制器:GROUP_NAME

[ 2014-12-11T19:27:24+08:00 ] 127.0.0.1 /91market/GROUP_NAME/Index/login
INFO: [ app_init ] --START--
INFO: Run Behavior\BuildLiteBehavior [ RunTime:0.000036s ]
INFO: [ app_init ] --END-- [ RunTime:0.000625s ]
NOTIC: [8] Use of undefined constant ture - assumed 'ture' D:\wamp\www\91market\Application\Common\Conf\db.php 第 12 行.
INFO: [ app_begin ] --START--
INFO: Run Behavior\ReadHtmlCacheBehavior [ RunTime:0.000989s ]
INFO: [ app_begin ] --END-- [ RunTime:0.001181s ]
ERR: 无法加载控制器:GROUP_NAME

[ 2014-12-11T19:27:25+08:00 ] 127.0.0.1 /91market/GROUP_NAME/Index/login
INFO: [ app_init ] --START--
INFO: Run Behavior\BuildLiteBehavior [ RunTime:0.000036s ]
INFO: [ app_init ] --END-- [ RunTime:0.000743s ]
NOTIC: [8] Use of undefined constant ture - assumed 'ture' D:\wamp\www\91market\Application\Common\Conf\db.php 第 12 行.
INFO: [ app_begin ] --START--
INFO: Run Behavior\ReadHtmlCacheBehavior [ RunTime:0.000724s ]
INFO: [ app_begin ] --END-- [ RunTime:0.000856s ]
ERR: 无法加载控制器:GROUP_NAME

