[ 2014-12-25T18:30:43+08:00 ] 127.0.0.1 /91market/
INFO: [ app_init ] --START--
INFO: Run Behavior\BuildLiteBehavior [ RunTime:0.000000s ]
INFO: [ app_init ] --END-- [ RunTime:0.007501s ]
NOTIC: [8] Use of undefined constant ture - assumed 'ture' D:\wamp\www\91market\Application\Common\Conf\db.php 第 12 行.
INFO: [ app_begin ] --START--
INFO: Run Behavior\ReadHtmlCacheBehavior [ RunTime:0.006001s ]
INFO: [ app_begin ] --END-- [ RunTime:0.006501s ]
INFO: [ view_parse ] --START--
NOTIC: [2] Missing argument 2 for Think\Template\TagLib::parseXmlAttr(), called in D:\wamp\www\91market\ThinkPHP\Library\Think\Template\TagLib\Lists.class.php on line 127 and defined D:\wamp\www\91market\ThinkPHP\Library\Think\Template\TagLib.class.php 第 76 行.
NOTIC: [8] Array to string conversion D:\wamp\www\91market\ThinkPHP\Library\Think\Template\TagLib.class.php 第 79 行.
NOTIC: [2] simplexml_load_string(): Entity: line 1: parser error : Specification mandate value for attribute Array D:\wamp\www\91market\ThinkPHP\Library\Think\Template\TagLib.class.php 第 80 行.
NOTIC: [2] simplexml_load_string(): &lt;tpl&gt;&lt;tag Array /&gt;&lt;/tpl&gt; D:\wamp\www\91market\ThinkPHP\Library\Think\Template\TagLib.class.php 第 80 行.
NOTIC: [2] simplexml_load_string():                 ^ D:\wamp\www\91market\ThinkPHP\Library\Think\Template\TagLib.class.php 第 80 行.
NOTIC: [8] Array to string conversion D:\wamp\www\91market\ThinkPHP\Library\Think\Template\TagLib.class.php 第 82 行.
ERR: XML标签语法错误 : Array

[ 2014-12-25T18:37:09+08:00 ] 127.0.0.1 /91market/
INFO: [ app_init ] --START--
INFO: Run Behavior\BuildLiteBehavior [ RunTime:0.000000s ]
INFO: [ app_init ] --END-- [ RunTime:0.000501s ]
NOTIC: [8] Use of undefined constant ture - assumed 'ture' D:\wamp\www\91market\Application\Common\Conf\db.php 第 12 行.
INFO: [ app_begin ] --START--
INFO: Run Behavior\ReadHtmlCacheBehavior [ RunTime:0.001000s ]
INFO: [ app_begin ] --END-- [ RunTime:0.001000s ]
INFO: [ view_parse ] --START--
NOTIC: [8] Undefined index: name D:\wamp\www\91market\ThinkPHP\Library\Think\Template\TagLib\Custom.class.php 第 31 行.
NOTIC: [8] Undefined index: radios D:\wamp\www\91market\ThinkPHP\Library\Think\Template\TagLib\Custom.class.php 第 32 行.
NOTIC: [8] Undefined index: checked D:\wamp\www\91market\ThinkPHP\Library\Think\Template\TagLib\Custom.class.php 第 33 行.
NOTIC: [8] Undefined index: separator D:\wamp\www\91market\ThinkPHP\Library\Think\Template\TagLib\Custom.class.php 第 34 行.
NOTIC: [2] Invalid argument supplied for foreach() D:\wamp\www\91market\ThinkPHP\Library\Think\Template\TagLib\Custom.class.php 第 38 行.
INFO: [ template_filter ] --START--
INFO: Run Behavior\ContentReplaceBehavior [ RunTime:0.000501s ]
INFO: [ template_filter ] --END-- [ RunTime:0.000501s ]
INFO: Run Behavior\ParseTemplateBehavior [ RunTime:0.018002s ]
INFO: [ view_parse ] --END-- [ RunTime:0.018002s ]
INFO: [ view_filter ] --START--
INFO: Run Behavior\WriteHtmlCacheBehavior [ RunTime:0.006501s ]
INFO: [ view_filter ] --END-- [ RunTime:0.006501s ]
INFO: [ app_end ] --START--
INFO: Run Behavior\ShowPageTraceBehavior [ RunTime:0.015002s ]
INFO: [ app_end ] --END-- [ RunTime:0.015502s ]

[ 2014-12-25T18:37:25+08:00 ] 127.0.0.1 /91market/
INFO: [ app_init ] --START--
INFO: Run Behavior\BuildLiteBehavior [ RunTime:0.000000s ]
INFO: [ app_init ] --END-- [ RunTime:0.001000s ]
NOTIC: [8] Use of undefined constant ture - assumed 'ture' D:\wamp\www\91market\Application\Common\Conf\db.php 第 12 行.
INFO: [ app_begin ] --START--
INFO: Run Behavior\ReadHtmlCacheBehavior [ RunTime:0.001001s ]
INFO: [ app_begin ] --END-- [ RunTime:0.001501s ]
INFO: [ view_parse ] --START--

[ 2014-12-25T18:41:38+08:00 ] 127.0.0.1 /91market/
INFO: [ app_init ] --START--
INFO: Run Behavior\BuildLiteBehavior [ RunTime:0.000500s ]
INFO: [ app_init ] --END-- [ RunTime:0.001000s ]
NOTIC: [8] Use of undefined constant ture - assumed 'ture' D:\wamp\www\91market\Application\Common\Conf\db.php 第 12 行.
INFO: [ app_begin ] --START--
INFO: Run Behavior\ReadHtmlCacheBehavior [ RunTime:0.001000s ]
INFO: [ app_begin ] --END-- [ RunTime:0.002000s ]
INFO: [ view_parse ] --START--

[ 2014-12-25T18:41:52+08:00 ] 127.0.0.1 /91market/
INFO: [ app_init ] --START--
INFO: Run Behavior\BuildLiteBehavior [ RunTime:0.000000s ]
INFO: [ app_init ] --END-- [ RunTime:0.001000s ]
NOTIC: [8] Use of undefined constant ture - assumed 'ture' D:\wamp\www\91market\Application\Common\Conf\db.php 第 12 行.
INFO: [ app_begin ] --START--
INFO: Run Behavior\ReadHtmlCacheBehavior [ RunTime:0.001000s ]
INFO: [ app_begin ] --END-- [ RunTime:0.001500s ]
INFO: [ view_parse ] --START--
NOTIC: [8] Undefined index: where D:\wamp\www\91market\ThinkPHP\Library\Think\Template\TagLib\Custom.class.php 第 31 行.
SQL: SHOW COLUMNS FROM `think_article` [ RunTime:0.004500s ]
SQL: SELECT * FROM `think_article` ORDER BY id desc  [ RunTime:0.007001s ]
NOTIC: [8] Array to string conversion D:\wamp\www\91market\ThinkPHP\Library\Think\Template.class.php 第 423 行.
INFO: [ template_filter ] --START--
INFO: Run Behavior\ContentReplaceBehavior [ RunTime:0.000000s ]
INFO: [ template_filter ] --END-- [ RunTime:0.000501s ]
INFO: Run Behavior\ParseTemplateBehavior [ RunTime:0.090512s ]
INFO: [ view_parse ] --END-- [ RunTime:0.090512s ]
INFO: [ view_filter ] --START--
INFO: Run Behavior\WriteHtmlCacheBehavior [ RunTime:0.001000s ]
INFO: [ view_filter ] --END-- [ RunTime:0.001000s ]
INFO: [ app_end ] --START--
INFO: Run Behavior\ShowPageTraceBehavior [ RunTime:0.001000s ]
INFO: [ app_end ] --END-- [ RunTime:0.001500s ]

[ 2014-12-25T18:45:26+08:00 ] 127.0.0.1 /91market/
INFO: [ app_init ] --START--
INFO: Run Behavior\BuildLiteBehavior [ RunTime:0.000000s ]
INFO: [ app_init ] --END-- [ RunTime:0.001000s ]
NOTIC: [8] Use of undefined constant ture - assumed 'ture' D:\wamp\www\91market\Application\Common\Conf\db.php 第 12 行.
INFO: [ app_begin ] --START--
INFO: Run Behavior\ReadHtmlCacheBehavior [ RunTime:0.001501s ]
INFO: [ app_begin ] --END-- [ RunTime:0.001501s ]
INFO: [ view_parse ] --START--
NOTIC: [8] Undefined index: where D:\wamp\www\91market\ThinkPHP\Library\Think\Template\TagLib\Custom.class.php 第 43 行.
NOTIC: [8] Undefined index: attr D:\wamp\www\91market\ThinkPHP\Library\Think\Template\TagLib\Custom.class.php 第 71 行.
SQL: SHOW COLUMNS FROM `think_article` [ RunTime:0.004501s ]
SQL: SELECT * FROM `think_article` WHERE ( status=0 ) ORDER BY id desc  [ RunTime:0.002501s ]

[ 2014-12-25T18:45:56+08:00 ] 127.0.0.1 /91market/
INFO: [ app_init ] --START--
INFO: Run Behavior\BuildLiteBehavior [ RunTime:0.000500s ]
INFO: [ app_init ] --END-- [ RunTime:0.001000s ]
NOTIC: [8] Use of undefined constant ture - assumed 'ture' D:\wamp\www\91market\Application\Common\Conf\db.php 第 12 行.
INFO: [ app_begin ] --START--
INFO: Run Behavior\ReadHtmlCacheBehavior [ RunTime:0.001000s ]
INFO: [ app_begin ] --END-- [ RunTime:0.001000s ]
INFO: [ view_parse ] --START--
NOTIC: [8] Undefined index: attr D:\wamp\www\91market\ThinkPHP\Library\Think\Template\TagLib\Custom.class.php 第 71 行.
SQL: SHOW COLUMNS FROM `think_article` [ RunTime:0.013501s ]
SQL: SELECT * FROM `think_article` WHERE ( id > 10 and status=0 ) ORDER BY id desc  [ RunTime:0.008501s ]

[ 2014-12-25T18:46:21+08:00 ] 127.0.0.1 /91market/
INFO: [ app_init ] --START--
INFO: Run Behavior\BuildLiteBehavior [ RunTime:0.000000s ]
INFO: [ app_init ] --END-- [ RunTime:0.004001s ]
NOTIC: [8] Use of undefined constant ture - assumed 'ture' D:\wamp\www\91market\Application\Common\Conf\db.php 第 12 行.
INFO: [ app_begin ] --START--
INFO: Run Behavior\ReadHtmlCacheBehavior [ RunTime:0.001000s ]
INFO: [ app_begin ] --END-- [ RunTime:0.001500s ]
INFO: [ view_parse ] --START--
NOTIC: [8] Undefined index: attr D:\wamp\www\91market\ThinkPHP\Library\Think\Template\TagLib\Custom.class.php 第 71 行.
SQL: SHOW COLUMNS FROM `think_article` [ RunTime:0.004501s ]
SQL: SELECT * FROM `think_article` WHERE ( id > 10 and status=0 and create_time = 1418140800 ) ORDER BY id desc  [ RunTime:0.000500s ]

[ 2014-12-25T18:46:37+08:00 ] 127.0.0.1 /91market/
INFO: [ app_init ] --START--
INFO: Run Behavior\BuildLiteBehavior [ RunTime:0.000500s ]
INFO: [ app_init ] --END-- [ RunTime:0.001000s ]
NOTIC: [8] Use of undefined constant ture - assumed 'ture' D:\wamp\www\91market\Application\Common\Conf\db.php 第 12 行.
INFO: [ app_begin ] --START--
INFO: Run Behavior\ReadHtmlCacheBehavior [ RunTime:0.003500s ]
INFO: [ app_begin ] --END-- [ RunTime:0.004500s ]
INFO: [ view_parse ] --START--
NOTIC: [8] Undefined index: attr D:\wamp\www\91market\ThinkPHP\Library\Think\Template\TagLib\Custom.class.php 第 71 行.
SQL: SHOW COLUMNS FROM `think_article` [ RunTime:0.005500s ]
SQL: SELECT * FROM `think_article` WHERE ( id > 10 and status=0 and create_time between 1418140800 and 1418572800 ) ORDER BY id desc  [ RunTime:0.006500s ]

[ 2014-12-25T18:46:52+08:00 ] 127.0.0.1 /91market/
INFO: [ app_init ] --START--
INFO: Run Behavior\BuildLiteBehavior [ RunTime:0.000000s ]
INFO: [ app_init ] --END-- [ RunTime:0.001001s ]
NOTIC: [8] Use of undefined constant ture - assumed 'ture' D:\wamp\www\91market\Application\Common\Conf\db.php 第 12 行.
INFO: [ app_begin ] --START--
INFO: Run Behavior\ReadHtmlCacheBehavior [ RunTime:0.001000s ]
INFO: [ app_begin ] --END-- [ RunTime:0.001500s ]
INFO: [ view_parse ] --START--
NOTIC: [8] Undefined variable: temp D:\wamp\www\91market\ThinkPHP\Library\Think\Template\TagLib\Custom.class.php 第 60 行.
NOTIC: [8] Undefined index: attr D:\wamp\www\91market\ThinkPHP\Library\Think\Template\TagLib\Custom.class.php 第 71 行.
SQL: SHOW COLUMNS FROM `think_article` [ RunTime:0.005000s ]
SQL: SELECT * FROM `think_article` WHERE ( id > 10 and status=0 and create_time IN (418140800,1418572800,1418745600) ) ORDER BY id desc  [ RunTime:0.001000s ]

[ 2014-12-25T18:47:06+08:00 ] 127.0.0.1 /91market/
INFO: [ app_init ] --START--
INFO: Run Behavior\BuildLiteBehavior [ RunTime:0.000000s ]
INFO: [ app_init ] --END-- [ RunTime:0.001000s ]
NOTIC: [8] Use of undefined constant ture - assumed 'ture' D:\wamp\www\91market\Application\Common\Conf\db.php 第 12 行.
INFO: [ app_begin ] --START--
INFO: Run Behavior\ReadHtmlCacheBehavior [ RunTime:0.001000s ]
INFO: [ app_begin ] --END-- [ RunTime:0.001500s ]
INFO: [ view_parse ] --START--
NOTIC: [8] Undefined variable: temp D:\wamp\www\91market\ThinkPHP\Library\Think\Template\TagLib\Custom.class.php 第 60 行.
NOTIC: [8] Undefined index: attr D:\wamp\www\91market\ThinkPHP\Library\Think\Template\TagLib\Custom.class.php 第 71 行.
SQL: SHOW COLUMNS FROM `think_article` [ RunTime:0.004501s ]
SQL: SELECT * FROM `think_article` WHERE ( id > 10 and status=0 and create_time IN (418140800,1418572800,1418745600,1419868800) ) ORDER BY id desc  [ RunTime:0.001000s ]

[ 2014-12-25T18:47:13+08:00 ] 127.0.0.1 /91market/
INFO: [ app_init ] --START--
INFO: Run Behavior\BuildLiteBehavior [ RunTime:0.000000s ]
INFO: [ app_init ] --END-- [ RunTime:0.001000s ]
NOTIC: [8] Use of undefined constant ture - assumed 'ture' D:\wamp\www\91market\Application\Common\Conf\db.php 第 12 行.
INFO: [ app_begin ] --START--
INFO: Run Behavior\ReadHtmlCacheBehavior [ RunTime:0.001500s ]
INFO: [ app_begin ] --END-- [ RunTime:0.001500s ]
INFO: [ view_parse ] --START--
NOTIC: [8] Undefined index: attr D:\wamp\www\91market\ThinkPHP\Library\Think\Template\TagLib\Custom.class.php 第 71 行.
SQL: SHOW COLUMNS FROM `think_article` [ RunTime:0.005500s ]
SQL: SELECT * FROM `think_article` WHERE ( id > 10 and status=0 and create_time between 1418140800 and 1418572800 ) ORDER BY id desc  [ RunTime:0.000500s ]

[ 2014-12-25T18:49:45+08:00 ] 127.0.0.1 /91market/
INFO: [ app_init ] --START--
INFO: Run Behavior\BuildLiteBehavior [ RunTime:0.000500s ]
INFO: [ app_init ] --END-- [ RunTime:0.001000s ]
NOTIC: [8] Use of undefined constant ture - assumed 'ture' D:\wamp\www\91market\Application\Common\Conf\db.php 第 12 行.
INFO: [ app_begin ] --START--
INFO: Run Behavior\ReadHtmlCacheBehavior [ RunTime:0.001000s ]
INFO: [ app_begin ] --END-- [ RunTime:0.001500s ]
INFO: [ view_parse ] --START--
NOTIC: [8] Undefined index: where D:\wamp\www\91market\ThinkPHP\Library\Think\Template\TagLib\Custom.class.php 第 64 行.
NOTIC: [8] Undefined index: attr D:\wamp\www\91market\ThinkPHP\Library\Think\Template\TagLib\Custom.class.php 第 92 行.
NOTIC: [8] Undefined variable: content D:\wamp\www\91market\ThinkPHP\Library\Think\Template\TagLib\Custom.class.php 第 55 行.
INFO: [ template_filter ] --START--
INFO: Run Behavior\ContentReplaceBehavior [ RunTime:0.000000s ]
INFO: [ template_filter ] --END-- [ RunTime:0.000500s ]
SQL: SHOW COLUMNS FROM `think_article` [ RunTime:0.005000s ]
SQL: SELECT * FROM `think_article` WHERE ( status=0 ) ORDER BY id desc LIMIT 5   [ RunTime:0.001500s ]
SQL: SHOW COLUMNS FROM `think_column` [ RunTime:0.004000s ]
SQL: SELECT * FROM `think_column` WHERE `id` = 0 LIMIT 1   [ RunTime:0.000500s ]
INFO: Run Behavior\ParseTemplateBehavior [ RunTime:0.049506s ]
INFO: [ view_parse ] --END-- [ RunTime:0.050007s ]
INFO: [ view_filter ] --START--
INFO: Run Behavior\WriteHtmlCacheBehavior [ RunTime:0.001000s ]
INFO: [ view_filter ] --END-- [ RunTime:0.001000s ]
INFO: [ app_end ] --START--
INFO: Run Behavior\ShowPageTraceBehavior [ RunTime:0.001000s ]
INFO: [ app_end ] --END-- [ RunTime:0.001500s ]

[ 2014-12-25T18:50:37+08:00 ] 127.0.0.1 /91market/
INFO: [ app_init ] --START--
INFO: Run Behavior\BuildLiteBehavior [ RunTime:0.000000s ]
INFO: [ app_init ] --END-- [ RunTime:0.001000s ]
NOTIC: [8] Use of undefined constant ture - assumed 'ture' D:\wamp\www\91market\Application\Common\Conf\db.php 第 12 行.
INFO: [ app_begin ] --START--
INFO: Run Behavior\ReadHtmlCacheBehavior [ RunTime:0.001000s ]
INFO: [ app_begin ] --END-- [ RunTime:0.001500s ]
INFO: [ view_parse ] --START--
NOTIC: [8] Undefined index: where D:\wamp\www\91market\ThinkPHP\Library\Think\Template\TagLib\Custom.class.php 第 64 行.
NOTIC: [8] Undefined index: attr D:\wamp\www\91market\ThinkPHP\Library\Think\Template\TagLib\Custom.class.php 第 92 行.
NOTIC: [8] Undefined variable: content D:\wamp\www\91market\ThinkPHP\Library\Think\Template\TagLib\Custom.class.php 第 55 行.
INFO: [ template_filter ] --START--
INFO: Run Behavior\ContentReplaceBehavior [ RunTime:0.000000s ]
INFO: [ template_filter ] --END-- [ RunTime:0.000501s ]
SQL: SHOW COLUMNS FROM `think_article` [ RunTime:0.004500s ]
SQL: SELECT * FROM `think_article` WHERE ( status=0 ) ORDER BY id desc LIMIT 5   [ RunTime:0.000500s ]

[ 2014-12-25T18:51:53+08:00 ] 127.0.0.1 /91market/
INFO: [ app_init ] --START--
INFO: Run Behavior\BuildLiteBehavior [ RunTime:0.000000s ]
INFO: [ app_init ] --END-- [ RunTime:0.001000s ]
NOTIC: [8] Use of undefined constant ture - assumed 'ture' D:\wamp\www\91market\Application\Common\Conf\db.php 第 12 行.
INFO: [ app_begin ] --START--
INFO: Run Behavior\ReadHtmlCacheBehavior [ RunTime:0.002000s ]
INFO: [ app_begin ] --END-- [ RunTime:0.002500s ]
INFO: [ view_parse ] --START--
NOTIC: [8] Undefined index: where D:\wamp\www\91market\ThinkPHP\Library\Think\Template\TagLib\Custom.class.php 第 64 行.
NOTIC: [8] Undefined index: attr D:\wamp\www\91market\ThinkPHP\Library\Think\Template\TagLib\Custom.class.php 第 92 行.
NOTIC: [8] Undefined variable: content D:\wamp\www\91market\ThinkPHP\Library\Think\Template\TagLib\Custom.class.php 第 55 行.
INFO: [ template_filter ] --START--
INFO: Run Behavior\ContentReplaceBehavior [ RunTime:0.000000s ]
INFO: [ template_filter ] --END-- [ RunTime:0.000500s ]
SQL: SHOW COLUMNS FROM `think_article` [ RunTime:0.004501s ]
SQL: SELECT * FROM `think_article` WHERE ( status=0 ) ORDER BY id desc LIMIT 5   [ RunTime:0.001000s ]

[ 2014-12-25T18:52:42+08:00 ] 127.0.0.1 /91market/
INFO: [ app_init ] --START--
INFO: Run Behavior\BuildLiteBehavior [ RunTime:0.000000s ]
INFO: [ app_init ] --END-- [ RunTime:0.001000s ]
NOTIC: [8] Use of undefined constant ture - assumed 'ture' D:\wamp\www\91market\Application\Common\Conf\db.php 第 12 行.
INFO: [ app_begin ] --START--
INFO: Run Behavior\ReadHtmlCacheBehavior [ RunTime:0.002500s ]
INFO: [ app_begin ] --END-- [ RunTime:0.002500s ]
INFO: [ view_parse ] --START--
NOTIC: [8] Undefined index: where D:\wamp\www\91market\ThinkPHP\Library\Think\Template\TagLib\Custom.class.php 第 64 行.
NOTIC: [8] Undefined index: attr D:\wamp\www\91market\ThinkPHP\Library\Think\Template\TagLib\Custom.class.php 第 92 行.
NOTIC: [8] Undefined variable: content D:\wamp\www\91market\ThinkPHP\Library\Think\Template\TagLib\Custom.class.php 第 55 行.
INFO: [ template_filter ] --START--
INFO: Run Behavior\ContentReplaceBehavior [ RunTime:0.000000s ]
INFO: [ template_filter ] --END-- [ RunTime:0.000500s ]
SQL: SHOW COLUMNS FROM `think_article` [ RunTime:0.005501s ]
SQL: SELECT * FROM `think_article` WHERE ( status=0 ) ORDER BY id desc LIMIT 5   [ RunTime:0.001000s ]
SQL: SHOW COLUMNS FROM `think_column` [ RunTime:0.005501s ]
SQL: SELECT * FROM `think_column` WHERE `id` = 0 LIMIT 1   [ RunTime:0.002000s ]

[ 2014-12-25T18:53:03+08:00 ] 127.0.0.1 /91market/
INFO: [ app_init ] --START--
INFO: Run Behavior\BuildLiteBehavior [ RunTime:0.000000s ]
INFO: [ app_init ] --END-- [ RunTime:0.000500s ]
NOTIC: [8] Use of undefined constant ture - assumed 'ture' D:\wamp\www\91market\Application\Common\Conf\db.php 第 12 行.
INFO: [ app_begin ] --START--
INFO: Run Behavior\ReadHtmlCacheBehavior [ RunTime:0.001001s ]
INFO: [ app_begin ] --END-- [ RunTime:0.001501s ]
INFO: [ view_parse ] --START--
NOTIC: [8] Undefined index: where D:\wamp\www\91market\ThinkPHP\Library\Think\Template\TagLib\Custom.class.php 第 64 行.
NOTIC: [8] Undefined index: attr D:\wamp\www\91market\ThinkPHP\Library\Think\Template\TagLib\Custom.class.php 第 92 行.
NOTIC: [8] Undefined variable: content D:\wamp\www\91market\ThinkPHP\Library\Think\Template\TagLib\Custom.class.php 第 55 行.
INFO: [ template_filter ] --START--
INFO: Run Behavior\ContentReplaceBehavior [ RunTime:0.000000s ]
INFO: [ template_filter ] --END-- [ RunTime:0.000500s ]
SQL: SHOW COLUMNS FROM `think_article` [ RunTime:0.004500s ]
SQL: SELECT * FROM `think_article` WHERE ( status=0 ) ORDER BY id desc LIMIT 5   [ RunTime:0.002000s ]
SQL: SHOW COLUMNS FROM `think_column` [ RunTime:0.004501s ]
SQL: SELECT * FROM `think_column` WHERE `id` = 0 LIMIT 1   [ RunTime:0.000500s ]
INFO: Run Behavior\ParseTemplateBehavior [ RunTime:0.060008s ]
INFO: [ view_parse ] --END-- [ RunTime:0.061008s ]
INFO: [ view_filter ] --START--
INFO: Run Behavior\WriteHtmlCacheBehavior [ RunTime:0.001000s ]
INFO: [ view_filter ] --END-- [ RunTime:0.001500s ]
INFO: [ app_end ] --START--
INFO: Run Behavior\ShowPageTraceBehavior [ RunTime:0.001000s ]
INFO: [ app_end ] --END-- [ RunTime:0.001500s ]

[ 2014-12-25T18:53:04+08:00 ] 127.0.0.1 /91market/
INFO: [ app_init ] --START--
INFO: Run Behavior\BuildLiteBehavior [ RunTime:0.000500s ]
INFO: [ app_init ] --END-- [ RunTime:0.001000s ]
NOTIC: [8] Use of undefined constant ture - assumed 'ture' D:\wamp\www\91market\Application\Common\Conf\db.php 第 12 行.
INFO: [ app_begin ] --START--
INFO: Run Behavior\ReadHtmlCacheBehavior [ RunTime:0.001000s ]
INFO: [ app_begin ] --END-- [ RunTime:0.001500s ]
INFO: [ view_parse ] --START--
NOTIC: [8] Undefined index: where D:\wamp\www\91market\ThinkPHP\Library\Think\Template\TagLib\Custom.class.php 第 64 行.
NOTIC: [8] Undefined index: attr D:\wamp\www\91market\ThinkPHP\Library\Think\Template\TagLib\Custom.class.php 第 92 行.
NOTIC: [8] Undefined variable: content D:\wamp\www\91market\ThinkPHP\Library\Think\Template\TagLib\Custom.class.php 第 55 行.
INFO: [ template_filter ] --START--
INFO: Run Behavior\ContentReplaceBehavior [ RunTime:0.000000s ]
INFO: [ template_filter ] --END-- [ RunTime:0.000500s ]
SQL: SHOW COLUMNS FROM `think_article` [ RunTime:0.005001s ]
SQL: SELECT * FROM `think_article` WHERE ( status=0 ) ORDER BY id desc LIMIT 5   [ RunTime:0.000500s ]
SQL: SHOW COLUMNS FROM `think_column` [ RunTime:0.004501s ]
SQL: SELECT * FROM `think_column` WHERE `id` = 0 LIMIT 1   [ RunTime:0.002000s ]
INFO: Run Behavior\ParseTemplateBehavior [ RunTime:0.056007s ]
INFO: [ view_parse ] --END-- [ RunTime:0.056507s ]
INFO: [ view_filter ] --START--
INFO: Run Behavior\WriteHtmlCacheBehavior [ RunTime:0.001001s ]
INFO: [ view_filter ] --END-- [ RunTime:0.001001s ]
INFO: [ app_end ] --START--
INFO: Run Behavior\ShowPageTraceBehavior [ RunTime:0.001500s ]
INFO: [ app_end ] --END-- [ RunTime:0.001500s ]

[ 2014-12-25T18:53:04+08:00 ] 127.0.0.1 /91market/
INFO: [ app_init ] --START--
INFO: Run Behavior\BuildLiteBehavior [ RunTime:0.000000s ]
INFO: [ app_init ] --END-- [ RunTime:0.001000s ]
NOTIC: [8] Use of undefined constant ture - assumed 'ture' D:\wamp\www\91market\Application\Common\Conf\db.php 第 12 行.
INFO: [ app_begin ] --START--
INFO: Run Behavior\ReadHtmlCacheBehavior [ RunTime:0.001500s ]
INFO: [ app_begin ] --END-- [ RunTime:0.001500s ]
INFO: [ view_parse ] --START--
NOTIC: [8] Undefined index: where D:\wamp\www\91market\ThinkPHP\Library\Think\Template\TagLib\Custom.class.php 第 64 行.
NOTIC: [8] Undefined index: attr D:\wamp\www\91market\ThinkPHP\Library\Think\Template\TagLib\Custom.class.php 第 92 行.
NOTIC: [8] Undefined variable: content D:\wamp\www\91market\ThinkPHP\Library\Think\Template\TagLib\Custom.class.php 第 55 行.
INFO: [ template_filter ] --START--
INFO: Run Behavior\ContentReplaceBehavior [ RunTime:0.000000s ]
INFO: [ template_filter ] --END-- [ RunTime:0.000000s ]
SQL: SHOW COLUMNS FROM `think_article` [ RunTime:0.006501s ]
SQL: SELECT * FROM `think_article` WHERE ( status=0 ) ORDER BY id desc LIMIT 5   [ RunTime:0.000500s ]
SQL: SHOW COLUMNS FROM `think_column` [ RunTime:0.004501s ]
SQL: SELECT * FROM `think_column` WHERE `id` = 0 LIMIT 1   [ RunTime:0.000500s ]
INFO: Run Behavior\ParseTemplateBehavior [ RunTime:0.046506s ]
INFO: [ view_parse ] --END-- [ RunTime:0.046506s ]
INFO: [ view_filter ] --START--
INFO: Run Behavior\WriteHtmlCacheBehavior [ RunTime:0.001000s ]
INFO: [ view_filter ] --END-- [ RunTime:0.001000s ]
INFO: [ app_end ] --START--
INFO: Run Behavior\ShowPageTraceBehavior [ RunTime:0.001000s ]
INFO: [ app_end ] --END-- [ RunTime:0.001500s ]

[ 2014-12-25T18:53:46+08:00 ] 127.0.0.1 /91market/
INFO: [ app_init ] --START--
INFO: Run Behavior\BuildLiteBehavior [ RunTime:0.000000s ]
INFO: [ app_init ] --END-- [ RunTime:0.001000s ]
NOTIC: [8] Use of undefined constant ture - assumed 'ture' D:\wamp\www\91market\Application\Common\Conf\db.php 第 12 行.
INFO: [ app_begin ] --START--
INFO: Run Behavior\ReadHtmlCacheBehavior [ RunTime:0.002501s ]
INFO: [ app_begin ] --END-- [ RunTime:0.002501s ]
INFO: [ view_parse ] --START--
NOTIC: [8] Undefined index: where D:\wamp\www\91market\ThinkPHP\Library\Think\Template\TagLib\Custom.class.php 第 64 行.
NOTIC: [8] Undefined index: attr D:\wamp\www\91market\ThinkPHP\Library\Think\Template\TagLib\Custom.class.php 第 92 行.
NOTIC: [8] Undefined variable: content D:\wamp\www\91market\ThinkPHP\Library\Think\Template\TagLib\Custom.class.php 第 55 行.
INFO: [ template_filter ] --START--
INFO: Run Behavior\ContentReplaceBehavior [ RunTime:0.000000s ]
INFO: [ template_filter ] --END-- [ RunTime:0.000500s ]
SQL: SHOW COLUMNS FROM `think_article` [ RunTime:0.005000s ]
SQL: SELECT * FROM `think_article` WHERE ( status=0 ) ORDER BY id desc LIMIT 5   [ RunTime:0.001001s ]
SQL: SHOW COLUMNS FROM `think_column` [ RunTime:0.007001s ]
SQL: SELECT * FROM `think_column` WHERE `id` = 0 LIMIT 1   [ RunTime:0.000500s ]
INFO: Run Behavior\ParseTemplateBehavior [ RunTime:0.062008s ]
INFO: [ view_parse ] --END-- [ RunTime:0.062008s ]
INFO: [ view_filter ] --START--
INFO: Run Behavior\WriteHtmlCacheBehavior [ RunTime:0.001000s ]
INFO: [ view_filter ] --END-- [ RunTime:0.002000s ]
INFO: [ app_end ] --START--
INFO: Run Behavior\ShowPageTraceBehavior [ RunTime:0.001001s ]
INFO: [ app_end ] --END-- [ RunTime:0.001501s ]

[ 2014-12-25T18:54:08+08:00 ] 127.0.0.1 /91market/
INFO: [ app_init ] --START--
INFO: Run Behavior\BuildLiteBehavior [ RunTime:0.000000s ]
INFO: [ app_init ] --END-- [ RunTime:0.001500s ]
NOTIC: [8] Use of undefined constant ture - assumed 'ture' D:\wamp\www\91market\Application\Common\Conf\db.php 第 12 行.
INFO: [ app_begin ] --START--
INFO: Run Behavior\ReadHtmlCacheBehavior [ RunTime:0.001000s ]
INFO: [ app_begin ] --END-- [ RunTime:0.001500s ]
INFO: [ view_parse ] --START--
NOTIC: [8] Undefined index: where D:\wamp\www\91market\ThinkPHP\Library\Think\Template\TagLib\Custom.class.php 第 64 行.
NOTIC: [8] Undefined index: attr D:\wamp\www\91market\ThinkPHP\Library\Think\Template\TagLib\Custom.class.php 第 92 行.
NOTIC: [8] Undefined variable: content D:\wamp\www\91market\ThinkPHP\Library\Think\Template\TagLib\Custom.class.php 第 55 行.
INFO: [ template_filter ] --START--
INFO: Run Behavior\ContentReplaceBehavior [ RunTime:0.000500s ]
INFO: [ template_filter ] --END-- [ RunTime:0.000500s ]
SQL: SHOW COLUMNS FROM `think_article` [ RunTime:0.006001s ]
SQL: SELECT * FROM `think_article` WHERE ( status=0 ) ORDER BY id desc LIMIT 5   [ RunTime:0.001500s ]
SQL: SHOW COLUMNS FROM `think_column` [ RunTime:0.004501s ]
SQL: SELECT * FROM `think_column` WHERE `id` = 0 LIMIT 1   [ RunTime:0.000500s ]
INFO: Run Behavior\ParseTemplateBehavior [ RunTime:0.063508s ]
INFO: [ view_parse ] --END-- [ RunTime:0.063508s ]
INFO: [ view_filter ] --START--
INFO: Run Behavior\WriteHtmlCacheBehavior [ RunTime:0.001000s ]
INFO: [ view_filter ] --END-- [ RunTime:0.001000s ]
INFO: [ app_end ] --START--
INFO: Run Behavior\ShowPageTraceBehavior [ RunTime:0.001000s ]
INFO: [ app_end ] --END-- [ RunTime:0.001500s ]

[ 2014-12-25T18:54:54+08:00 ] 127.0.0.1 /91market/
INFO: [ app_init ] --START--
INFO: Run Behavior\BuildLiteBehavior [ RunTime:0.000000s ]
INFO: [ app_init ] --END-- [ RunTime:0.001001s ]
NOTIC: [8] Use of undefined constant ture - assumed 'ture' D:\wamp\www\91market\Application\Common\Conf\db.php 第 12 行.
INFO: [ app_begin ] --START--
INFO: Run Behavior\ReadHtmlCacheBehavior [ RunTime:0.001000s ]
INFO: [ app_begin ] --END-- [ RunTime:0.001500s ]
INFO: [ view_parse ] --START--
NOTIC: [8] Undefined index: where D:\wamp\www\91market\ThinkPHP\Library\Think\Template\TagLib\Custom.class.php 第 64 行.
NOTIC: [8] Undefined index: attr D:\wamp\www\91market\ThinkPHP\Library\Think\Template\TagLib\Custom.class.php 第 92 行.
NOTIC: [8] Undefined variable: content D:\wamp\www\91market\ThinkPHP\Library\Think\Template\TagLib\Custom.class.php 第 55 行.
INFO: [ template_filter ] --START--
INFO: Run Behavior\ContentReplaceBehavior [ RunTime:0.001500s ]
INFO: [ template_filter ] --END-- [ RunTime:0.002500s ]
SQL: SHOW COLUMNS FROM `think_article` [ RunTime:0.005501s ]
SQL: SELECT * FROM `think_article` WHERE ( status=0 ) ORDER BY id desc LIMIT 5   [ RunTime:0.001000s ]
SQL: SHOW COLUMNS FROM `think_column` [ RunTime:0.004501s ]
SQL: SELECT * FROM `think_column` WHERE `id` = 0 LIMIT 1   [ RunTime:0.002500s ]
INFO: Run Behavior\ParseTemplateBehavior [ RunTime:0.067508s ]
INFO: [ view_parse ] --END-- [ RunTime:0.067508s ]
INFO: [ view_filter ] --START--
INFO: Run Behavior\WriteHtmlCacheBehavior [ RunTime:0.001000s ]
INFO: [ view_filter ] --END-- [ RunTime:0.001501s ]
INFO: [ app_end ] --START--
INFO: Run Behavior\ShowPageTraceBehavior [ RunTime:0.001500s ]
INFO: [ app_end ] --END-- [ RunTime:0.001500s ]

[ 2014-12-25T18:54:55+08:00 ] 127.0.0.1 /91market/
INFO: [ app_init ] --START--
INFO: Run Behavior\BuildLiteBehavior [ RunTime:0.000000s ]
INFO: [ app_init ] --END-- [ RunTime:0.001001s ]
NOTIC: [8] Use of undefined constant ture - assumed 'ture' D:\wamp\www\91market\Application\Common\Conf\db.php 第 12 行.
INFO: [ app_begin ] --START--
INFO: Run Behavior\ReadHtmlCacheBehavior [ RunTime:0.001000s ]
INFO: [ app_begin ] --END-- [ RunTime:0.001500s ]
INFO: [ view_parse ] --START--
NOTIC: [8] Undefined index: where D:\wamp\www\91market\ThinkPHP\Library\Think\Template\TagLib\Custom.class.php 第 64 行.
NOTIC: [8] Undefined index: attr D:\wamp\www\91market\ThinkPHP\Library\Think\Template\TagLib\Custom.class.php 第 92 行.
NOTIC: [8] Undefined variable: content D:\wamp\www\91market\ThinkPHP\Library\Think\Template\TagLib\Custom.class.php 第 55 行.
INFO: [ template_filter ] --START--
INFO: Run Behavior\ContentReplaceBehavior [ RunTime:0.000500s ]
INFO: [ template_filter ] --END-- [ RunTime:0.000500s ]
SQL: SHOW COLUMNS FROM `think_article` [ RunTime:0.005000s ]
SQL: SELECT * FROM `think_article` WHERE ( status=0 ) ORDER BY id desc LIMIT 5   [ RunTime:0.001001s ]
SQL: SHOW COLUMNS FROM `think_column` [ RunTime:0.004000s ]
SQL: SELECT * FROM `think_column` WHERE `id` = 0 LIMIT 1   [ RunTime:0.003001s ]
INFO: Run Behavior\ParseTemplateBehavior [ RunTime:0.055007s ]
INFO: [ view_parse ] --END-- [ RunTime:0.055507s ]
INFO: [ view_filter ] --START--
INFO: Run Behavior\WriteHtmlCacheBehavior [ RunTime:0.001000s ]
INFO: [ view_filter ] --END-- [ RunTime:0.001000s ]
INFO: [ app_end ] --START--
INFO: Run Behavior\ShowPageTraceBehavior [ RunTime:0.001500s ]
INFO: [ app_end ] --END-- [ RunTime:0.002000s ]

[ 2014-12-25T18:54:55+08:00 ] 127.0.0.1 /91market/
INFO: [ app_init ] --START--
INFO: Run Behavior\BuildLiteBehavior [ RunTime:0.000000s ]
INFO: [ app_init ] --END-- [ RunTime:0.002001s ]
NOTIC: [8] Use of undefined constant ture - assumed 'ture' D:\wamp\www\91market\Application\Common\Conf\db.php 第 12 行.
INFO: [ app_begin ] --START--
INFO: Run Behavior\ReadHtmlCacheBehavior [ RunTime:0.001000s ]
INFO: [ app_begin ] --END-- [ RunTime:0.001000s ]
INFO: [ view_parse ] --START--
NOTIC: [8] Undefined index: where D:\wamp\www\91market\ThinkPHP\Library\Think\Template\TagLib\Custom.class.php 第 64 行.
NOTIC: [8] Undefined index: attr D:\wamp\www\91market\ThinkPHP\Library\Think\Template\TagLib\Custom.class.php 第 92 行.
NOTIC: [8] Undefined variable: content D:\wamp\www\91market\ThinkPHP\Library\Think\Template\TagLib\Custom.class.php 第 55 行.
INFO: [ template_filter ] --START--
INFO: Run Behavior\ContentReplaceBehavior [ RunTime:0.000000s ]
INFO: [ template_filter ] --END-- [ RunTime:0.000500s ]
SQL: SHOW COLUMNS FROM `think_article` [ RunTime:0.005001s ]
SQL: SELECT * FROM `think_article` WHERE ( status=0 ) ORDER BY id desc LIMIT 5   [ RunTime:0.001500s ]
SQL: SHOW COLUMNS FROM `think_column` [ RunTime:0.004501s ]
SQL: SELECT * FROM `think_column` WHERE `id` = 0 LIMIT 1   [ RunTime:0.001000s ]
INFO: Run Behavior\ParseTemplateBehavior [ RunTime:0.051506s ]
INFO: [ view_parse ] --END-- [ RunTime:0.051506s ]
INFO: [ view_filter ] --START--
INFO: Run Behavior\WriteHtmlCacheBehavior [ RunTime:0.001001s ]
INFO: [ view_filter ] --END-- [ RunTime:0.001501s ]
INFO: [ app_end ] --START--
INFO: Run Behavior\ShowPageTraceBehavior [ RunTime:0.001000s ]
INFO: [ app_end ] --END-- [ RunTime:0.001500s ]

[ 2014-12-25T18:54:55+08:00 ] 127.0.0.1 /91market/
INFO: [ app_init ] --START--
INFO: Run Behavior\BuildLiteBehavior [ RunTime:0.000000s ]
INFO: [ app_init ] --END-- [ RunTime:0.000500s ]
NOTIC: [8] Use of undefined constant ture - assumed 'ture' D:\wamp\www\91market\Application\Common\Conf\db.php 第 12 行.
INFO: [ app_begin ] --START--
INFO: Run Behavior\ReadHtmlCacheBehavior [ RunTime:0.001500s ]
INFO: [ app_begin ] --END-- [ RunTime:0.001500s ]
INFO: [ view_parse ] --START--
NOTIC: [8] Undefined index: where D:\wamp\www\91market\ThinkPHP\Library\Think\Template\TagLib\Custom.class.php 第 64 行.
NOTIC: [8] Undefined index: attr D:\wamp\www\91market\ThinkPHP\Library\Think\Template\TagLib\Custom.class.php 第 92 行.
NOTIC: [8] Undefined variable: content D:\wamp\www\91market\ThinkPHP\Library\Think\Template\TagLib\Custom.class.php 第 55 行.
INFO: [ template_filter ] --START--
INFO: Run Behavior\ContentReplaceBehavior [ RunTime:0.000000s ]
INFO: [ template_filter ] --END-- [ RunTime:0.000500s ]
SQL: SHOW COLUMNS FROM `think_article` [ RunTime:0.005000s ]
SQL: SELECT * FROM `think_article` WHERE ( status=0 ) ORDER BY id desc LIMIT 5   [ RunTime:0.003501s ]
SQL: SHOW COLUMNS FROM `think_column` [ RunTime:0.008001s ]
SQL: SELECT * FROM `think_column` WHERE `id` = 0 LIMIT 1   [ RunTime:0.002000s ]
INFO: Run Behavior\ParseTemplateBehavior [ RunTime:0.073009s ]
INFO: [ view_parse ] --END-- [ RunTime:0.074010s ]
INFO: [ view_filter ] --START--
INFO: Run Behavior\WriteHtmlCacheBehavior [ RunTime:0.001000s ]
INFO: [ view_filter ] --END-- [ RunTime:0.001000s ]
INFO: [ app_end ] --START--
INFO: Run Behavior\ShowPageTraceBehavior [ RunTime:0.001500s ]
INFO: [ app_end ] --END-- [ RunTime:0.001500s ]

[ 2014-12-25T18:57:09+08:00 ] 127.0.0.1 /91market/
INFO: [ app_init ] --START--
INFO: Run Behavior\BuildLiteBehavior [ RunTime:0.000000s ]
INFO: [ app_init ] --END-- [ RunTime:0.001500s ]
NOTIC: [8] Use of undefined constant ture - assumed 'ture' D:\wamp\www\91market\Application\Common\Conf\db.php 第 12 行.
INFO: [ app_begin ] --START--
INFO: Run Behavior\ReadHtmlCacheBehavior [ RunTime:0.002000s ]
INFO: [ app_begin ] --END-- [ RunTime:0.002500s ]
INFO: [ view_parse ] --START--
NOTIC: [8] Undefined index: where D:\wamp\www\91market\ThinkPHP\Library\Think\Template\TagLib\Custom.class.php 第 104 行.
NOTIC: [8] Undefined index: attr D:\wamp\www\91market\ThinkPHP\Library\Think\Template\TagLib\Custom.class.php 第 132 行.
NOTIC: [8] Undefined variable: name D:\wamp\www\91market\ThinkPHP\Library\Think\Template\TagLib\Custom.class.php 第 73 行.
NOTIC: [8] Undefined variable: name D:\wamp\www\91market\ThinkPHP\Library\Think\Template\TagLib\Custom.class.php 第 77 行.
NOTIC: [8] Undefined variable: key D:\wamp\www\91market\ThinkPHP\Library\Think\Template\TagLib\Custom.class.php 第 79 行.
NOTIC: [8] Undefined variable: key D:\wamp\www\91market\ThinkPHP\Library\Think\Template\TagLib\Custom.class.php 第 90 行.
NOTIC: [8] Undefined variable: mod D:\wamp\www\91market\ThinkPHP\Library\Think\Template\TagLib\Custom.class.php 第 90 行.
NOTIC: [8] Undefined variable: key D:\wamp\www\91market\ThinkPHP\Library\Think\Template\TagLib\Custom.class.php 第 91 行.
INFO: [ template_filter ] --START--
INFO: Run Behavior\ContentReplaceBehavior [ RunTime:0.000000s ]
INFO: [ template_filter ] --END-- [ RunTime:0.000000s ]

[ 2014-12-25T19:01:11+08:00 ] 127.0.0.1 /91market/
INFO: [ app_init ] --START--
INFO: Run Behavior\BuildLiteBehavior [ RunTime:0.000000s ]
INFO: [ app_init ] --END-- [ RunTime:0.001000s ]
NOTIC: [8] Use of undefined constant ture - assumed 'ture' D:\wamp\www\91market\Application\Common\Conf\db.php 第 12 行.
INFO: [ app_begin ] --START--
INFO: Run Behavior\ReadHtmlCacheBehavior [ RunTime:0.001000s ]
INFO: [ app_begin ] --END-- [ RunTime:0.001500s ]
INFO: [ view_parse ] --START--
NOTIC: [8] Undefined index: where D:\wamp\www\91market\ThinkPHP\Library\Think\Template\TagLib\Custom.class.php 第 110 行.
NOTIC: [8] Undefined index: attr D:\wamp\www\91market\ThinkPHP\Library\Think\Template\TagLib\Custom.class.php 第 138 行.
INFO: [ template_filter ] --START--
INFO: Run Behavior\ContentReplaceBehavior [ RunTime:0.000000s ]
INFO: [ template_filter ] --END-- [ RunTime:0.000500s ]
SQL: SHOW COLUMNS FROM `think_article` [ RunTime:0.005001s ]
SQL: SELECT * FROM `think_article` WHERE ( status=0 ) ORDER BY id desc LIMIT 5   [ RunTime:0.001000s ]
SQL: SHOW COLUMNS FROM `think_column` [ RunTime:0.005501s ]
SQL: SELECT * FROM `think_column` WHERE `id` = 0 LIMIT 1   [ RunTime:0.001000s ]

[ 2014-12-25T19:01:30+08:00 ] 127.0.0.1 /91market/
INFO: [ app_init ] --START--
INFO: Run Behavior\BuildLiteBehavior [ RunTime:0.000000s ]
INFO: [ app_init ] --END-- [ RunTime:0.001000s ]
NOTIC: [8] Use of undefined constant ture - assumed 'ture' D:\wamp\www\91market\Application\Common\Conf\db.php 第 12 行.
INFO: [ app_begin ] --START--
INFO: Run Behavior\ReadHtmlCacheBehavior [ RunTime:0.001500s ]
INFO: [ app_begin ] --END-- [ RunTime:0.001500s ]
INFO: [ view_parse ] --START--
NOTIC: [8] Undefined index: where D:\wamp\www\91market\ThinkPHP\Library\Think\Template\TagLib\Custom.class.php 第 87 行.
NOTIC: [8] Undefined index: attr D:\wamp\www\91market\ThinkPHP\Library\Think\Template\TagLib\Custom.class.php 第 115 行.
INFO: [ template_filter ] --START--
INFO: Run Behavior\ContentReplaceBehavior [ RunTime:0.001500s ]
INFO: [ template_filter ] --END-- [ RunTime:0.001500s ]
SQL: SHOW COLUMNS FROM `think_article` [ RunTime:0.004000s ]
SQL: SELECT * FROM `think_article` WHERE ( status=0 ) ORDER BY id desc LIMIT 5   [ RunTime:0.001000s ]
SQL: SHOW COLUMNS FROM `think_column` [ RunTime:0.005501s ]
SQL: SELECT * FROM `think_column` WHERE `id` = 0 LIMIT 1   [ RunTime:0.000500s ]
INFO: Run Behavior\ParseTemplateBehavior [ RunTime:0.081510s ]
INFO: [ view_parse ] --END-- [ RunTime:0.082010s ]
INFO: [ view_filter ] --START--
INFO: Run Behavior\WriteHtmlCacheBehavior [ RunTime:0.001000s ]
INFO: [ view_filter ] --END-- [ RunTime:0.001000s ]
INFO: [ app_end ] --START--
INFO: Run Behavior\ShowPageTraceBehavior [ RunTime:0.001501s ]
INFO: [ app_end ] --END-- [ RunTime:0.001501s ]

[ 2014-12-25T19:05:21+08:00 ] 127.0.0.1 /91market/
INFO: [ app_init ] --START--
INFO: Run Behavior\BuildLiteBehavior [ RunTime:0.001000s ]
INFO: [ app_init ] --END-- [ RunTime:0.001500s ]
NOTIC: [8] Use of undefined constant ture - assumed 'ture' D:\wamp\www\91market\Application\Common\Conf\db.php 第 12 行.
INFO: [ app_begin ] --START--
INFO: Run Behavior\ReadHtmlCacheBehavior [ RunTime:0.001501s ]
INFO: [ app_begin ] --END-- [ RunTime:0.002001s ]
INFO: [ view_parse ] --START--

[ 2014-12-25T19:05:54+08:00 ] 127.0.0.1 /91market/
INFO: [ app_init ] --START--
INFO: Run Behavior\BuildLiteBehavior [ RunTime:0.000000s ]
INFO: [ app_init ] --END-- [ RunTime:0.001500s ]
NOTIC: [8] Use of undefined constant ture - assumed 'ture' D:\wamp\www\91market\Application\Common\Conf\db.php 第 12 行.
INFO: [ app_begin ] --START--
INFO: Run Behavior\ReadHtmlCacheBehavior [ RunTime:0.004500s ]
INFO: [ app_begin ] --END-- [ RunTime:0.005000s ]
INFO: [ view_parse ] --START--
INFO: [ template_filter ] --START--
INFO: Run Behavior\ContentReplaceBehavior [ RunTime:0.000500s ]
INFO: [ template_filter ] --END-- [ RunTime:0.000500s ]
NOTIC: [8] Undefined variable: list D:\wamp\www\91market\Application\Runtime\Cache\Home\2a94b8bda04ff446dcedd42276fc99ee.php 第 9 行.
NOTIC: [8] Undefined variable: list D:\wamp\www\91market\Application\Runtime\Cache\Home\2a94b8bda04ff446dcedd42276fc99ee.php 第 9 行.
NOTIC: [8] Undefined variable: list D:\wamp\www\91market\Application\Runtime\Cache\Home\2a94b8bda04ff446dcedd42276fc99ee.php 第 9 行.
INFO: Run Behavior\ParseTemplateBehavior [ RunTime:0.019502s ]
INFO: [ view_parse ] --END-- [ RunTime:0.020002s ]
INFO: [ view_filter ] --START--
INFO: Run Behavior\WriteHtmlCacheBehavior [ RunTime:0.000500s ]
INFO: [ view_filter ] --END-- [ RunTime:0.001000s ]
INFO: [ app_end ] --START--
INFO: Run Behavior\ShowPageTraceBehavior [ RunTime:0.003001s ]
INFO: [ app_end ] --END-- [ RunTime:0.003501s ]

[ 2014-12-25T19:06:38+08:00 ] 127.0.0.1 /91market/
INFO: [ app_init ] --START--
INFO: Run Behavior\BuildLiteBehavior [ RunTime:0.000500s ]
INFO: [ app_init ] --END-- [ RunTime:0.001000s ]
NOTIC: [8] Use of undefined constant ture - assumed 'ture' D:\wamp\www\91market\Application\Common\Conf\db.php 第 12 行.
INFO: [ app_begin ] --START--
INFO: Run Behavior\ReadHtmlCacheBehavior [ RunTime:0.001000s ]
INFO: [ app_begin ] --END-- [ RunTime:0.001500s ]
INFO: [ view_parse ] --START--

[ 2014-12-25T19:07:05+08:00 ] 127.0.0.1 /91market/
INFO: [ app_init ] --START--
INFO: Run Behavior\BuildLiteBehavior [ RunTime:0.000000s ]
INFO: [ app_init ] --END-- [ RunTime:0.002000s ]
NOTIC: [8] Use of undefined constant ture - assumed 'ture' D:\wamp\www\91market\Application\Common\Conf\db.php 第 12 行.
INFO: [ app_begin ] --START--
INFO: Run Behavior\ReadHtmlCacheBehavior [ RunTime:0.001000s ]
INFO: [ app_begin ] --END-- [ RunTime:0.002000s ]
INFO: [ view_parse ] --START--

[ 2014-12-25T19:07:50+08:00 ] 127.0.0.1 /91market/
INFO: [ app_init ] --START--
INFO: Run Behavior\BuildLiteBehavior [ RunTime:0.000000s ]
INFO: [ app_init ] --END-- [ RunTime:0.001000s ]
NOTIC: [8] Use of undefined constant ture - assumed 'ture' D:\wamp\www\91market\Application\Common\Conf\db.php 第 12 行.
INFO: [ app_begin ] --START--
INFO: Run Behavior\ReadHtmlCacheBehavior [ RunTime:0.003500s ]
INFO: [ app_begin ] --END-- [ RunTime:0.003500s ]
INFO: [ view_parse ] --START--
NOTIC: [8] Undefined index: where D:\wamp\www\91market\ThinkPHP\Library\Think\Template\TagLib\Custom.class.php 第 68 行.
NOTIC: [8] Undefined index: attr D:\wamp\www\91market\ThinkPHP\Library\Think\Template\TagLib\Custom.class.php 第 96 行.
SQL: SHOW COLUMNS FROM `think_article` [ RunTime:0.005500s ]
SQL: SELECT * FROM `think_article` WHERE ( status=0 ) ORDER BY id desc  [ RunTime:0.004000s ]

[ 2014-12-25T19:07:55+08:00 ] 127.0.0.1 /91market/
INFO: [ app_init ] --START--
INFO: Run Behavior\BuildLiteBehavior [ RunTime:0.000000s ]
INFO: [ app_init ] --END-- [ RunTime:0.001000s ]
NOTIC: [8] Use of undefined constant ture - assumed 'ture' D:\wamp\www\91market\Application\Common\Conf\db.php 第 12 行.
INFO: [ app_begin ] --START--
INFO: Run Behavior\ReadHtmlCacheBehavior [ RunTime:0.001000s ]
INFO: [ app_begin ] --END-- [ RunTime:0.001500s ]
INFO: [ view_parse ] --START--
NOTIC: [8] Undefined index: where D:\wamp\www\91market\ThinkPHP\Library\Think\Template\TagLib\Custom.class.php 第 65 行.
NOTIC: [8] Undefined index: attr D:\wamp\www\91market\ThinkPHP\Library\Think\Template\TagLib\Custom.class.php 第 93 行.
NOTIC: [8] Undefined variable: field D:\wamp\www\91market\ThinkPHP\Library\Think\Template\TagLib\Custom.class.php 第 49 行.
NOTIC: [8] Undefined variable: content D:\wamp\www\91market\ThinkPHP\Library\Think\Template\TagLib\Custom.class.php 第 56 行.
INFO: [ template_filter ] --START--
INFO: Run Behavior\ContentReplaceBehavior [ RunTime:0.000000s ]
INFO: [ template_filter ] --END-- [ RunTime:0.000000s ]
SQL: SHOW COLUMNS FROM `think_article` [ RunTime:0.006001s ]
SQL: SELECT * FROM `think_article` WHERE ( status=0 ) ORDER BY id desc LIMIT 5   [ RunTime:0.001500s ]
SQL: SHOW COLUMNS FROM `think_column` [ RunTime:0.006001s ]
SQL: SELECT * FROM `think_column` WHERE `id` = 0 LIMIT 1   [ RunTime:0.000500s ]
INFO: Run Behavior\ParseTemplateBehavior [ RunTime:0.045006s ]
INFO: [ view_parse ] --END-- [ RunTime:0.045006s ]
INFO: [ view_filter ] --START--
INFO: Run Behavior\WriteHtmlCacheBehavior [ RunTime:0.002001s ]
INFO: [ view_filter ] --END-- [ RunTime:0.003001s ]
INFO: [ app_end ] --START--
INFO: Run Behavior\ShowPageTraceBehavior [ RunTime:0.001000s ]
INFO: [ app_end ] --END-- [ RunTime:0.001500s ]

[ 2014-12-25T19:08:03+08:00 ] 127.0.0.1 /91market/
INFO: [ app_init ] --START--
INFO: Run Behavior\BuildLiteBehavior [ RunTime:0.000000s ]
INFO: [ app_init ] --END-- [ RunTime:0.001000s ]
NOTIC: [8] Use of undefined constant ture - assumed 'ture' D:\wamp\www\91market\Application\Common\Conf\db.php 第 12 行.
INFO: [ app_begin ] --START--
INFO: Run Behavior\ReadHtmlCacheBehavior [ RunTime:0.001001s ]
INFO: [ app_begin ] --END-- [ RunTime:0.003001s ]
INFO: [ view_parse ] --START--
NOTIC: [8] Undefined index: where D:\wamp\www\91market\ThinkPHP\Library\Think\Template\TagLib\Custom.class.php 第 65 行.
NOTIC: [8] Undefined index: attr D:\wamp\www\91market\ThinkPHP\Library\Think\Template\TagLib\Custom.class.php 第 93 行.
NOTIC: [8] Undefined variable: field D:\wamp\www\91market\ThinkPHP\Library\Think\Template\TagLib\Custom.class.php 第 49 行.
INFO: [ template_filter ] --START--
INFO: Run Behavior\ContentReplaceBehavior [ RunTime:0.000500s ]
INFO: [ template_filter ] --END-- [ RunTime:0.000500s ]
SQL: SHOW COLUMNS FROM `think_article` [ RunTime:0.004001s ]
SQL: SELECT * FROM `think_article` WHERE ( status=0 ) ORDER BY id desc LIMIT 5   [ RunTime:0.001500s ]
SQL: SHOW COLUMNS FROM `think_column` [ RunTime:0.005501s ]
SQL: SELECT * FROM `think_column` WHERE `id` = 0 LIMIT 1   [ RunTime:0.000500s ]
INFO: Run Behavior\ParseTemplateBehavior [ RunTime:0.055007s ]
INFO: [ view_parse ] --END-- [ RunTime:0.055507s ]
INFO: [ view_filter ] --START--
INFO: Run Behavior\WriteHtmlCacheBehavior [ RunTime:0.001001s ]
INFO: [ view_filter ] --END-- [ RunTime:0.001001s ]
INFO: [ app_end ] --START--
INFO: Run Behavior\ShowPageTraceBehavior [ RunTime:0.001000s ]
INFO: [ app_end ] --END-- [ RunTime:0.001500s ]

[ 2014-12-25T19:08:39+08:00 ] 127.0.0.1 /91market/
INFO: [ app_init ] --START--
INFO: Run Behavior\BuildLiteBehavior [ RunTime:0.000000s ]
INFO: [ app_init ] --END-- [ RunTime:0.001000s ]
NOTIC: [8] Use of undefined constant ture - assumed 'ture' D:\wamp\www\91market\Application\Common\Conf\db.php 第 12 行.
INFO: [ app_begin ] --START--
INFO: Run Behavior\ReadHtmlCacheBehavior [ RunTime:0.001000s ]
INFO: [ app_begin ] --END-- [ RunTime:0.001500s ]
INFO: [ view_parse ] --START--
NOTIC: [8] Undefined index: where D:\wamp\www\91market\ThinkPHP\Library\Think\Template\TagLib\Custom.class.php 第 63 行.
NOTIC: [8] Undefined index: attr D:\wamp\www\91market\ThinkPHP\Library\Think\Template\TagLib\Custom.class.php 第 91 行.
NOTIC: [8] Undefined variable: field D:\wamp\www\91market\ThinkPHP\Library\Think\Template\TagLib\Custom.class.php 第 48 行.
INFO: [ template_filter ] --START--
INFO: Run Behavior\ContentReplaceBehavior [ RunTime:0.000000s ]
INFO: [ template_filter ] --END-- [ RunTime:0.000000s ]
SQL: SHOW COLUMNS FROM `think_article` [ RunTime:0.007000s ]
SQL: SELECT * FROM `think_article` WHERE ( status=0 ) ORDER BY id desc LIMIT 5   [ RunTime:0.001000s ]
SQL: SHOW COLUMNS FROM `think_column` [ RunTime:0.004500s ]
SQL: SELECT * FROM `think_column` WHERE `id` = 0 LIMIT 1   [ RunTime:0.000500s ]
INFO: Run Behavior\ParseTemplateBehavior [ RunTime:0.051507s ]
INFO: [ view_parse ] --END-- [ RunTime:0.052007s ]
INFO: [ view_filter ] --START--
INFO: Run Behavior\WriteHtmlCacheBehavior [ RunTime:0.001500s ]
INFO: [ view_filter ] --END-- [ RunTime:0.001500s ]
INFO: [ app_end ] --START--
INFO: Run Behavior\ShowPageTraceBehavior [ RunTime:0.001000s ]
INFO: [ app_end ] --END-- [ RunTime:0.002000s ]

[ 2014-12-25T19:11:02+08:00 ] 127.0.0.1 /91market/
INFO: [ app_init ] --START--
INFO: Run Behavior\BuildLiteBehavior [ RunTime:0.000000s ]
INFO: [ app_init ] --END-- [ RunTime:0.000500s ]
NOTIC: [8] Use of undefined constant ture - assumed 'ture' D:\wamp\www\91market\Application\Common\Conf\db.php 第 12 行.
INFO: [ app_begin ] --START--
INFO: Run Behavior\ReadHtmlCacheBehavior [ RunTime:0.001000s ]
INFO: [ app_begin ] --END-- [ RunTime:0.001500s ]
INFO: [ view_parse ] --START--
NOTIC: [8] Undefined index: where D:\wamp\www\91market\ThinkPHP\Library\Think\Template\TagLib\Custom.class.php 第 104 行.
NOTIC: [8] Undefined index: attr D:\wamp\www\91market\ThinkPHP\Library\Think\Template\TagLib\Custom.class.php 第 132 行.
NOTIC: [8] Undefined variable: field D:\wamp\www\91market\ThinkPHP\Library\Think\Template\TagLib\Custom.class.php 第 47 行.
INFO: [ template_filter ] --START--
INFO: Run Behavior\ContentReplaceBehavior [ RunTime:0.000000s ]
INFO: [ template_filter ] --END-- [ RunTime:0.000000s ]
SQL: SHOW COLUMNS FROM `think_article` [ RunTime:0.005001s ]
SQL: SELECT * FROM `think_article` WHERE ( status=0 ) ORDER BY id desc LIMIT 5   [ RunTime:0.001000s ]
SQL: SHOW COLUMNS FROM `think_column` [ RunTime:0.004501s ]
SQL: SELECT * FROM `think_column` WHERE `id` = 0 LIMIT 1   [ RunTime:0.001000s ]
INFO: Run Behavior\ParseTemplateBehavior [ RunTime:0.058007s ]
INFO: [ view_parse ] --END-- [ RunTime:0.058007s ]
INFO: [ view_filter ] --START--
INFO: Run Behavior\WriteHtmlCacheBehavior [ RunTime:0.001000s ]
INFO: [ view_filter ] --END-- [ RunTime:0.001000s ]
INFO: [ app_end ] --START--
INFO: Run Behavior\ShowPageTraceBehavior [ RunTime:0.001000s ]
INFO: [ app_end ] --END-- [ RunTime:0.001500s ]

[ 2014-12-25T19:11:51+08:00 ] 127.0.0.1 /91market/
INFO: [ app_init ] --START--
INFO: Run Behavior\BuildLiteBehavior [ RunTime:0.000000s ]
INFO: [ app_init ] --END-- [ RunTime:0.001500s ]
NOTIC: [8] Use of undefined constant ture - assumed 'ture' D:\wamp\www\91market\Application\Common\Conf\db.php 第 12 行.
INFO: [ app_begin ] --START--
INFO: Run Behavior\ReadHtmlCacheBehavior [ RunTime:0.001500s ]
INFO: [ app_begin ] --END-- [ RunTime:0.002000s ]
INFO: [ view_parse ] --START--
INFO: [ template_filter ] --START--
INFO: Run Behavior\ContentReplaceBehavior [ RunTime:0.000500s ]
INFO: [ template_filter ] --END-- [ RunTime:0.000500s ]
NOTIC: [8] Undefined variable: list2 D:\wamp\www\91market\Application\Runtime\Cache\Home\2a94b8bda04ff446dcedd42276fc99ee.php 第 9 行.

[ 2014-12-25T19:12:11+08:00 ] 127.0.0.1 /91market/
INFO: [ app_init ] --START--
INFO: Run Behavior\BuildLiteBehavior [ RunTime:0.000500s ]
INFO: [ app_init ] --END-- [ RunTime:0.001001s ]
NOTIC: [8] Use of undefined constant ture - assumed 'ture' D:\wamp\www\91market\Application\Common\Conf\db.php 第 12 行.
INFO: [ app_begin ] --START--
INFO: Run Behavior\ReadHtmlCacheBehavior [ RunTime:0.001000s ]
INFO: [ app_begin ] --END-- [ RunTime:0.001000s ]
INFO: [ view_parse ] --START--
INFO: [ template_filter ] --START--
INFO: Run Behavior\ContentReplaceBehavior [ RunTime:0.001501s ]
INFO: [ template_filter ] --END-- [ RunTime:0.001501s ]
NOTIC: [8] Undefined variable: list2 D:\wamp\www\91market\Application\Runtime\Cache\Home\2a94b8bda04ff446dcedd42276fc99ee.php 第 9 行.

[ 2014-12-25T19:12:51+08:00 ] 127.0.0.1 /91market/
INFO: [ app_init ] --START--
INFO: Run Behavior\BuildLiteBehavior [ RunTime:0.000000s ]
INFO: [ app_init ] --END-- [ RunTime:0.000500s ]
NOTIC: [8] Use of undefined constant ture - assumed 'ture' D:\wamp\www\91market\Application\Common\Conf\db.php 第 12 行.
INFO: [ app_begin ] --START--
INFO: Run Behavior\ReadHtmlCacheBehavior [ RunTime:0.002000s ]
INFO: [ app_begin ] --END-- [ RunTime:0.002000s ]
INFO: [ view_parse ] --START--
NOTIC: [8] Undefined variable: attr D:\wamp\www\91market\ThinkPHP\Library\Think\Template\TagLib\Custom.class.php 第 69 行.
NOTIC: [8] Undefined variable: attr D:\wamp\www\91market\ThinkPHP\Library\Think\Template\TagLib\Custom.class.php 第 70 行.
NOTIC: [8] Undefined index: where D:\wamp\www\91market\ThinkPHP\Library\Think\Template\TagLib\Custom.class.php 第 105 行.
NOTIC: [8] Undefined index: attr D:\wamp\www\91market\ThinkPHP\Library\Think\Template\TagLib\Custom.class.php 第 133 行.
SQL: SHOW COLUMNS FROM `think_article` [ RunTime:0.014001s ]
SQL: SELECT * FROM `think_article` WHERE `id` = 0 LIMIT 1   [ RunTime:0.001500s ]

[ 2014-12-25T19:13:24+08:00 ] 127.0.0.1 /91market/
INFO: [ app_init ] --START--
INFO: Run Behavior\BuildLiteBehavior [ RunTime:0.000000s ]
INFO: [ app_init ] --END-- [ RunTime:0.000500s ]
NOTIC: [8] Use of undefined constant ture - assumed 'ture' D:\wamp\www\91market\Application\Common\Conf\db.php 第 12 行.
INFO: [ app_begin ] --START--
INFO: Run Behavior\ReadHtmlCacheBehavior [ RunTime:0.001500s ]
INFO: [ app_begin ] --END-- [ RunTime:0.001500s ]
INFO: [ view_parse ] --START--
NOTIC: [8] Undefined variable: attr D:\wamp\www\91market\ThinkPHP\Library\Think\Template\TagLib\Custom.class.php 第 69 行.
NOTIC: [8] Undefined variable: attr D:\wamp\www\91market\ThinkPHP\Library\Think\Template\TagLib\Custom.class.php 第 70 行.
NOTIC: [8] Undefined index: where D:\wamp\www\91market\ThinkPHP\Library\Think\Template\TagLib\Custom.class.php 第 105 行.
NOTIC: [8] Undefined index: attr D:\wamp\www\91market\ThinkPHP\Library\Think\Template\TagLib\Custom.class.php 第 133 行.

[ 2014-12-25T19:13:40+08:00 ] 127.0.0.1 /91market/
INFO: [ app_init ] --START--
INFO: Run Behavior\BuildLiteBehavior [ RunTime:0.000000s ]
INFO: [ app_init ] --END-- [ RunTime:0.000500s ]
NOTIC: [8] Use of undefined constant ture - assumed 'ture' D:\wamp\www\91market\Application\Common\Conf\db.php 第 12 行.
INFO: [ app_begin ] --START--
INFO: Run Behavior\ReadHtmlCacheBehavior [ RunTime:0.001000s ]
INFO: [ app_begin ] --END-- [ RunTime:0.001500s ]
INFO: [ view_parse ] --START--
NOTIC: [8] Undefined variable: attr D:\wamp\www\91market\ThinkPHP\Library\Think\Template\TagLib\Custom.class.php 第 69 行.
NOTIC: [8] Undefined variable: attr D:\wamp\www\91market\ThinkPHP\Library\Think\Template\TagLib\Custom.class.php 第 70 行.
NOTIC: [8] Undefined index: where D:\wamp\www\91market\ThinkPHP\Library\Think\Template\TagLib\Custom.class.php 第 105 行.
NOTIC: [8] Undefined index: attr D:\wamp\www\91market\ThinkPHP\Library\Think\Template\TagLib\Custom.class.php 第 133 行.

[ 2014-12-25T19:14:08+08:00 ] 127.0.0.1 /91market/
INFO: [ app_init ] --START--
INFO: Run Behavior\BuildLiteBehavior [ RunTime:0.000000s ]
INFO: [ app_init ] --END-- [ RunTime:0.001000s ]
NOTIC: [8] Use of undefined constant ture - assumed 'ture' D:\wamp\www\91market\Application\Common\Conf\db.php 第 12 行.
INFO: [ app_begin ] --START--
INFO: Run Behavior\ReadHtmlCacheBehavior [ RunTime:0.001500s ]
INFO: [ app_begin ] --END-- [ RunTime:0.002500s ]
INFO: [ view_parse ] --START--
NOTIC: [8] Undefined variable: attr D:\wamp\www\91market\ThinkPHP\Library\Think\Template\TagLib\Custom.class.php 第 69 行.
NOTIC: [8] Undefined variable: attr D:\wamp\www\91market\ThinkPHP\Library\Think\Template\TagLib\Custom.class.php 第 70 行.
NOTIC: [8] Undefined index: where D:\wamp\www\91market\ThinkPHP\Library\Think\Template\TagLib\Custom.class.php 第 105 行.
NOTIC: [8] Undefined index: attr D:\wamp\www\91market\ThinkPHP\Library\Think\Template\TagLib\Custom.class.php 第 133 行.

[ 2014-12-25T19:14:52+08:00 ] 127.0.0.1 /91market/
INFO: [ app_init ] --START--
INFO: Run Behavior\BuildLiteBehavior [ RunTime:0.000000s ]
INFO: [ app_init ] --END-- [ RunTime:0.001000s ]
NOTIC: [8] Use of undefined constant ture - assumed 'ture' D:\wamp\www\91market\Application\Common\Conf\db.php 第 12 行.
INFO: [ app_begin ] --START--
INFO: Run Behavior\ReadHtmlCacheBehavior [ RunTime:0.005001s ]
INFO: [ app_begin ] --END-- [ RunTime:0.005001s ]
INFO: [ view_parse ] --START--
NOTIC: [8] Undefined variable: attr D:\wamp\www\91market\ThinkPHP\Library\Think\Template\TagLib\Custom.class.php 第 69 行.
NOTIC: [8] Undefined variable: attr D:\wamp\www\91market\ThinkPHP\Library\Think\Template\TagLib\Custom.class.php 第 70 行.
NOTIC: [8] Undefined index: where D:\wamp\www\91market\ThinkPHP\Library\Think\Template\TagLib\Custom.class.php 第 105 行.
NOTIC: [8] Undefined index: attr D:\wamp\www\91market\ThinkPHP\Library\Think\Template\TagLib\Custom.class.php 第 133 行.

[ 2014-12-25T19:15:03+08:00 ] 127.0.0.1 /91market/
INFO: [ app_init ] --START--
INFO: Run Behavior\BuildLiteBehavior [ RunTime:0.000000s ]
INFO: [ app_init ] --END-- [ RunTime:0.001500s ]
NOTIC: [8] Use of undefined constant ture - assumed 'ture' D:\wamp\www\91market\Application\Common\Conf\db.php 第 12 行.
INFO: [ app_begin ] --START--
INFO: Run Behavior\ReadHtmlCacheBehavior [ RunTime:0.001500s ]
INFO: [ app_begin ] --END-- [ RunTime:0.001500s ]
INFO: [ view_parse ] --START--
NOTIC: [8] Undefined variable: attr D:\wamp\www\91market\ThinkPHP\Library\Think\Template\TagLib\Custom.class.php 第 69 行.
NOTIC: [8] Undefined variable: attr D:\wamp\www\91market\ThinkPHP\Library\Think\Template\TagLib\Custom.class.php 第 70 行.
NOTIC: [8] Undefined index: where D:\wamp\www\91market\ThinkPHP\Library\Think\Template\TagLib\Custom.class.php 第 105 行.
NOTIC: [8] Undefined index: attr D:\wamp\www\91market\ThinkPHP\Library\Think\Template\TagLib\Custom.class.php 第 133 行.

[ 2014-12-25T19:15:20+08:00 ] 127.0.0.1 /91market/
INFO: [ app_init ] --START--
INFO: Run Behavior\BuildLiteBehavior [ RunTime:0.000500s ]
INFO: [ app_init ] --END-- [ RunTime:0.001000s ]
NOTIC: [8] Use of undefined constant ture - assumed 'ture' D:\wamp\www\91market\Application\Common\Conf\db.php 第 12 行.
INFO: [ app_begin ] --START--
INFO: Run Behavior\ReadHtmlCacheBehavior [ RunTime:0.001000s ]
INFO: [ app_begin ] --END-- [ RunTime:0.001500s ]
INFO: [ view_parse ] --START--
NOTIC: [8] Undefined variable: attr D:\wamp\www\91market\ThinkPHP\Library\Think\Template\TagLib\Custom.class.php 第 69 行.
NOTIC: [8] Undefined variable: attr D:\wamp\www\91market\ThinkPHP\Library\Think\Template\TagLib\Custom.class.php 第 70 行.
NOTIC: [8] Undefined index: where D:\wamp\www\91market\ThinkPHP\Library\Think\Template\TagLib\Custom.class.php 第 105 行.
NOTIC: [8] Undefined index: attr D:\wamp\www\91market\ThinkPHP\Library\Think\Template\TagLib\Custom.class.php 第 133 行.

[ 2014-12-25T19:15:26+08:00 ] 127.0.0.1 /91market/
INFO: [ app_init ] --START--
INFO: Run Behavior\BuildLiteBehavior [ RunTime:0.000000s ]
INFO: [ app_init ] --END-- [ RunTime:0.001000s ]
NOTIC: [8] Use of undefined constant ture - assumed 'ture' D:\wamp\www\91market\Application\Common\Conf\db.php 第 12 行.
INFO: [ app_begin ] --START--
INFO: Run Behavior\ReadHtmlCacheBehavior [ RunTime:0.001500s ]
INFO: [ app_begin ] --END-- [ RunTime:0.001500s ]
INFO: [ view_parse ] --START--
NOTIC: [8] Undefined variable: attr D:\wamp\www\91market\ThinkPHP\Library\Think\Template\TagLib\Custom.class.php 第 69 行.
NOTIC: [8] Undefined variable: attr D:\wamp\www\91market\ThinkPHP\Library\Think\Template\TagLib\Custom.class.php 第 70 行.
NOTIC: [8] Undefined index: where D:\wamp\www\91market\ThinkPHP\Library\Think\Template\TagLib\Custom.class.php 第 105 行.
NOTIC: [8] Undefined index: attr D:\wamp\www\91market\ThinkPHP\Library\Think\Template\TagLib\Custom.class.php 第 133 行.

[ 2014-12-25T19:15:57+08:00 ] 127.0.0.1 /91market/
INFO: [ app_init ] --START--
INFO: Run Behavior\BuildLiteBehavior [ RunTime:0.000000s ]
INFO: [ app_init ] --END-- [ RunTime:0.001000s ]
NOTIC: [8] Use of undefined constant ture - assumed 'ture' D:\wamp\www\91market\Application\Common\Conf\db.php 第 12 行.
INFO: [ app_begin ] --START--
INFO: Run Behavior\ReadHtmlCacheBehavior [ RunTime:0.001001s ]
INFO: [ app_begin ] --END-- [ RunTime:0.001501s ]
INFO: [ view_parse ] --START--
NOTIC: [8] Undefined variable: attr D:\wamp\www\91market\ThinkPHP\Library\Think\Template\TagLib\Custom.class.php 第 69 行.
NOTIC: [8] Undefined variable: attr D:\wamp\www\91market\ThinkPHP\Library\Think\Template\TagLib\Custom.class.php 第 70 行.
NOTIC: [8] Undefined index: where D:\wamp\www\91market\ThinkPHP\Library\Think\Template\TagLib\Custom.class.php 第 105 行.
NOTIC: [8] Undefined index: attr D:\wamp\www\91market\ThinkPHP\Library\Think\Template\TagLib\Custom.class.php 第 133 行.

[ 2014-12-25T19:16:12+08:00 ] 127.0.0.1 /91market/
INFO: [ app_init ] --START--
INFO: Run Behavior\BuildLiteBehavior [ RunTime:0.000000s ]
INFO: [ app_init ] --END-- [ RunTime:0.001000s ]
NOTIC: [8] Use of undefined constant ture - assumed 'ture' D:\wamp\www\91market\Application\Common\Conf\db.php 第 12 行.
INFO: [ app_begin ] --START--
INFO: Run Behavior\ReadHtmlCacheBehavior [ RunTime:0.001500s ]
INFO: [ app_begin ] --END-- [ RunTime:0.001500s ]
INFO: [ view_parse ] --START--
NOTIC: [8] Undefined variable: attr D:\wamp\www\91market\ThinkPHP\Library\Think\Template\TagLib\Custom.class.php 第 69 行.
NOTIC: [8] Undefined variable: attr D:\wamp\www\91market\ThinkPHP\Library\Think\Template\TagLib\Custom.class.php 第 70 行.
NOTIC: [8] Undefined index: where D:\wamp\www\91market\ThinkPHP\Library\Think\Template\TagLib\Custom.class.php 第 105 行.
NOTIC: [8] Undefined index: attr D:\wamp\www\91market\ThinkPHP\Library\Think\Template\TagLib\Custom.class.php 第 133 行.

[ 2014-12-25T19:16:49+08:00 ] 127.0.0.1 /91market/
INFO: [ app_init ] --START--
INFO: Run Behavior\BuildLiteBehavior [ RunTime:0.000000s ]
INFO: [ app_init ] --END-- [ RunTime:0.000500s ]
NOTIC: [8] Use of undefined constant ture - assumed 'ture' D:\wamp\www\91market\Application\Common\Conf\db.php 第 12 行.
INFO: [ app_begin ] --START--
INFO: Run Behavior\ReadHtmlCacheBehavior [ RunTime:0.001501s ]
INFO: [ app_begin ] --END-- [ RunTime:0.001501s ]
INFO: [ view_parse ] --START--
NOTIC: [8] Undefined variable: attr D:\wamp\www\91market\ThinkPHP\Library\Think\Template\TagLib\Custom.class.php 第 69 行.
NOTIC: [8] Undefined variable: attr D:\wamp\www\91market\ThinkPHP\Library\Think\Template\TagLib\Custom.class.php 第 70 行.
NOTIC: [8] Undefined index: where D:\wamp\www\91market\ThinkPHP\Library\Think\Template\TagLib\Custom.class.php 第 105 行.
NOTIC: [8] Undefined index: attr D:\wamp\www\91market\ThinkPHP\Library\Think\Template\TagLib\Custom.class.php 第 133 行.

[ 2014-12-25T19:17:32+08:00 ] 127.0.0.1 /91market/
INFO: [ app_init ] --START--
INFO: Run Behavior\BuildLiteBehavior [ RunTime:0.000000s ]
INFO: [ app_init ] --END-- [ RunTime:0.001000s ]
NOTIC: [8] Use of undefined constant ture - assumed 'ture' D:\wamp\www\91market\Application\Common\Conf\db.php 第 12 行.
INFO: [ app_begin ] --START--
INFO: Run Behavior\ReadHtmlCacheBehavior [ RunTime:0.001000s ]
INFO: [ app_begin ] --END-- [ RunTime:0.001500s ]
INFO: [ view_parse ] --START--
NOTIC: [8] Undefined variable: attr D:\wamp\www\91market\ThinkPHP\Library\Think\Template\TagLib\Custom.class.php 第 69 行.
NOTIC: [8] Undefined variable: attr D:\wamp\www\91market\ThinkPHP\Library\Think\Template\TagLib\Custom.class.php 第 70 行.
NOTIC: [8] Undefined index: where D:\wamp\www\91market\ThinkPHP\Library\Think\Template\TagLib\Custom.class.php 第 105 行.
NOTIC: [8] Undefined index: attr D:\wamp\www\91market\ThinkPHP\Library\Think\Template\TagLib\Custom.class.php 第 133 行.

[ 2014-12-25T19:18:21+08:00 ] 127.0.0.1 /91market/
INFO: [ app_init ] --START--
INFO: Run Behavior\BuildLiteBehavior [ RunTime:0.000500s ]
INFO: [ app_init ] --END-- [ RunTime:0.001000s ]
NOTIC: [8] Use of undefined constant ture - assumed 'ture' D:\wamp\www\91market\Application\Common\Conf\db.php 第 12 行.
INFO: [ app_begin ] --START--
INFO: Run Behavior\ReadHtmlCacheBehavior [ RunTime:0.001000s ]
INFO: [ app_begin ] --END-- [ RunTime:0.002000s ]
INFO: [ view_parse ] --START--
NOTIC: [8] Undefined variable: attr D:\wamp\www\91market\ThinkPHP\Library\Think\Template\TagLib\Custom.class.php 第 69 行.
NOTIC: [8] Undefined variable: attr D:\wamp\www\91market\ThinkPHP\Library\Think\Template\TagLib\Custom.class.php 第 70 行.
NOTIC: [8] Undefined index: where D:\wamp\www\91market\ThinkPHP\Library\Think\Template\TagLib\Custom.class.php 第 107 行.
NOTIC: [8] Undefined index: attr D:\wamp\www\91market\ThinkPHP\Library\Think\Template\TagLib\Custom.class.php 第 135 行.

[ 2014-12-25T19:18:28+08:00 ] 127.0.0.1 /91market/
INFO: [ app_init ] --START--
INFO: Run Behavior\BuildLiteBehavior [ RunTime:0.000500s ]
INFO: [ app_init ] --END-- [ RunTime:0.001000s ]
NOTIC: [8] Use of undefined constant ture - assumed 'ture' D:\wamp\www\91market\Application\Common\Conf\db.php 第 12 行.
INFO: [ app_begin ] --START--
INFO: Run Behavior\ReadHtmlCacheBehavior [ RunTime:0.001000s ]
INFO: [ app_begin ] --END-- [ RunTime:0.001500s ]
INFO: [ view_parse ] --START--
NOTIC: [8] Undefined variable: attr D:\wamp\www\91market\ThinkPHP\Library\Think\Template\TagLib\Custom.class.php 第 69 行.
NOTIC: [8] Undefined variable: attr D:\wamp\www\91market\ThinkPHP\Library\Think\Template\TagLib\Custom.class.php 第 70 行.
NOTIC: [8] Undefined index: where D:\wamp\www\91market\ThinkPHP\Library\Think\Template\TagLib\Custom.class.php 第 107 行.
NOTIC: [8] Undefined index: attr D:\wamp\www\91market\ThinkPHP\Library\Think\Template\TagLib\Custom.class.php 第 135 行.

[ 2014-12-25T19:18:33+08:00 ] 127.0.0.1 /91market/
INFO: [ app_init ] --START--
INFO: Run Behavior\BuildLiteBehavior [ RunTime:0.000000s ]
INFO: [ app_init ] --END-- [ RunTime:0.000500s ]
NOTIC: [8] Use of undefined constant ture - assumed 'ture' D:\wamp\www\91market\Application\Common\Conf\db.php 第 12 行.
INFO: [ app_begin ] --START--
INFO: Run Behavior\ReadHtmlCacheBehavior [ RunTime:0.001000s ]
INFO: [ app_begin ] --END-- [ RunTime:0.002000s ]
INFO: [ view_parse ] --START--
NOTIC: [8] Undefined variable: attr D:\wamp\www\91market\ThinkPHP\Library\Think\Template\TagLib\Custom.class.php 第 69 行.
NOTIC: [8] Undefined variable: attr D:\wamp\www\91market\ThinkPHP\Library\Think\Template\TagLib\Custom.class.php 第 70 行.
NOTIC: [8] Undefined index: where D:\wamp\www\91market\ThinkPHP\Library\Think\Template\TagLib\Custom.class.php 第 107 行.
NOTIC: [8] Undefined index: attr D:\wamp\www\91market\ThinkPHP\Library\Think\Template\TagLib\Custom.class.php 第 135 行.
INFO: [ template_filter ] --START--
INFO: Run Behavior\ContentReplaceBehavior [ RunTime:0.000500s ]
INFO: [ template_filter ] --END-- [ RunTime:0.000500s ]
SQL: SHOW COLUMNS FROM `think_article` [ RunTime:0.007001s ]
NOTIC: [2] Missing argument 1 for Think\Model::limit(), called in D:\wamp\www\91market\Application\Runtime\Cache\Home\2a94b8bda04ff446dcedd42276fc99ee.php on line 8 and defined D:\wamp\www\91market\ThinkPHP\Library\Think\Model.class.php 第 1642 行.
NOTIC: [8] Undefined variable: offset D:\wamp\www\91market\ThinkPHP\Library\Think\Model.class.php 第 1643 行.
NOTIC: [8] Undefined variable: offset D:\wamp\www\91market\ThinkPHP\Library\Think\Model.class.php 第 1646 行.
SQL: SELECT * FROM `think_article` WHERE ( status=0 )  [ RunTime:0.001500s ]
SQL: SHOW COLUMNS FROM `think_column` [ RunTime:0.004501s ]
SQL: SELECT * FROM `think_column` WHERE `id` = 0 LIMIT 1   [ RunTime:0.001000s ]

[ 2014-12-25T19:21:43+08:00 ] 127.0.0.1 /91market/
INFO: [ app_init ] --START--
INFO: Run Behavior\BuildLiteBehavior [ RunTime:0.000000s ]
INFO: [ app_init ] --END-- [ RunTime:0.001000s ]
NOTIC: [8] Use of undefined constant ture - assumed 'ture' D:\wamp\www\91market\Application\Common\Conf\db.php 第 12 行.
INFO: [ app_begin ] --START--
INFO: Run Behavior\ReadHtmlCacheBehavior [ RunTime:0.001000s ]
INFO: [ app_begin ] --END-- [ RunTime:0.001000s ]
INFO: [ view_parse ] --START--
NOTIC: [2] Missing argument 2 for Think\Template\TagLib::parseXmlAttr(), called in D:\wamp\www\91market\ThinkPHP\Library\Think\Template\TagLib\Custom.class.php on line 110 and defined D:\wamp\www\91market\ThinkPHP\Library\Think\Template\TagLib.class.php 第 76 行.
NOTIC: [8] Array to string conversion D:\wamp\www\91market\ThinkPHP\Library\Think\Template\TagLib.class.php 第 79 行.
NOTIC: [2] simplexml_load_string(): Entity: line 1: parser error : Specification mandate value for attribute Array D:\wamp\www\91market\ThinkPHP\Library\Think\Template\TagLib.class.php 第 80 行.
NOTIC: [2] simplexml_load_string(): &lt;tpl&gt;&lt;tag Array /&gt;&lt;/tpl&gt; D:\wamp\www\91market\ThinkPHP\Library\Think\Template\TagLib.class.php 第 80 行.
NOTIC: [2] simplexml_load_string():                 ^ D:\wamp\www\91market\ThinkPHP\Library\Think\Template\TagLib.class.php 第 80 行.
NOTIC: [8] Array to string conversion D:\wamp\www\91market\ThinkPHP\Library\Think\Template\TagLib.class.php 第 82 行.
ERR: XML标签语法错误 : Array

[ 2014-12-25T19:21:57+08:00 ] 127.0.0.1 /91market/
INFO: [ app_init ] --START--
INFO: Run Behavior\BuildLiteBehavior [ RunTime:0.000000s ]
INFO: [ app_init ] --END-- [ RunTime:0.001000s ]
NOTIC: [8] Use of undefined constant ture - assumed 'ture' D:\wamp\www\91market\Application\Common\Conf\db.php 第 12 行.
INFO: [ app_begin ] --START--
INFO: Run Behavior\ReadHtmlCacheBehavior [ RunTime:0.001000s ]
INFO: [ app_begin ] --END-- [ RunTime:0.001500s ]
INFO: [ view_parse ] --START--
NOTIC: [8] Undefined index: limit D:\wamp\www\91market\ThinkPHP\Library\Think\Template\TagLib\Custom.class.php 第 114 行.
NOTIC: [8] Undefined index: attr D:\wamp\www\91market\ThinkPHP\Library\Think\Template\TagLib\Custom.class.php 第 162 行.
INFO: [ template_filter ] --START--
INFO: Run Behavior\ContentReplaceBehavior [ RunTime:0.000000s ]
INFO: [ template_filter ] --END-- [ RunTime:0.001501s ]
SQL: SHOW COLUMNS FROM `think_article` [ RunTime:0.005000s ]
SQL: SELECT * FROM `think_article` WHERE ( colunm_id = 26 and status=0 ) LIMIT 1   [ RunTime:0.000000s ]
ERR: 1054:Unknown column 'colunm_id' in 'where clause'
 [ SQL语句 ] : SELECT * FROM `think_article` WHERE ( colunm_id = 26 and status=0 ) LIMIT 1  
SQL: SHOW COLUMNS FROM `think_column` [ RunTime:0.005501s ]
SQL: SELECT * FROM `think_column` WHERE `id` = 0 LIMIT 1   [ RunTime:0.000500s ]
NOTIC: [8] Undefined variable: list1 D:\wamp\www\91market\Application\Runtime\Cache\Home\2a94b8bda04ff446dcedd42276fc99ee.php 第 8 行.

[ 2014-12-25T19:22:13+08:00 ] 127.0.0.1 /91market/
INFO: [ app_init ] --START--
INFO: Run Behavior\BuildLiteBehavior [ RunTime:0.000500s ]
INFO: [ app_init ] --END-- [ RunTime:0.001000s ]
NOTIC: [8] Use of undefined constant ture - assumed 'ture' D:\wamp\www\91market\Application\Common\Conf\db.php 第 12 行.
INFO: [ app_begin ] --START--
INFO: Run Behavior\ReadHtmlCacheBehavior [ RunTime:0.002001s ]
INFO: [ app_begin ] --END-- [ RunTime:0.002001s ]
INFO: [ view_parse ] --START--
NOTIC: [8] Undefined index: limit D:\wamp\www\91market\ThinkPHP\Library\Think\Template\TagLib\Custom.class.php 第 114 行.
NOTIC: [8] Undefined index: attr D:\wamp\www\91market\ThinkPHP\Library\Think\Template\TagLib\Custom.class.php 第 162 行.
INFO: [ template_filter ] --START--
INFO: Run Behavior\ContentReplaceBehavior [ RunTime:0.000000s ]
INFO: [ template_filter ] --END-- [ RunTime:0.000000s ]
SQL: SHOW COLUMNS FROM `think_article` [ RunTime:0.005501s ]
SQL: SELECT * FROM `think_article` WHERE ( colunm_id = 26 and status=0 ) LIMIT 1   [ RunTime:0.000500s ]
ERR: 1054:Unknown column 'colunm_id' in 'where clause'
 [ SQL语句 ] : SELECT * FROM `think_article` WHERE ( colunm_id = 26 and status=0 ) LIMIT 1  
SQL: SHOW COLUMNS FROM `think_column` [ RunTime:0.006001s ]
SQL: SELECT * FROM `think_column` WHERE `id` = 0 LIMIT 1   [ RunTime:0.001000s ]

[ 2014-12-25T19:22:13+08:00 ] 127.0.0.1 /91market/
INFO: [ app_init ] --START--
INFO: Run Behavior\BuildLiteBehavior [ RunTime:0.000000s ]
INFO: [ app_init ] --END-- [ RunTime:0.001000s ]
NOTIC: [8] Use of undefined constant ture - assumed 'ture' D:\wamp\www\91market\Application\Common\Conf\db.php 第 12 行.
INFO: [ app_begin ] --START--
INFO: Run Behavior\ReadHtmlCacheBehavior [ RunTime:0.001001s ]
INFO: [ app_begin ] --END-- [ RunTime:0.001501s ]
INFO: [ view_parse ] --START--
NOTIC: [8] Undefined index: limit D:\wamp\www\91market\ThinkPHP\Library\Think\Template\TagLib\Custom.class.php 第 114 行.
NOTIC: [8] Undefined index: attr D:\wamp\www\91market\ThinkPHP\Library\Think\Template\TagLib\Custom.class.php 第 162 行.
INFO: [ template_filter ] --START--
INFO: Run Behavior\ContentReplaceBehavior [ RunTime:0.000000s ]
INFO: [ template_filter ] --END-- [ RunTime:0.000500s ]
SQL: SHOW COLUMNS FROM `think_article` [ RunTime:0.007000s ]
SQL: SELECT * FROM `think_article` WHERE ( colunm_id = 26 and status=0 ) LIMIT 1   [ RunTime:0.000500s ]
ERR: 1054:Unknown column 'colunm_id' in 'where clause'
 [ SQL语句 ] : SELECT * FROM `think_article` WHERE ( colunm_id = 26 and status=0 ) LIMIT 1  
SQL: SHOW COLUMNS FROM `think_column` [ RunTime:0.005501s ]
SQL: SELECT * FROM `think_column` WHERE `id` = 0 LIMIT 1   [ RunTime:0.002000s ]

[ 2014-12-25T19:22:14+08:00 ] 127.0.0.1 /91market/
INFO: [ app_init ] --START--
INFO: Run Behavior\BuildLiteBehavior [ RunTime:0.000000s ]
INFO: [ app_init ] --END-- [ RunTime:0.000500s ]
NOTIC: [8] Use of undefined constant ture - assumed 'ture' D:\wamp\www\91market\Application\Common\Conf\db.php 第 12 行.
INFO: [ app_begin ] --START--
INFO: Run Behavior\ReadHtmlCacheBehavior [ RunTime:0.002000s ]
INFO: [ app_begin ] --END-- [ RunTime:0.002000s ]
INFO: [ view_parse ] --START--
NOTIC: [8] Undefined index: limit D:\wamp\www\91market\ThinkPHP\Library\Think\Template\TagLib\Custom.class.php 第 114 行.
NOTIC: [8] Undefined index: attr D:\wamp\www\91market\ThinkPHP\Library\Think\Template\TagLib\Custom.class.php 第 162 行.
INFO: [ template_filter ] --START--
INFO: Run Behavior\ContentReplaceBehavior [ RunTime:0.000000s ]
INFO: [ template_filter ] --END-- [ RunTime:0.000500s ]
SQL: SHOW COLUMNS FROM `think_article` [ RunTime:0.006500s ]
SQL: SELECT * FROM `think_article` WHERE ( colunm_id = 26 and status=0 ) LIMIT 1   [ RunTime:0.000500s ]
ERR: 1054:Unknown column 'colunm_id' in 'where clause'
 [ SQL语句 ] : SELECT * FROM `think_article` WHERE ( colunm_id = 26 and status=0 ) LIMIT 1  
SQL: SHOW COLUMNS FROM `think_column` [ RunTime:0.005000s ]
SQL: SELECT * FROM `think_column` WHERE `id` = 0 LIMIT 1   [ RunTime:0.000500s ]

[ 2014-12-25T19:22:48+08:00 ] 127.0.0.1 /91market/
INFO: [ app_init ] --START--
INFO: Run Behavior\BuildLiteBehavior [ RunTime:0.000000s ]
INFO: [ app_init ] --END-- [ RunTime:0.001500s ]
NOTIC: [8] Use of undefined constant ture - assumed 'ture' D:\wamp\www\91market\Application\Common\Conf\db.php 第 12 行.
INFO: [ app_begin ] --START--
INFO: Run Behavior\ReadHtmlCacheBehavior [ RunTime:0.001000s ]
INFO: [ app_begin ] --END-- [ RunTime:0.001500s ]
INFO: [ view_parse ] --START--
NOTIC: [8] Undefined index: limit D:\wamp\www\91market\ThinkPHP\Library\Think\Template\TagLib\Custom.class.php 第 114 行.
NOTIC: [8] Undefined index: attr D:\wamp\www\91market\ThinkPHP\Library\Think\Template\TagLib\Custom.class.php 第 162 行.

[ 2014-12-25T19:24:04+08:00 ] 127.0.0.1 /91market/
INFO: [ app_init ] --START--
INFO: Run Behavior\BuildLiteBehavior [ RunTime:0.000000s ]
INFO: [ app_init ] --END-- [ RunTime:0.001000s ]
NOTIC: [8] Use of undefined constant ture - assumed 'ture' D:\wamp\www\91market\Application\Common\Conf\db.php 第 12 行.
INFO: [ app_begin ] --START--
INFO: Run Behavior\ReadHtmlCacheBehavior [ RunTime:0.001000s ]
INFO: [ app_begin ] --END-- [ RunTime:0.001500s ]
INFO: [ view_parse ] --START--
NOTIC: [8] Undefined index: limit D:\wamp\www\91market\ThinkPHP\Library\Think\Template\TagLib\Custom.class.php 第 114 行.
NOTIC: [8] Undefined index: attr D:\wamp\www\91market\ThinkPHP\Library\Think\Template\TagLib\Custom.class.php 第 166 行.

[ 2014-12-25T19:24:15+08:00 ] 127.0.0.1 /91market/
INFO: [ app_init ] --START--
INFO: Run Behavior\BuildLiteBehavior [ RunTime:0.000000s ]
INFO: [ app_init ] --END-- [ RunTime:0.001000s ]
NOTIC: [8] Use of undefined constant ture - assumed 'ture' D:\wamp\www\91market\Application\Common\Conf\db.php 第 12 行.
INFO: [ app_begin ] --START--
INFO: Run Behavior\ReadHtmlCacheBehavior [ RunTime:0.001500s ]
INFO: [ app_begin ] --END-- [ RunTime:0.001500s ]
INFO: [ view_parse ] --START--
NOTIC: [8] Undefined index: limit D:\wamp\www\91market\ThinkPHP\Library\Think\Template\TagLib\Custom.class.php 第 114 行.
NOTIC: [8] Undefined index: attr D:\wamp\www\91market\ThinkPHP\Library\Think\Template\TagLib\Custom.class.php 第 166 行.

[ 2014-12-25T19:24:17+08:00 ] 127.0.0.1 /91market/
INFO: [ app_init ] --START--
INFO: Run Behavior\BuildLiteBehavior [ RunTime:0.000000s ]
INFO: [ app_init ] --END-- [ RunTime:0.001000s ]
NOTIC: [8] Use of undefined constant ture - assumed 'ture' D:\wamp\www\91market\Application\Common\Conf\db.php 第 12 行.
INFO: [ app_begin ] --START--
INFO: Run Behavior\ReadHtmlCacheBehavior [ RunTime:0.001500s ]
INFO: [ app_begin ] --END-- [ RunTime:0.002000s ]
INFO: [ view_parse ] --START--
NOTIC: [8] Undefined index: limit D:\wamp\www\91market\ThinkPHP\Library\Think\Template\TagLib\Custom.class.php 第 114 行.
NOTIC: [8] Undefined index: attr D:\wamp\www\91market\ThinkPHP\Library\Think\Template\TagLib\Custom.class.php 第 166 行.

[ 2014-12-25T19:24:50+08:00 ] 127.0.0.1 /91market/
INFO: [ app_init ] --START--
INFO: Run Behavior\BuildLiteBehavior [ RunTime:0.000000s ]
INFO: [ app_init ] --END-- [ RunTime:0.001000s ]
NOTIC: [8] Use of undefined constant ture - assumed 'ture' D:\wamp\www\91market\Application\Common\Conf\db.php 第 12 行.
INFO: [ app_begin ] --START--
INFO: Run Behavior\ReadHtmlCacheBehavior [ RunTime:0.001001s ]
INFO: [ app_begin ] --END-- [ RunTime:0.001001s ]
INFO: [ view_parse ] --START--
NOTIC: [8] Undefined index: limit D:\wamp\www\91market\ThinkPHP\Library\Think\Template\TagLib\Custom.class.php 第 114 行.
NOTIC: [8] Undefined index: attr D:\wamp\www\91market\ThinkPHP\Library\Think\Template\TagLib\Custom.class.php 第 166 行.

[ 2014-12-25T19:25:02+08:00 ] 127.0.0.1 /91market/
INFO: [ app_init ] --START--
INFO: Run Behavior\BuildLiteBehavior [ RunTime:0.000000s ]
INFO: [ app_init ] --END-- [ RunTime:0.000500s ]
NOTIC: [8] Use of undefined constant ture - assumed 'ture' D:\wamp\www\91market\Application\Common\Conf\db.php 第 12 行.
INFO: [ app_begin ] --START--
INFO: Run Behavior\ReadHtmlCacheBehavior [ RunTime:0.001000s ]
INFO: [ app_begin ] --END-- [ RunTime:0.002001s ]
INFO: [ view_parse ] --START--
NOTIC: [8] Undefined index: limit D:\wamp\www\91market\ThinkPHP\Library\Think\Template\TagLib\Custom.class.php 第 114 行.
NOTIC: [8] Undefined index: attr D:\wamp\www\91market\ThinkPHP\Library\Think\Template\TagLib\Custom.class.php 第 166 行.

[ 2014-12-25T19:25:08+08:00 ] 127.0.0.1 /91market/
INFO: [ app_init ] --START--
INFO: Run Behavior\BuildLiteBehavior [ RunTime:0.000500s ]
INFO: [ app_init ] --END-- [ RunTime:0.001000s ]
NOTIC: [8] Use of undefined constant ture - assumed 'ture' D:\wamp\www\91market\Application\Common\Conf\db.php 第 12 行.
INFO: [ app_begin ] --START--
INFO: Run Behavior\ReadHtmlCacheBehavior [ RunTime:0.001000s ]
INFO: [ app_begin ] --END-- [ RunTime:0.001000s ]
INFO: [ view_parse ] --START--
NOTIC: [8] Undefined index: limit D:\wamp\www\91market\ThinkPHP\Library\Think\Template\TagLib\Custom.class.php 第 114 行.
NOTIC: [8] Undefined index: attr D:\wamp\www\91market\ThinkPHP\Library\Think\Template\TagLib\Custom.class.php 第 166 行.

[ 2014-12-25T19:25:25+08:00 ] 127.0.0.1 /91market/
INFO: [ app_init ] --START--
INFO: Run Behavior\BuildLiteBehavior [ RunTime:0.000000s ]
INFO: [ app_init ] --END-- [ RunTime:0.000501s ]
NOTIC: [8] Use of undefined constant ture - assumed 'ture' D:\wamp\www\91market\Application\Common\Conf\db.php 第 12 行.
INFO: [ app_begin ] --START--
INFO: Run Behavior\ReadHtmlCacheBehavior [ RunTime:0.001500s ]
INFO: [ app_begin ] --END-- [ RunTime:0.001500s ]
INFO: [ view_parse ] --START--
NOTIC: [8] Undefined index: limit D:\wamp\www\91market\ThinkPHP\Library\Think\Template\TagLib\Custom.class.php 第 114 行.
NOTIC: [8] Undefined index: attr D:\wamp\www\91market\ThinkPHP\Library\Think\Template\TagLib\Custom.class.php 第 166 行.
INFO: [ template_filter ] --START--
INFO: Run Behavior\ContentReplaceBehavior [ RunTime:0.000000s ]
INFO: [ template_filter ] --END-- [ RunTime:0.000500s ]
SQL: SHOW COLUMNS FROM `think_article` [ RunTime:0.006501s ]
SQL: SELECT * FROM `think_article` WHERE ( colunm_id = 26 and status=0 and id = 32 ) LIMIT 1   [ RunTime:0.000000s ]
ERR: 1054:Unknown column 'colunm_id' in 'where clause'
 [ SQL语句 ] : SELECT * FROM `think_article` WHERE ( colunm_id = 26 and status=0 and id = 32 ) LIMIT 1  
SQL: SHOW COLUMNS FROM `think_column` [ RunTime:0.005501s ]
SQL: SELECT * FROM `think_column` WHERE `id` = 32 LIMIT 1   [ RunTime:0.001000s ]

[ 2014-12-25T19:26:05+08:00 ] 127.0.0.1 /91market/
INFO: [ app_init ] --START--
INFO: Run Behavior\BuildLiteBehavior [ RunTime:0.000000s ]
INFO: [ app_init ] --END-- [ RunTime:0.001000s ]
NOTIC: [8] Use of undefined constant ture - assumed 'ture' D:\wamp\www\91market\Application\Common\Conf\db.php 第 12 行.
INFO: [ app_begin ] --START--
INFO: Run Behavior\ReadHtmlCacheBehavior [ RunTime:0.002000s ]
INFO: [ app_begin ] --END-- [ RunTime:0.003000s ]
INFO: [ view_parse ] --START--
NOTIC: [8] Undefined index: limit D:\wamp\www\91market\ThinkPHP\Library\Think\Template\TagLib\Custom.class.php 第 114 行.
NOTIC: [8] Undefined index: attr D:\wamp\www\91market\ThinkPHP\Library\Think\Template\TagLib\Custom.class.php 第 166 行.
INFO: [ template_filter ] --START--
INFO: Run Behavior\ContentReplaceBehavior [ RunTime:0.000500s ]
INFO: [ template_filter ] --END-- [ RunTime:0.000500s ]
SQL: SHOW COLUMNS FROM `think_article` [ RunTime:0.005501s ]
SQL: SELECT * FROM `think_article` WHERE ( column_id = 26 and status=0 and id = 32 ) LIMIT 1   [ RunTime:0.002500s ]
SQL: SHOW COLUMNS FROM `think_column` [ RunTime:0.004500s ]
SQL: SELECT * FROM `think_column` WHERE `id` = 32 LIMIT 1   [ RunTime:0.000500s ]

[ 2014-12-25T19:56:51+08:00 ] 127.0.0.1 /91market/
INFO: [ app_init ] --START--
INFO: Run Behavior\BuildLiteBehavior [ RunTime:0.000500s ]
INFO: [ app_init ] --END-- [ RunTime:0.001000s ]
NOTIC: [8] Use of undefined constant ture - assumed 'ture' D:\wamp\www\91market\Application\Common\Conf\db.php 第 12 行.
INFO: [ app_begin ] --START--
INFO: Run Behavior\ReadHtmlCacheBehavior [ RunTime:0.001001s ]
INFO: [ app_begin ] --END-- [ RunTime:0.001501s ]
INFO: [ view_parse ] --START--
INFO: [ template_filter ] --START--
INFO: Run Behavior\ContentReplaceBehavior [ RunTime:0.000000s ]
INFO: [ template_filter ] --END-- [ RunTime:0.000500s ]
INFO: Run Behavior\ParseTemplateBehavior [ RunTime:0.015502s ]
INFO: [ view_parse ] --END-- [ RunTime:0.016002s ]
INFO: [ view_filter ] --START--
INFO: Run Behavior\WriteHtmlCacheBehavior [ RunTime:0.000500s ]
INFO: [ view_filter ] --END-- [ RunTime:0.001000s ]
INFO: [ app_end ] --START--
INFO: Run Behavior\ShowPageTraceBehavior [ RunTime:0.001000s ]
INFO: [ app_end ] --END-- [ RunTime:0.001500s ]

[ 2014-12-25T19:57:04+08:00 ] 127.0.0.1 /91market/
INFO: [ app_init ] --START--
INFO: Run Behavior\BuildLiteBehavior [ RunTime:0.000000s ]
INFO: [ app_init ] --END-- [ RunTime:0.000500s ]
NOTIC: [8] Use of undefined constant ture - assumed 'ture' D:\wamp\www\91market\Application\Common\Conf\db.php 第 12 行.
INFO: [ app_begin ] --START--
INFO: Run Behavior\ReadHtmlCacheBehavior [ RunTime:0.001501s ]
INFO: [ app_begin ] --END-- [ RunTime:0.001501s ]
INFO: [ view_parse ] --START--
INFO: [ template_filter ] --START--
INFO: Run Behavior\ContentReplaceBehavior [ RunTime:0.000500s ]
INFO: [ template_filter ] --END-- [ RunTime:0.000500s ]
NOTIC: [8] Undefined variable: site D:\wamp\www\91market\Application\Runtime\Cache\Home\2a94b8bda04ff446dcedd42276fc99ee.php 第 9 行.

[ 2014-12-25T19:57:26+08:00 ] 127.0.0.1 /91market/
INFO: [ app_init ] --START--
INFO: Run Behavior\BuildLiteBehavior [ RunTime:0.000000s ]
INFO: [ app_init ] --END-- [ RunTime:0.002000s ]
NOTIC: [8] Use of undefined constant ture - assumed 'ture' D:\wamp\www\91market\Application\Common\Conf\db.php 第 12 行.
INFO: [ app_begin ] --START--
INFO: Run Behavior\ReadHtmlCacheBehavior [ RunTime:0.001000s ]
INFO: [ app_begin ] --END-- [ RunTime:0.001500s ]
INFO: [ view_parse ] --START--
INFO: [ template_filter ] --START--
INFO: Run Behavior\ContentReplaceBehavior [ RunTime:0.000000s ]
INFO: [ template_filter ] --END-- [ RunTime:0.001001s ]
NOTIC: [8] Undefined variable: site D:\wamp\www\91market\Application\Runtime\Cache\Home\2a94b8bda04ff446dcedd42276fc99ee.php 第 9 行.

[ 2014-12-25T20:02:23+08:00 ] 127.0.0.1 /91market/
INFO: [ app_init ] --START--
INFO: Run Behavior\BuildLiteBehavior [ RunTime:0.000500s ]
INFO: [ app_init ] --END-- [ RunTime:0.002000s ]
NOTIC: [8] Use of undefined constant ture - assumed 'ture' D:\wamp\www\91market\Application\Common\Conf\db.php 第 12 行.
INFO: [ app_begin ] --START--
INFO: Run Behavior\ReadHtmlCacheBehavior [ RunTime:0.004501s ]
INFO: [ app_begin ] --END-- [ RunTime:0.008001s ]
INFO: [ view_parse ] --START--
INFO: [ template_filter ] --START--
INFO: Run Behavior\ContentReplaceBehavior [ RunTime:0.000500s ]
INFO: [ template_filter ] --END-- [ RunTime:0.000500s ]
NOTIC: [8] Undefined variable: site D:\wamp\www\91market\Application\Runtime\Cache\Home\2a94b8bda04ff446dcedd42276fc99ee.php 第 9 行.

[ 2014-12-25T20:02:23+08:00 ] 127.0.0.1 /91market/
INFO: [ app_init ] --START--
INFO: Run Behavior\BuildLiteBehavior [ RunTime:0.000501s ]
INFO: [ app_init ] --END-- [ RunTime:0.001001s ]
NOTIC: [8] Use of undefined constant ture - assumed 'ture' D:\wamp\www\91market\Application\Common\Conf\db.php 第 12 行.
INFO: [ app_begin ] --START--
INFO: Run Behavior\ReadHtmlCacheBehavior [ RunTime:0.001000s ]
INFO: [ app_begin ] --END-- [ RunTime:0.001500s ]
INFO: [ view_parse ] --START--
INFO: [ template_filter ] --START--
INFO: Run Behavior\ContentReplaceBehavior [ RunTime:0.000500s ]
INFO: [ template_filter ] --END-- [ RunTime:0.000500s ]
NOTIC: [8] Undefined variable: site D:\wamp\www\91market\Application\Runtime\Cache\Home\2a94b8bda04ff446dcedd42276fc99ee.php 第 9 行.

[ 2014-12-25T20:02:23+08:00 ] 127.0.0.1 /91market/
INFO: [ app_init ] --START--
INFO: Run Behavior\BuildLiteBehavior [ RunTime:0.000000s ]
INFO: [ app_init ] --END-- [ RunTime:0.001000s ]
NOTIC: [8] Use of undefined constant ture - assumed 'ture' D:\wamp\www\91market\Application\Common\Conf\db.php 第 12 行.
INFO: [ app_begin ] --START--
INFO: Run Behavior\ReadHtmlCacheBehavior [ RunTime:0.001500s ]
INFO: [ app_begin ] --END-- [ RunTime:0.002000s ]
INFO: [ view_parse ] --START--
INFO: [ template_filter ] --START--
INFO: Run Behavior\ContentReplaceBehavior [ RunTime:0.000000s ]
INFO: [ template_filter ] --END-- [ RunTime:0.001000s ]
NOTIC: [8] Undefined variable: site D:\wamp\www\91market\Application\Runtime\Cache\Home\2a94b8bda04ff446dcedd42276fc99ee.php 第 9 行.

[ 2014-12-25T20:02:24+08:00 ] 127.0.0.1 /91market/
INFO: [ app_init ] --START--
INFO: Run Behavior\BuildLiteBehavior [ RunTime:0.000000s ]
INFO: [ app_init ] --END-- [ RunTime:0.001500s ]
NOTIC: [8] Use of undefined constant ture - assumed 'ture' D:\wamp\www\91market\Application\Common\Conf\db.php 第 12 行.
INFO: [ app_begin ] --START--
INFO: Run Behavior\ReadHtmlCacheBehavior [ RunTime:0.001000s ]
INFO: [ app_begin ] --END-- [ RunTime:0.001501s ]
INFO: [ view_parse ] --START--
INFO: [ template_filter ] --START--
INFO: Run Behavior\ContentReplaceBehavior [ RunTime:0.000500s ]
INFO: [ template_filter ] --END-- [ RunTime:0.001000s ]
NOTIC: [8] Undefined variable: site D:\wamp\www\91market\Application\Runtime\Cache\Home\2a94b8bda04ff446dcedd42276fc99ee.php 第 9 行.

[ 2014-12-25T20:02:38+08:00 ] 127.0.0.1 /91market/
INFO: [ app_init ] --START--
INFO: Run Behavior\BuildLiteBehavior [ RunTime:0.000000s ]
INFO: [ app_init ] --END-- [ RunTime:0.001000s ]
NOTIC: [8] Use of undefined constant ture - assumed 'ture' D:\wamp\www\91market\Application\Common\Conf\db.php 第 12 行.
INFO: [ app_begin ] --START--
INFO: Run Behavior\ReadHtmlCacheBehavior [ RunTime:0.001000s ]
INFO: [ app_begin ] --END-- [ RunTime:0.001500s ]
INFO: [ view_parse ] --START--
NOTIC: [8] Undefined index: limit D:\wamp\www\91market\ThinkPHP\Library\Think\Template\TagLib\Custom.class.php 第 131 行.
NOTIC: [8] Undefined index: attr D:\wamp\www\91market\ThinkPHP\Library\Think\Template\TagLib\Custom.class.php 第 1015 行.
INFO: [ template_filter ] --START--
INFO: Run Behavior\ContentReplaceBehavior [ RunTime:0.000500s ]
INFO: [ template_filter ] --END-- [ RunTime:0.000500s ]
SQL: SHOW COLUMNS FROM `think_article` [ RunTime:0.006000s ]
SQL: SELECT * FROM `think_article` WHERE ( column_id = 26 and status=0 and id = 32 ) LIMIT 1   [ RunTime:0.000500s ]
SQL: SHOW COLUMNS FROM `think_column` [ RunTime:0.007501s ]
SQL: SELECT * FROM `think_column` WHERE `id` = 32 LIMIT 1   [ RunTime:0.001500s ]

[ 2014-12-25T20:38:27+08:00 ] 127.0.0.1 /91market/
INFO: [ app_init ] --START--
INFO: Run Behavior\BuildLiteBehavior [ RunTime:0.000000s ]
INFO: [ app_init ] --END-- [ RunTime:0.000500s ]
NOTIC: [8] Use of undefined constant ture - assumed 'ture' D:\wamp\www\91market\Application\Common\Conf\db.php 第 12 行.
INFO: [ app_begin ] --START--
INFO: Run Behavior\ReadHtmlCacheBehavior [ RunTime:0.001000s ]
INFO: [ app_begin ] --END-- [ RunTime:0.001500s ]
INFO: [ view_parse ] --START--
INFO: [ template_filter ] --START--
INFO: Run Behavior\ContentReplaceBehavior [ RunTime:0.000500s ]
INFO: [ template_filter ] --END-- [ RunTime:0.000500s ]
SQL: SHOW COLUMNS FROM `think_article` [ RunTime:0.005501s ]
SQL: SELECT * FROM `think_article` WHERE `id` = 1 LIMIT 1   [ RunTime:0.001001s ]
SQL: SHOW COLUMNS FROM `think_column` [ RunTime:0.005000s ]
SQL: SELECT * FROM `think_column` WHERE `id` = 3 LIMIT 1   [ RunTime:0.001501s ]
SQL: SELECT * FROM `think_article` WHERE ( id < 1 and column_id=3 ) ORDER BY id desc LIMIT 1   [ RunTime:0.007500s ]
SQL: SELECT * FROM `think_article` WHERE ( id > 1 and column_id=3 ) ORDER BY id asc LIMIT 1   [ RunTime:0.004000s ]

[ 2014-12-25T20:38:54+08:00 ] 127.0.0.1 /91market/
INFO: [ app_init ] --START--
INFO: Run Behavior\BuildLiteBehavior [ RunTime:0.000501s ]
INFO: [ app_init ] --END-- [ RunTime:0.001001s ]
NOTIC: [8] Use of undefined constant ture - assumed 'ture' D:\wamp\www\91market\Application\Common\Conf\db.php 第 12 行.
INFO: [ app_begin ] --START--
INFO: Run Behavior\ReadHtmlCacheBehavior [ RunTime:0.001000s ]
INFO: [ app_begin ] --END-- [ RunTime:0.001500s ]
INFO: [ view_parse ] --START--
INFO: [ template_filter ] --START--
INFO: Run Behavior\ContentReplaceBehavior [ RunTime:0.000500s ]
INFO: [ template_filter ] --END-- [ RunTime:0.000500s ]
NOTIC: [8] Undefined variable: article D:\wamp\www\91market\Application\Runtime\Cache\Home\2a94b8bda04ff446dcedd42276fc99ee.php 第 9 行.

[ 2014-12-25T20:40:16+08:00 ] 127.0.0.1 /91market/
INFO: [ app_init ] --START--
INFO: Run Behavior\BuildLiteBehavior [ RunTime:0.000000s ]
INFO: [ app_init ] --END-- [ RunTime:0.000500s ]
NOTIC: [8] Use of undefined constant ture - assumed 'ture' D:\wamp\www\91market\Application\Common\Conf\db.php 第 12 行.
INFO: [ app_begin ] --START--
INFO: Run Behavior\ReadHtmlCacheBehavior [ RunTime:0.001000s ]
INFO: [ app_begin ] --END-- [ RunTime:0.001000s ]
INFO: [ view_parse ] --START--
INFO: [ template_filter ] --START--
INFO: Run Behavior\ContentReplaceBehavior [ RunTime:0.000500s ]
INFO: [ template_filter ] --END-- [ RunTime:0.000500s ]
INFO: Run Behavior\ParseTemplateBehavior [ RunTime:0.018002s ]
INFO: [ view_parse ] --END-- [ RunTime:0.018002s ]
INFO: [ view_filter ] --START--
INFO: Run Behavior\WriteHtmlCacheBehavior [ RunTime:0.001001s ]
INFO: [ view_filter ] --END-- [ RunTime:0.001001s ]
INFO: [ app_end ] --START--
INFO: Run Behavior\ShowPageTraceBehavior [ RunTime:0.001000s ]
INFO: [ app_end ] --END-- [ RunTime:0.002000s ]

[ 2014-12-25T20:40:16+08:00 ] 127.0.0.1 /91market/
INFO: [ app_init ] --START--
INFO: Run Behavior\BuildLiteBehavior [ RunTime:0.000000s ]
INFO: [ app_init ] --END-- [ RunTime:0.001000s ]
NOTIC: [8] Use of undefined constant ture - assumed 'ture' D:\wamp\www\91market\Application\Common\Conf\db.php 第 12 行.
INFO: [ app_begin ] --START--
INFO: Run Behavior\ReadHtmlCacheBehavior [ RunTime:0.001000s ]
INFO: [ app_begin ] --END-- [ RunTime:0.001501s ]
INFO: [ view_parse ] --START--
INFO: [ template_filter ] --START--
INFO: Run Behavior\ContentReplaceBehavior [ RunTime:0.001001s ]
INFO: [ template_filter ] --END-- [ RunTime:0.002501s ]
INFO: Run Behavior\ParseTemplateBehavior [ RunTime:0.029504s ]
INFO: [ view_parse ] --END-- [ RunTime:0.030004s ]
INFO: [ view_filter ] --START--
INFO: Run Behavior\WriteHtmlCacheBehavior [ RunTime:0.000500s ]
INFO: [ view_filter ] --END-- [ RunTime:0.001000s ]
INFO: [ app_end ] --START--
INFO: Run Behavior\ShowPageTraceBehavior [ RunTime:0.001000s ]
INFO: [ app_end ] --END-- [ RunTime:0.001500s ]

[ 2014-12-25T20:40:17+08:00 ] 127.0.0.1 /91market/
INFO: [ app_init ] --START--
INFO: Run Behavior\BuildLiteBehavior [ RunTime:0.000000s ]
INFO: [ app_init ] --END-- [ RunTime:0.001000s ]
NOTIC: [8] Use of undefined constant ture - assumed 'ture' D:\wamp\www\91market\Application\Common\Conf\db.php 第 12 行.
INFO: [ app_begin ] --START--
INFO: Run Behavior\ReadHtmlCacheBehavior [ RunTime:0.001500s ]
INFO: [ app_begin ] --END-- [ RunTime:0.001500s ]
INFO: [ view_parse ] --START--
INFO: [ template_filter ] --START--
INFO: Run Behavior\ContentReplaceBehavior [ RunTime:0.000000s ]
INFO: [ template_filter ] --END-- [ RunTime:0.000500s ]
INFO: Run Behavior\ParseTemplateBehavior [ RunTime:0.020502s ]
INFO: [ view_parse ] --END-- [ RunTime:0.020502s ]
INFO: [ view_filter ] --START--
INFO: Run Behavior\WriteHtmlCacheBehavior [ RunTime:0.000500s ]
INFO: [ view_filter ] --END-- [ RunTime:0.001500s ]
INFO: [ app_end ] --START--
INFO: Run Behavior\ShowPageTraceBehavior [ RunTime:0.002001s ]
INFO: [ app_end ] --END-- [ RunTime:0.002501s ]

[ 2014-12-25T20:40:34+08:00 ] 127.0.0.1 /91market/
INFO: [ app_init ] --START--
INFO: Run Behavior\BuildLiteBehavior [ RunTime:0.000500s ]
INFO: [ app_init ] --END-- [ RunTime:0.001000s ]
NOTIC: [8] Use of undefined constant ture - assumed 'ture' D:\wamp\www\91market\Application\Common\Conf\db.php 第 12 行.
INFO: [ app_begin ] --START--
INFO: Run Behavior\ReadHtmlCacheBehavior [ RunTime:0.007501s ]
INFO: [ app_begin ] --END-- [ RunTime:0.008001s ]
INFO: [ view_parse ] --START--
INFO: [ template_filter ] --START--
INFO: Run Behavior\ContentReplaceBehavior [ RunTime:0.000000s ]
INFO: [ template_filter ] --END-- [ RunTime:0.000500s ]
INFO: Run Behavior\ParseTemplateBehavior [ RunTime:0.019502s ]
INFO: [ view_parse ] --END-- [ RunTime:0.019502s ]
INFO: [ view_filter ] --START--
INFO: Run Behavior\WriteHtmlCacheBehavior [ RunTime:0.000500s ]
INFO: [ view_filter ] --END-- [ RunTime:0.001000s ]
INFO: [ app_end ] --START--
INFO: Run Behavior\ShowPageTraceBehavior [ RunTime:0.001000s ]
INFO: [ app_end ] --END-- [ RunTime:0.002000s ]

[ 2014-12-25T20:42:21+08:00 ] 127.0.0.1 /91market/
INFO: [ app_init ] --START--
INFO: Run Behavior\BuildLiteBehavior [ RunTime:0.000000s ]
INFO: [ app_init ] --END-- [ RunTime:0.001000s ]
NOTIC: [8] Use of undefined constant ture - assumed 'ture' D:\wamp\www\91market\Application\Common\Conf\db.php 第 12 行.
INFO: [ app_begin ] --START--
INFO: Run Behavior\ReadHtmlCacheBehavior [ RunTime:0.001001s ]
INFO: [ app_begin ] --END-- [ RunTime:0.001501s ]
INFO: [ view_parse ] --START--
INFO: [ template_filter ] --START--
INFO: Run Behavior\ContentReplaceBehavior [ RunTime:0.000500s ]
INFO: [ template_filter ] --END-- [ RunTime:0.000500s ]
INFO: Run Behavior\ParseTemplateBehavior [ RunTime:0.018502s ]
INFO: [ view_parse ] --END-- [ RunTime:0.018502s ]
INFO: [ view_filter ] --START--
INFO: Run Behavior\WriteHtmlCacheBehavior [ RunTime:0.001501s ]
INFO: [ view_filter ] --END-- [ RunTime:0.001501s ]
INFO: [ app_end ] --START--
INFO: Run Behavior\ShowPageTraceBehavior [ RunTime:0.001500s ]
INFO: [ app_end ] --END-- [ RunTime:0.001500s ]

[ 2014-12-25T20:42:22+08:00 ] 127.0.0.1 /91market/
INFO: [ app_init ] --START--
INFO: Run Behavior\BuildLiteBehavior [ RunTime:0.000000s ]
INFO: [ app_init ] --END-- [ RunTime:0.001000s ]
NOTIC: [8] Use of undefined constant ture - assumed 'ture' D:\wamp\www\91market\Application\Common\Conf\db.php 第 12 行.
INFO: [ app_begin ] --START--
INFO: Run Behavior\ReadHtmlCacheBehavior [ RunTime:0.001000s ]
INFO: [ app_begin ] --END-- [ RunTime:0.001500s ]
INFO: [ view_parse ] --START--
INFO: [ template_filter ] --START--
INFO: Run Behavior\ContentReplaceBehavior [ RunTime:0.000000s ]
INFO: [ template_filter ] --END-- [ RunTime:0.001000s ]
INFO: Run Behavior\ParseTemplateBehavior [ RunTime:0.016002s ]
INFO: [ view_parse ] --END-- [ RunTime:0.016002s ]
INFO: [ view_filter ] --START--
INFO: Run Behavior\WriteHtmlCacheBehavior [ RunTime:0.001000s ]
INFO: [ view_filter ] --END-- [ RunTime:0.001000s ]
INFO: [ app_end ] --START--
INFO: Run Behavior\ShowPageTraceBehavior [ RunTime:0.001500s ]
INFO: [ app_end ] --END-- [ RunTime:0.002000s ]

[ 2014-12-25T20:42:41+08:00 ] 127.0.0.1 /91market/
INFO: [ app_init ] --START--
INFO: Run Behavior\BuildLiteBehavior [ RunTime:0.000000s ]
INFO: [ app_init ] --END-- [ RunTime:0.000500s ]
NOTIC: [8] Use of undefined constant ture - assumed 'ture' D:\wamp\www\91market\Application\Common\Conf\db.php 第 12 行.
INFO: [ app_begin ] --START--
INFO: Run Behavior\ReadHtmlCacheBehavior [ RunTime:0.002501s ]
INFO: [ app_begin ] --END-- [ RunTime:0.003001s ]
INFO: [ view_parse ] --START--
NOTIC: [8] Undefined index: where D:\wamp\www\91market\ThinkPHP\Library\Think\Template\TagLib\Custom.class.php 第 280 行.

[ 2014-12-25T20:42:58+08:00 ] 127.0.0.1 /91market/
INFO: [ app_init ] --START--
INFO: Run Behavior\BuildLiteBehavior [ RunTime:0.000000s ]
INFO: [ app_init ] --END-- [ RunTime:0.000500s ]
NOTIC: [8] Use of undefined constant ture - assumed 'ture' D:\wamp\www\91market\Application\Common\Conf\db.php 第 12 行.
INFO: [ app_begin ] --START--
INFO: Run Behavior\ReadHtmlCacheBehavior [ RunTime:0.001000s ]
INFO: [ app_begin ] --END-- [ RunTime:0.001500s ]
INFO: [ view_parse ] --START--
NOTIC: [8] Undefined index: where D:\wamp\www\91market\ThinkPHP\Library\Think\Template\TagLib\Custom.class.php 第 280 行.
SQL: SHOW COLUMNS FROM `think_banner` [ RunTime:0.007500s ]
SQL: SELECT * FROM `think_banner` WHERE ( status=0 ) LIMIT 2   [ RunTime:0.000500s ]
NOTIC: [8] Undefined variable: image D:\wamp\www\91market\ThinkPHP\Library\Think\Template\TagLib\Custom.class.php 第 315 行.
INFO: [ template_filter ] --START--
INFO: Run Behavior\ContentReplaceBehavior [ RunTime:0.000000s ]
INFO: [ template_filter ] --END-- [ RunTime:0.000500s ]
INFO: Run Behavior\ParseTemplateBehavior [ RunTime:0.066008s ]
INFO: [ view_parse ] --END-- [ RunTime:0.066508s ]
INFO: [ view_filter ] --START--
INFO: Run Behavior\WriteHtmlCacheBehavior [ RunTime:0.001000s ]
INFO: [ view_filter ] --END-- [ RunTime:0.001000s ]
INFO: [ app_end ] --START--
INFO: Run Behavior\ShowPageTraceBehavior [ RunTime:0.001001s ]
INFO: [ app_end ] --END-- [ RunTime:0.001501s ]

