[ 2014-12-21T15:12:56+08:00 ] 127.0.0.1 /91market/admin
INFO: [ app_init ] --START--
INFO: Run Behavior\BuildLiteBehavior [ RunTime:0.000030s ]
INFO: [ app_init ] --END-- [ RunTime:0.000495s ]
NOTIC: [8] Use of undefined constant ture - assumed 'ture' D:\wamp\www\91market\Application\Common\Conf\db.php 第 12 行.
INFO: [ app_begin ] --START--
INFO: Run Behavior\ReadHtmlCacheBehavior [ RunTime:0.000575s ]
INFO: [ app_begin ] --END-- [ RunTime:0.000701s ]
SQL: SHOW COLUMNS FROM `think_model` [ RunTime:0.020713s ]
SQL: SELECT * FROM `think_model` WHERE ( fid=0 )  [ RunTime:0.000465s ]
SQL: SELECT * FROM `think_model` WHERE `fid` = 1 AND `status` = 0 ORDER BY sort asc  [ RunTime:0.000404s ]
SQL: SELECT * FROM `think_model` WHERE `fid` = 8 AND `status` = 0 ORDER BY sort asc  [ RunTime:0.000371s ]
SQL: SHOW COLUMNS FROM `think_site_conf` [ RunTime:0.004205s ]
ERR: 1146:Table 'thinkphp.think_site_conf' doesn't exist
 [ SQL语句 ] : SHOW COLUMNS FROM `think_site_conf`
SQL: SELECT * FROM `think_site_conf` ORDER BY id desc LIMIT 1   [ RunTime:0.000465s ]
ERR: 1146:Table 'thinkphp.think_site_conf' doesn't exist
 [ SQL语句 ] : SELECT * FROM `think_site_conf` ORDER BY id desc LIMIT 1  
SQL: SHOW COLUMNS FROM `think_column` [ RunTime:0.022005s ]
SQL: SELECT * FROM `think_column` WHERE ( type=3 )  [ RunTime:0.000789s ]
SQL: SELECT * FROM `think_column` WHERE `status` = 0 AND `type` < 3 ORDER BY id asc  [ RunTime:0.000810s ]
SQL: SHOW COLUMNS FROM `think_article` [ RunTime:0.013339s ]
SQL: SELECT COUNT(*) AS tp_count FROM `think_article` WHERE `column_id` = 3 LIMIT 1   [ RunTime:0.017679s ]
SQL: SELECT * FROM `think_article` WHERE `column_id` = 3 ORDER BY create_time desc,id desc LIMIT 0,1   [ RunTime:0.000816s ]
INFO: [ view_parse ] --START--
INFO: [ template_filter ] --START--
INFO: Run Behavior\ContentReplaceBehavior [ RunTime:0.000159s ]
INFO: [ template_filter ] --END-- [ RunTime:0.000346s ]
INFO: Run Behavior\ParseTemplateBehavior [ RunTime:0.027832s ]
INFO: [ view_parse ] --END-- [ RunTime:0.028045s ]
INFO: [ view_filter ] --START--
INFO: Run Behavior\WriteHtmlCacheBehavior [ RunTime:0.001318s ]
INFO: [ view_filter ] --END-- [ RunTime:0.001510s ]
INFO: [ app_end ] --START--
INFO: Run Behavior\ShowPageTraceBehavior [ RunTime:0.000997s ]
INFO: [ app_end ] --END-- [ RunTime:0.001177s ]

[ 2014-12-21T15:12:57+08:00 ] 127.0.0.1 /91market/Admin/Index/main
INFO: [ app_init ] --START--
INFO: Run Behavior\BuildLiteBehavior [ RunTime:0.000030s ]
INFO: [ app_init ] --END-- [ RunTime:0.000556s ]
NOTIC: [8] Use of undefined constant ture - assumed 'ture' D:\wamp\www\91market\Application\Common\Conf\db.php 第 12 行.
INFO: [ app_begin ] --START--
INFO: Run Behavior\ReadHtmlCacheBehavior [ RunTime:0.000706s ]
INFO: [ app_begin ] --END-- [ RunTime:0.000838s ]
SQL: SHOW COLUMNS FROM `think_model` [ RunTime:0.004680s ]
SQL: SELECT * FROM `think_model` WHERE ( fid=0 )  [ RunTime:0.000340s ]
SQL: SELECT * FROM `think_model` WHERE `fid` = 1 AND `status` = 0 ORDER BY sort asc  [ RunTime:0.000330s ]
SQL: SELECT * FROM `think_model` WHERE `fid` = 8 AND `status` = 0 ORDER BY sort asc  [ RunTime:0.000256s ]
SQL: SHOW COLUMNS FROM `think_site_conf` [ RunTime:0.004439s ]
ERR: 1146:Table 'thinkphp.think_site_conf' doesn't exist
 [ SQL语句 ] : SHOW COLUMNS FROM `think_site_conf`
SQL: SELECT * FROM `think_site_conf` ORDER BY id desc LIMIT 1   [ RunTime:0.000318s ]
ERR: 1146:Table 'thinkphp.think_site_conf' doesn't exist
 [ SQL语句 ] : SELECT * FROM `think_site_conf` ORDER BY id desc LIMIT 1  
SQL: SHOW COLUMNS FROM `think_column` [ RunTime:0.004496s ]
SQL: SELECT * FROM `think_column` WHERE ( type=3 )  [ RunTime:0.000361s ]
SQL: SELECT * FROM `think_column` WHERE `status` = 0 AND `type` < 3 ORDER BY id asc  [ RunTime:0.000614s ]
INFO: [ view_parse ] --START--
INFO: [ template_filter ] --START--
INFO: Run Behavior\ContentReplaceBehavior [ RunTime:0.000100s ]
INFO: [ template_filter ] --END-- [ RunTime:0.000256s ]
INFO: Run Behavior\ParseTemplateBehavior [ RunTime:0.008905s ]
INFO: [ view_parse ] --END-- [ RunTime:0.009063s ]
INFO: [ view_filter ] --START--
INFO: Run Behavior\WriteHtmlCacheBehavior [ RunTime:0.000390s ]
INFO: [ view_filter ] --END-- [ RunTime:0.000505s ]
INFO: [ app_end ] --START--
INFO: Run Behavior\ShowPageTraceBehavior [ RunTime:0.000669s ]
INFO: [ app_end ] --END-- [ RunTime:0.000786s ]

[ 2014-12-21T15:12:57+08:00 ] 127.0.0.1 /91market/Admin/Index/nav
INFO: [ app_init ] --START--
INFO: Run Behavior\BuildLiteBehavior [ RunTime:0.000034s ]
INFO: [ app_init ] --END-- [ RunTime:0.000634s ]
NOTIC: [8] Use of undefined constant ture - assumed 'ture' D:\wamp\www\91market\Application\Common\Conf\db.php 第 12 行.
INFO: [ app_begin ] --START--
INFO: Run Behavior\ReadHtmlCacheBehavior [ RunTime:0.000902s ]
INFO: [ app_begin ] --END-- [ RunTime:0.001095s ]
SQL: SHOW COLUMNS FROM `think_model` [ RunTime:0.004656s ]
SQL: SELECT * FROM `think_model` WHERE ( fid=0 )  [ RunTime:0.001410s ]
SQL: SELECT * FROM `think_model` WHERE `fid` = 1 AND `status` = 0 ORDER BY sort asc  [ RunTime:0.000428s ]
SQL: SELECT * FROM `think_model` WHERE `fid` = 8 AND `status` = 0 ORDER BY sort asc  [ RunTime:0.000335s ]
SQL: SHOW COLUMNS FROM `think_site_conf` [ RunTime:0.005149s ]
ERR: 1146:Table 'thinkphp.think_site_conf' doesn't exist
 [ SQL语句 ] : SHOW COLUMNS FROM `think_site_conf`
SQL: SELECT * FROM `think_site_conf` ORDER BY id desc LIMIT 1   [ RunTime:0.001507s ]
ERR: 1146:Table 'thinkphp.think_site_conf' doesn't exist
 [ SQL语句 ] : SELECT * FROM `think_site_conf` ORDER BY id desc LIMIT 1  
SQL: SHOW COLUMNS FROM `think_column` [ RunTime:0.005703s ]
SQL: SELECT * FROM `think_column` WHERE ( type=3 )  [ RunTime:0.000817s ]
SQL: SELECT * FROM `think_column` WHERE `status` = 0 AND `type` < 3 ORDER BY id asc  [ RunTime:0.000824s ]
INFO: [ view_parse ] --START--
INFO: [ template_filter ] --START--
INFO: Run Behavior\ContentReplaceBehavior [ RunTime:0.000489s ]
INFO: [ template_filter ] --END-- [ RunTime:0.000655s ]
NOTIC: [8] Use of undefined constant child - assumed 'child' D:\wamp\www\91market\Application\Runtime\Cache\Admin\ba6130f82c917230addff4c9fb123091.php 第 68 行.
NOTIC: [8] Use of undefined constant child - assumed 'child' D:\wamp\www\91market\Application\Runtime\Cache\Admin\ba6130f82c917230addff4c9fb123091.php 第 73 行.
NOTIC: [8] Use of undefined constant child - assumed 'child' D:\wamp\www\91market\Application\Runtime\Cache\Admin\ba6130f82c917230addff4c9fb123091.php 第 73 行.
NOTIC: [8] Use of undefined constant child - assumed 'child' D:\wamp\www\91market\Application\Runtime\Cache\Admin\ba6130f82c917230addff4c9fb123091.php 第 68 行.
NOTIC: [8] Use of undefined constant child - assumed 'child' D:\wamp\www\91market\Application\Runtime\Cache\Admin\ba6130f82c917230addff4c9fb123091.php 第 73 行.
NOTIC: [8] Use of undefined constant child - assumed 'child' D:\wamp\www\91market\Application\Runtime\Cache\Admin\ba6130f82c917230addff4c9fb123091.php 第 73 行.
NOTIC: [8] Use of undefined constant child - assumed 'child' D:\wamp\www\91market\Application\Runtime\Cache\Admin\ba6130f82c917230addff4c9fb123091.php 第 81 行.
NOTIC: [8] Use of undefined constant child - assumed 'child' D:\wamp\www\91market\Application\Runtime\Cache\Admin\ba6130f82c917230addff4c9fb123091.php 第 86 行.
NOTIC: [8] Use of undefined constant child - assumed 'child' D:\wamp\www\91market\Application\Runtime\Cache\Admin\ba6130f82c917230addff4c9fb123091.php 第 86 行.
NOTIC: [8] Use of undefined constant child - assumed 'child' D:\wamp\www\91market\Application\Runtime\Cache\Admin\ba6130f82c917230addff4c9fb123091.php 第 81 行.
NOTIC: [8] Use of undefined constant child - assumed 'child' D:\wamp\www\91market\Application\Runtime\Cache\Admin\ba6130f82c917230addff4c9fb123091.php 第 86 行.
NOTIC: [8] Use of undefined constant child - assumed 'child' D:\wamp\www\91market\Application\Runtime\Cache\Admin\ba6130f82c917230addff4c9fb123091.php 第 86 行.
NOTIC: [8] Use of undefined constant child - assumed 'child' D:\wamp\www\91market\Application\Runtime\Cache\Admin\ba6130f82c917230addff4c9fb123091.php 第 81 行.
NOTIC: [8] Use of undefined constant child - assumed 'child' D:\wamp\www\91market\Application\Runtime\Cache\Admin\ba6130f82c917230addff4c9fb123091.php 第 86 行.
NOTIC: [8] Use of undefined constant child - assumed 'child' D:\wamp\www\91market\Application\Runtime\Cache\Admin\ba6130f82c917230addff4c9fb123091.php 第 86 行.
NOTIC: [8] Use of undefined constant child - assumed 'child' D:\wamp\www\91market\Application\Runtime\Cache\Admin\ba6130f82c917230addff4c9fb123091.php 第 81 行.
NOTIC: [8] Use of undefined constant child - assumed 'child' D:\wamp\www\91market\Application\Runtime\Cache\Admin\ba6130f82c917230addff4c9fb123091.php 第 86 行.
NOTIC: [8] Use of undefined constant child - assumed 'child' D:\wamp\www\91market\Application\Runtime\Cache\Admin\ba6130f82c917230addff4c9fb123091.php 第 86 行.
NOTIC: [8] Use of undefined constant child - assumed 'child' D:\wamp\www\91market\Application\Runtime\Cache\Admin\ba6130f82c917230addff4c9fb123091.php 第 81 行.
NOTIC: [8] Use of undefined constant child - assumed 'child' D:\wamp\www\91market\Application\Runtime\Cache\Admin\ba6130f82c917230addff4c9fb123091.php 第 86 行.
NOTIC: [8] Use of undefined constant child - assumed 'child' D:\wamp\www\91market\Application\Runtime\Cache\Admin\ba6130f82c917230addff4c9fb123091.php 第 86 行.
INFO: Run Behavior\ParseTemplateBehavior [ RunTime:0.049560s ]
INFO: [ view_parse ] --END-- [ RunTime:0.049719s ]
INFO: [ view_filter ] --START--
INFO: Run Behavior\WriteHtmlCacheBehavior [ RunTime:0.000487s ]
INFO: [ view_filter ] --END-- [ RunTime:0.000609s ]
INFO: [ app_end ] --START--
INFO: Run Behavior\ShowPageTraceBehavior [ RunTime:0.000696s ]
INFO: [ app_end ] --END-- [ RunTime:0.000821s ]

[ 2014-12-21T15:12:59+08:00 ] 127.0.0.1 /91market/Admin/Home/adv
INFO: [ app_init ] --START--
INFO: Run Behavior\BuildLiteBehavior [ RunTime:0.000049s ]
INFO: [ app_init ] --END-- [ RunTime:0.000818s ]
NOTIC: [8] Use of undefined constant ture - assumed 'ture' D:\wamp\www\91market\Application\Common\Conf\db.php 第 12 行.
INFO: [ app_begin ] --START--
INFO: Run Behavior\ReadHtmlCacheBehavior [ RunTime:0.000844s ]
INFO: [ app_begin ] --END-- [ RunTime:0.001007s ]
ERR: 无法加载控制器:Home

